{"numFailedTestSuites":0,"numFailedTests":0,"numPassedTestSuites":14,"numPassedTests":64,"numPendingTestSuites":0,"numPendingTests":0,"numRuntimeErrorTestSuites":0,"numTodoTests":0,"numTotalTestSuites":14,"numTotalTests":64,"openHandles":[],"snapshot":{"added":0,"didUpdate":false,"failure":false,"filesAdded":0,"filesRemoved":0,"filesRemovedList":[],"filesUnmatched":0,"filesUpdated":0,"matched":0,"total":0,"unchecked":0,"uncheckedKeysByFile":[],"unmatched":0,"updated":0},"startTime":1772672379697,"success":true,"testResults":[{"assertionResults":[{"ancestorTitles":["RegisterScreen UI Tests"],"duration":1342,"failureDetails":[],"failureMessages":[],"fullName":"RegisterScreen UI Tests renders all input fields correctly","invocations":1,"location":null,"numPassingAsserts":8,"retryReasons":[],"status":"passed","title":"renders all input fields correctly"},{"ancestorTitles":["RegisterScreen UI Tests"],"duration":86,"failureDetails":[],"failureMessages":[],"fullName":"RegisterScreen UI Tests shows error alert if required fields are missing","invocations":1,"location":null,"numPassingAsserts":1,"retryReasons":[],"status":"passed","title":"shows error alert if required fields are missing"},{"ancestorTitles":["RegisterScreen UI Tests"],"duration":224,"failureDetails":[],"failureMessages":[],"fullName":"RegisterScreen UI Tests calls API and shows success alert on valid input","invocations":1,"location":null,"numPassingAsserts":3,"retryReasons":[],"status":"passed","title":"calls API and shows success alert on valid input"}],"endTime":1772672388907,"message":"","name":"C:\\Users\\faruk\\OneDrive\\Masaüstü\\remzi2\\BekoSIRS_Frontend\\__tests__\\register.test.tsx","startTime":1772672383144,"status":"passed","summary":""},{"assertionResults":[{"ancestorTitles":["ForgotPasswordScreen UI Tests"],"duration":1689,"failureDetails":[],"failureMessages":[],"fullName":"ForgotPasswordScreen UI Tests renders all essential UI components","invocations":1,"location":null,"numPassingAsserts":4,"retryReasons":[],"status":"passed","title":"renders all essential UI components"},{"ancestorTitles":["ForgotPasswordScreen UI Tests"],"duration":39,"failureDetails":[],"failureMessages":[],"fullName":"ForgotPasswordScreen UI Tests shows error alert if email is empty","invocations":1,"location":null,"numPassingAsserts":1,"retryReasons":[],"status":"passed","title":"shows error alert if email is empty"},{"ancestorTitles":["ForgotPasswordScreen UI Tests"],"duration":39,"failureDetails":[],"failureMessages":[],"fullName":"ForgotPasswordScreen UI Tests shows error alert if email format is invalid","invocations":1,"location":null,"numPassingAsserts":1,"retryReasons":[],"status":"passed","title":"shows error alert if email format is invalid"},{"ancestorTitles":["ForgotPasswordScreen UI Tests"],"duration":299,"failureDetails":[],"failureMessages":[],"fullName":"ForgotPasswordScreen UI Tests calls API and shows success alert on valid email input","invocations":1,"location":null,"numPassingAsserts":3,"retryReasons":[],"status":"passed","title":"calls API and shows success alert on valid email input"}],"endTime":1772672389416,"message":"","name":"C:\\Users\\faruk\\OneDrive\\Masaüstü\\remzi2\\BekoSIRS_Frontend\\__tests__\\forgot-password.test.tsx","startTime":1772672383136,"status":"passed","summary":""},{"assertionResults":[{"ancestorTitles":["ProductsScreen UI and Logic Tests"],"duration":186,"failureDetails":[],"failureMessages":[],"fullName":"ProductsScreen UI and Logic Tests renders loading state initially","invocations":1,"location":null,"numPassingAsserts":1,"retryReasons":[],"status":"passed","title":"renders loading state initially"},{"ancestorTitles":["ProductsScreen UI and Logic Tests"],"duration":1609,"failureDetails":[],"failureMessages":[],"fullName":"ProductsScreen UI and Logic Tests renders products list after successful API call","invocations":1,"location":null,"numPassingAsserts":4,"retryReasons":[],"status":"passed","title":"renders products list after successful API call"},{"ancestorTitles":["ProductsScreen UI and Logic Tests"],"duration":139,"failureDetails":[],"failureMessages":[],"fullName":"ProductsScreen UI and Logic Tests filters products based on search query","invocations":1,"location":null,"numPassingAsserts":4,"retryReasons":[],"status":"passed","title":"filters products based on search query"},{"ancestorTitles":["ProductsScreen UI and Logic Tests"],"duration":170,"failureDetails":[],"failureMessages":[],"fullName":"ProductsScreen UI and Logic Tests shows empty container if search yields no results","invocations":1,"location":null,"numPassingAsserts":3,"retryReasons":[],"status":"passed","title":"shows empty container if search yields no results"},{"ancestorTitles":["ProductsScreen UI and Logic Tests"],"duration":64,"failureDetails":[],"failureMessages":[],"fullName":"ProductsScreen UI and Logic Tests shows error alert if API call fails","invocations":1,"location":null,"numPassingAsserts":1,"retryReasons":[],"status":"passed","title":"shows error alert if API call fails"}],"endTime":1772672389764,"message":"","name":"C:\\Users\\faruk\\OneDrive\\Masaüstü\\remzi2\\BekoSIRS_Frontend\\__tests__\\products.test.tsx","startTime":1772672383141,"status":"passed","summary":""},{"assertionResults":[{"ancestorTitles":["MyProductsScreen Tests"],"duration":431,"failureDetails":[],"failureMessages":[],"fullName":"MyProductsScreen Tests renders loading state initially","invocations":1,"location":null,"numPassingAsserts":1,"retryReasons":[],"status":"passed","title":"renders loading state initially"},{"ancestorTitles":["MyProductsScreen Tests"],"duration":1924,"failureDetails":[],"failureMessages":[],"fullName":"MyProductsScreen Tests renders both ownerships and assignments correctly","invocations":1,"location":null,"numPassingAsserts":8,"retryReasons":[],"status":"passed","title":"renders both ownerships and assignments correctly"},{"ancestorTitles":["MyProductsScreen Tests"],"duration":73,"failureDetails":[],"failureMessages":[],"fullName":"MyProductsScreen Tests navigates to product details when clicking detail button on ownership","invocations":1,"location":null,"numPassingAsserts":2,"retryReasons":[],"status":"passed","title":"navigates to product details when clicking detail button on ownership"},{"ancestorTitles":["MyProductsScreen Tests"],"duration":137,"failureDetails":[],"failureMessages":[],"fullName":"MyProductsScreen Tests navigates to service requests with correct params when service request button is clicked","invocations":1,"location":null,"numPassingAsserts":2,"retryReasons":[],"status":"passed","title":"navigates to service requests with correct params when service request button is clicked"},{"ancestorTitles":["MyProductsScreen Tests"],"duration":83,"failureDetails":[],"failureMessages":[],"fullName":"MyProductsScreen Tests renders empty state when no products found","invocations":1,"location":null,"numPassingAsserts":3,"retryReasons":[],"status":"passed","title":"renders empty state when no products found"},{"ancestorTitles":["MyProductsScreen Tests"],"duration":65,"failureDetails":[],"failureMessages":[],"fullName":"MyProductsScreen Tests handles API errors gracefully and displays empty state","invocations":1,"location":null,"numPassingAsserts":1,"retryReasons":[],"status":"passed","title":"handles API errors gracefully and displays empty state"}],"endTime":1772672389938,"message":"","name":"C:\\Users\\faruk\\OneDrive\\Masaüstü\\remzi2\\BekoSIRS_Frontend\\__tests__\\my-products.test.tsx","startTime":1772672383161,"status":"passed","summary":""},{"assertionResults":[{"ancestorTitles":["NotificationsScreen Tests"],"duration":275,"failureDetails":[],"failureMessages":[],"fullName":"NotificationsScreen Tests renders loading indicator initially","invocations":1,"location":null,"numPassingAsserts":1,"retryReasons":[],"status":"passed","title":"renders loading indicator initially"},{"ancestorTitles":["NotificationsScreen Tests"],"duration":2037,"failureDetails":[],"failureMessages":[],"fullName":"NotificationsScreen Tests renders notifications and unread badge correctly","invocations":1,"location":null,"numPassingAsserts":8,"retryReasons":[],"status":"passed","title":"renders notifications and unread badge correctly"},{"ancestorTitles":["NotificationsScreen Tests"],"duration":204,"failureDetails":[],"failureMessages":[],"fullName":"NotificationsScreen Tests marks a notification as read when pressed","invocations":1,"location":null,"numPassingAsserts":2,"retryReasons":[],"status":"passed","title":"marks a notification as read when pressed"},{"ancestorTitles":["NotificationsScreen Tests"],"duration":102,"failureDetails":[],"failureMessages":[],"fullName":"NotificationsScreen Tests opens settings and toggles a setting","invocations":1,"location":null,"numPassingAsserts":1,"retryReasons":[],"status":"passed","title":"opens settings and toggles a setting"},{"ancestorTitles":["NotificationsScreen Tests"],"duration":72,"failureDetails":[],"failureMessages":[],"fullName":"NotificationsScreen Tests renders empty state when there are no notifications","invocations":1,"location":null,"numPassingAsserts":2,"retryReasons":[],"status":"passed","title":"renders empty state when there are no notifications"}],"endTime":1772672389965,"message":"","name":"C:\\Users\\faruk\\OneDrive\\Masaüstü\\remzi2\\BekoSIRS_Frontend\\__tests__\\notifications.test.tsx","startTime":1772672383163,"status":"passed","summary":""},{"assertionResults":[{"ancestorTitles":["SettingsScreen Tests"],"duration":1798,"failureDetails":[],"failureMessages":[],"fullName":"SettingsScreen Tests renders security tab by default and shows biometric options","invocations":1,"location":null,"numPassingAsserts":6,"retryReasons":[],"status":"passed","title":"renders security tab by default and shows biometric options"},{"ancestorTitles":["SettingsScreen Tests"],"duration":151,"failureDetails":[],"failureMessages":[],"fullName":"SettingsScreen Tests switches to password tab and renders form","invocations":1,"location":null,"numPassingAsserts":5,"retryReasons":[],"status":"passed","title":"switches to password tab and renders form"},{"ancestorTitles":["SettingsScreen Tests"],"duration":580,"failureDetails":[],"failureMessages":[],"fullName":"SettingsScreen Tests handles password change validation and submit","invocations":1,"location":null,"numPassingAsserts":5,"retryReasons":[],"status":"passed","title":"handles password change validation and submit"},{"ancestorTitles":["SettingsScreen Tests"],"duration":243,"failureDetails":[],"failureMessages":[],"fullName":"SettingsScreen Tests switches to email tab and handles email change","invocations":1,"location":null,"numPassingAsserts":4,"retryReasons":[],"status":"passed","title":"switches to email tab and handles email change"},{"ancestorTitles":["SettingsScreen Tests"],"duration":160,"failureDetails":[],"failureMessages":[],"fullName":"SettingsScreen Tests handles logout process","invocations":1,"location":null,"numPassingAsserts":1,"retryReasons":[],"status":"passed","title":"handles logout process"}],"endTime":1772672390168,"message":"","name":"C:\\Users\\faruk\\OneDrive\\Masaüstü\\remzi2\\BekoSIRS_Frontend\\__tests__\\settings.test.tsx","startTime":1772672383135,"status":"passed","summary":""},{"assertionResults":[{"ancestorTitles":["RecommendationsScreen Tests"],"duration":286,"failureDetails":[],"failureMessages":[],"fullName":"RecommendationsScreen Tests renders loading indicator initially","invocations":1,"location":null,"numPassingAsserts":1,"retryReasons":[],"status":"passed","title":"renders loading indicator initially"},{"ancestorTitles":["RecommendationsScreen Tests"],"duration":2495,"failureDetails":[],"failureMessages":[],"fullName":"RecommendationsScreen Tests renders recommendations correctly","invocations":1,"location":null,"numPassingAsserts":11,"retryReasons":[],"status":"passed","title":"renders recommendations correctly"},{"ancestorTitles":["RecommendationsScreen Tests"],"duration":276,"failureDetails":[],"failureMessages":[],"fullName":"RecommendationsScreen Tests handles \"Add to Wishlist\" successfully","invocations":1,"location":null,"numPassingAsserts":6,"retryReasons":[],"status":"passed","title":"handles \"Add to Wishlist\" successfully"},{"ancestorTitles":["RecommendationsScreen Tests"],"duration":72,"failureDetails":[],"failureMessages":[],"fullName":"RecommendationsScreen Tests navigates to product detail on card click","invocations":1,"location":null,"numPassingAsserts":2,"retryReasons":[],"status":"passed","title":"navigates to product detail on card click"},{"ancestorTitles":["RecommendationsScreen Tests"],"duration":91,"failureDetails":[],"failureMessages":[],"fullName":"RecommendationsScreen Tests renders empty state when no recommendations exist","invocations":1,"location":null,"numPassingAsserts":2,"retryReasons":[],"status":"passed","title":"renders empty state when no recommendations exist"}],"endTime":1772672390467,"message":"","name":"C:\\Users\\faruk\\OneDrive\\Masaüstü\\remzi2\\BekoSIRS_Frontend\\__tests__\\recommendations.test.tsx","startTime":1772672383078,"status":"passed","summary":""},{"assertionResults":[{"ancestorTitles":["ProductDetailScreen Tests"],"duration":265,"failureDetails":[],"failureMessages":[],"fullName":"ProductDetailScreen Tests renders loading state initially","invocations":1,"location":null,"numPassingAsserts":1,"retryReasons":[],"status":"passed","title":"renders loading state initially"},{"ancestorTitles":["ProductDetailScreen Tests"],"duration":2486,"failureDetails":[],"failureMessages":[],"fullName":"ProductDetailScreen Tests renders product details correctly after data fetch","invocations":1,"location":null,"numPassingAsserts":5,"retryReasons":[],"status":"passed","title":"renders product details correctly after data fetch"},{"ancestorTitles":["ProductDetailScreen Tests"],"duration":314,"failureDetails":[],"failureMessages":[],"fullName":"ProductDetailScreen Tests handles wishlist toggle correctly","invocations":1,"location":null,"numPassingAsserts":5,"retryReasons":[],"status":"passed","title":"handles wishlist toggle correctly"},{"ancestorTitles":["ProductDetailScreen Tests"],"duration":60,"failureDetails":[],"failureMessages":[],"fullName":"ProductDetailScreen Tests shows service request button only for owned products","invocations":1,"location":null,"numPassingAsserts":2,"retryReasons":[],"status":"passed","title":"shows service request button only for owned products"},{"ancestorTitles":["ProductDetailScreen Tests"],"duration":91,"failureDetails":[],"failureMessages":[],"fullName":"ProductDetailScreen Tests allows user to submit a review if owned","invocations":1,"location":null,"numPassingAsserts":3,"retryReasons":[],"status":"passed","title":"allows user to submit a review if owned"}],"endTime":1772672390595,"message":"","name":"C:\\Users\\faruk\\OneDrive\\Masaüstü\\remzi2\\BekoSIRS_Frontend\\__tests__\\productDetail.test.tsx","startTime":1772672383107,"status":"passed","summary":""},{"assertionResults":[{"ancestorTitles":["ServiceRequestsScreen Tests"],"duration":275,"failureDetails":[],"failureMessages":[],"fullName":"ServiceRequestsScreen Tests renders loading indicator initially","invocations":1,"location":null,"numPassingAsserts":1,"retryReasons":[],"status":"passed","title":"renders loading indicator initially"},{"ancestorTitles":["ServiceRequestsScreen Tests"],"duration":2827,"failureDetails":[],"failureMessages":[],"fullName":"ServiceRequestsScreen Tests renders service requests list correctly","invocations":1,"location":null,"numPassingAsserts":15,"retryReasons":[],"status":"passed","title":"renders service requests list correctly"},{"ancestorTitles":["ServiceRequestsScreen Tests"],"duration":141,"failureDetails":[],"failureMessages":[],"fullName":"ServiceRequestsScreen Tests opens new request modal when \"Yeni Talep\" is clicked","invocations":1,"location":null,"numPassingAsserts":4,"retryReasons":[],"status":"passed","title":"opens new request modal when \"Yeni Talep\" is clicked"},{"ancestorTitles":["ServiceRequestsScreen Tests"],"duration":66,"failureDetails":[],"failureMessages":[],"fullName":"ServiceRequestsScreen Tests handles empty states correctly","invocations":1,"location":null,"numPassingAsserts":2,"retryReasons":[],"status":"passed","title":"handles empty states correctly"}],"endTime":1772672390627,"message":"","name":"C:\\Users\\faruk\\OneDrive\\Masaüstü\\remzi2\\BekoSIRS_Frontend\\__tests__\\service-requests.test.tsx","startTime":1772672383099,"status":"passed","summary":""},{"assertionResults":[{"ancestorTitles":["PaymentsScreen Tests"],"duration":27,"failureDetails":[],"failureMessages":[],"fullName":"PaymentsScreen Tests renders loading indicator initially","invocations":1,"location":null,"numPassingAsserts":1,"retryReasons":[],"status":"passed","title":"renders loading indicator initially"},{"ancestorTitles":["PaymentsScreen Tests"],"duration":690,"failureDetails":[],"failureMessages":[],"fullName":"PaymentsScreen Tests renders payment plans correctly","invocations":1,"location":null,"numPassingAsserts":8,"retryReasons":[],"status":"passed","title":"renders payment plans correctly"},{"ancestorTitles":["PaymentsScreen Tests"],"duration":165,"failureDetails":[],"failureMessages":[],"fullName":"PaymentsScreen Tests fetches and displays installments when a plan is clicked","invocations":1,"location":null,"numPassingAsserts":7,"retryReasons":[],"status":"passed","title":"fetches and displays installments when a plan is clicked"},{"ancestorTitles":["PaymentsScreen Tests"],"duration":211,"failureDetails":[],"failureMessages":[],"fullName":"PaymentsScreen Tests handles payment confirmation correctly","invocations":1,"location":null,"numPassingAsserts":5,"retryReasons":[],"status":"passed","title":"handles payment confirmation correctly"},{"ancestorTitles":["PaymentsScreen Tests"],"duration":61,"failureDetails":[],"failureMessages":[],"fullName":"PaymentsScreen Tests renders empty state when no plans exist","invocations":1,"location":null,"numPassingAsserts":2,"retryReasons":[],"status":"passed","title":"renders empty state when no plans exist"}],"endTime":1772672391033,"message":"","name":"C:\\Users\\faruk\\OneDrive\\Masaüstü\\remzi2\\BekoSIRS_Frontend\\__tests__\\payments.test.tsx","startTime":1772672389099,"status":"passed","summary":""},{"assertionResults":[{"ancestorTitles":["ProfileScreen Tests"],"duration":304,"failureDetails":[],"failureMessages":[],"fullName":"ProfileScreen Tests renders loading indicator initially","invocations":1,"location":null,"numPassingAsserts":1,"retryReasons":[],"status":"passed","title":"renders loading indicator initially"},{"ancestorTitles":["ProfileScreen Tests"],"duration":12,"failureDetails":[],"failureMessages":[],"fullName":"ProfileScreen Tests redirects to login if not authenticated","invocations":1,"location":null,"numPassingAsserts":1,"retryReasons":[],"status":"passed","title":"redirects to login if not authenticated"},{"ancestorTitles":["ProfileScreen Tests"],"duration":2458,"failureDetails":[],"failureMessages":[],"fullName":"ProfileScreen Tests renders user profile information correctly","invocations":1,"location":null,"numPassingAsserts":8,"retryReasons":[],"status":"passed","title":"renders user profile information correctly"},{"ancestorTitles":["ProfileScreen Tests"],"duration":485,"failureDetails":[],"failureMessages":[],"fullName":"ProfileScreen Tests toggles edit mode and saves profile changes","invocations":1,"location":null,"numPassingAsserts":7,"retryReasons":[],"status":"passed","title":"toggles edit mode and saves profile changes"},{"ancestorTitles":["ProfileScreen Tests"],"duration":395,"failureDetails":[],"failureMessages":[],"fullName":"ProfileScreen Tests validates new passwords correctly when changing password","invocations":1,"location":null,"numPassingAsserts":5,"retryReasons":[],"status":"passed","title":"validates new passwords correctly when changing password"},{"ancestorTitles":["ProfileScreen Tests"],"duration":77,"failureDetails":[],"failureMessages":[],"fullName":"ProfileScreen Tests triggers logout with confirmation","invocations":1,"location":null,"numPassingAsserts":3,"retryReasons":[],"status":"passed","title":"triggers logout with confirmation"}],"endTime":1772672391023,"message":"","name":"C:\\Users\\faruk\\OneDrive\\Masaüstü\\remzi2\\BekoSIRS_Frontend\\__tests__\\profile.test.tsx","startTime":1772672383180,"status":"passed","summary":""},{"assertionResults":[{"ancestorTitles":["LoginScreen UI Tests"],"duration":695,"failureDetails":[],"failureMessages":[],"fullName":"LoginScreen UI Tests renders correctly with all inputs and buttons","invocations":1,"location":null,"numPassingAsserts":5,"retryReasons":[],"status":"passed","title":"renders correctly with all inputs and buttons"},{"ancestorTitles":["LoginScreen UI Tests"],"duration":73,"failureDetails":[],"failureMessages":[],"fullName":"LoginScreen UI Tests allows user to type in username and password fields","invocations":1,"location":null,"numPassingAsserts":2,"retryReasons":[],"status":"passed","title":"allows user to type in username and password fields"}],"endTime":1772672391123,"message":"","name":"C:\\Users\\faruk\\OneDrive\\Masaüstü\\remzi2\\BekoSIRS_Frontend\\__tests__\\login.test.tsx","startTime":1772672389545,"status":"passed","summary":""},{"assertionResults":[{"ancestorTitles":["WishlistScreen Tests"],"duration":26,"failureDetails":[],"failureMessages":[],"fullName":"WishlistScreen Tests renders loading indicator initially","invocations":1,"location":null,"numPassingAsserts":1,"retryReasons":[],"status":"passed","title":"renders loading indicator initially"},{"ancestorTitles":["WishlistScreen Tests"],"duration":494,"failureDetails":[],"failureMessages":[],"fullName":"WishlistScreen Tests renders wishlist items and stock statuses correctly","invocations":1,"location":null,"numPassingAsserts":7,"retryReasons":[],"status":"passed","title":"renders wishlist items and stock statuses correctly"},{"ancestorTitles":["WishlistScreen Tests"],"duration":75,"failureDetails":[],"failureMessages":[],"fullName":"WishlistScreen Tests handles item removal with confirmation alert","invocations":1,"location":null,"numPassingAsserts":1,"retryReasons":[],"status":"passed","title":"handles item removal with confirmation alert"},{"ancestorTitles":["WishlistScreen Tests"],"duration":69,"failureDetails":[],"failureMessages":[],"fullName":"WishlistScreen Tests renders empty state when list is empty","invocations":1,"location":null,"numPassingAsserts":3,"retryReasons":[],"status":"passed","title":"renders empty state when list is empty"}],"endTime":1772672391247,"message":"","name":"C:\\Users\\faruk\\OneDrive\\Masaüstü\\remzi2\\BekoSIRS_Frontend\\__tests__\\wishlist.test.tsx","startTime":1772672389957,"status":"passed","summary":""},{"assertionResults":[{"ancestorTitles":["HomeScreen (Dashboard) Tests"],"duration":196,"failureDetails":[],"failureMessages":[],"fullName":"HomeScreen (Dashboard) Tests renders loading state initially","invocations":1,"location":null,"numPassingAsserts":1,"retryReasons":[],"status":"passed","title":"renders loading state initially"},{"ancestorTitles":["HomeScreen (Dashboard) Tests"],"duration":1668,"failureDetails":[],"failureMessages":[],"fullName":"HomeScreen (Dashboard) Tests renders dashboard with products, categories, and popular products","invocations":1,"location":null,"numPassingAsserts":9,"retryReasons":[],"status":"passed","title":"renders dashboard with products, categories, and popular products"},{"ancestorTitles":["HomeScreen (Dashboard) Tests"],"duration":477,"failureDetails":[],"failureMessages":[],"fullName":"HomeScreen (Dashboard) Tests filters by category chip press","invocations":1,"location":null,"numPassingAsserts":3,"retryReasons":[],"status":"passed","title":"filters by category chip press"},{"ancestorTitles":["HomeScreen (Dashboard) Tests"],"duration":124,"failureDetails":[],"failureMessages":[],"fullName":"HomeScreen (Dashboard) Tests sorts the product list based on sort chips","invocations":1,"location":null,"numPassingAsserts":4,"retryReasons":[],"status":"passed","title":"sorts the product list based on sort chips"},{"ancestorTitles":["HomeScreen (Dashboard) Tests"],"duration":505,"failureDetails":[],"failureMessages":[],"fullName":"HomeScreen (Dashboard) Tests searches for a product via TextInput","invocations":1,"location":null,"numPassingAsserts":3,"retryReasons":[],"status":"passed","title":"searches for a product via TextInput"}],"endTime":1772672391418,"message":"","name":"C:\\Users\\faruk\\OneDrive\\Masaüstü\\remzi2\\BekoSIRS_Frontend\\__tests__\\dashboard.test.tsx","startTime":1772672383064,"status":"passed","summary":""}],"wasInterrupted":false}
