{"numFailedTestSuites":5,"numFailedTests":12,"numPassedTestSuites":9,"numPassedTests":52,"numPendingTestSuites":0,"numPendingTests":0,"numRuntimeErrorTestSuites":0,"numTodoTests":0,"numTotalTestSuites":14,"numTotalTests":64,"openHandles":[],"snapshot":{"added":0,"didUpdate":false,"failure":false,"filesAdded":0,"filesRemoved":0,"filesRemovedList":[],"filesUnmatched":0,"filesUpdated":0,"matched":0,"total":0,"unchecked":0,"uncheckedKeysByFile":[],"unmatched":0,"updated":0},"startTime":1772671871976,"success":false,"testResults":[{"assertionResults":[{"ancestorTitles":["MyProductsScreen Tests"],"duration":475,"failureDetails":[],"failureMessages":[],"fullName":"MyProductsScreen Tests renders loading state initially","invocations":1,"location":null,"numPassingAsserts":1,"retryReasons":[],"status":"passed","title":"renders loading state initially"},{"ancestorTitles":["MyProductsScreen Tests"],"duration":1382,"failureDetails":[],"failureMessages":[],"fullName":"MyProductsScreen Tests renders both ownerships and assignments correctly","invocations":1,"location":null,"numPassingAsserts":8,"retryReasons":[],"status":"passed","title":"renders both ownerships and assignments correctly"},{"ancestorTitles":["MyProductsScreen Tests"],"duration":136,"failureDetails":[],"failureMessages":[],"fullName":"MyProductsScreen Tests navigates to product details when clicking detail button on ownership","invocations":1,"location":null,"numPassingAsserts":2,"retryReasons":[],"status":"passed","title":"navigates to product details when clicking detail button on ownership"},{"ancestorTitles":["MyProductsScreen Tests"],"duration":65,"failureDetails":[],"failureMessages":[],"fullName":"MyProductsScreen Tests navigates to service requests with correct params when service request button is clicked","invocations":1,"location":null,"numPassingAsserts":2,"retryReasons":[],"status":"passed","title":"navigates to service requests with correct params when service request button is clicked"},{"ancestorTitles":["MyProductsScreen Tests"],"duration":78,"failureDetails":[],"failureMessages":[],"fullName":"MyProductsScreen Tests renders empty state when no products found","invocations":1,"location":null,"numPassingAsserts":3,"retryReasons":[],"status":"passed","title":"renders empty state when no products found"},{"ancestorTitles":["MyProductsScreen Tests"],"duration":78,"failureDetails":[],"failureMessages":[],"fullName":"MyProductsScreen Tests handles API errors gracefully and displays empty state","invocations":1,"location":null,"numPassingAsserts":1,"retryReasons":[],"status":"passed","title":"handles API errors gracefully and displays empty state"}],"endTime":1772671879203,"message":"","name":"C:\\Users\\faruk\\OneDrive\\Masaüstü\\remzi2\\BekoSIRS_Frontend\\__tests__\\my-products.test.tsx","startTime":1772671874343,"status":"passed","summary":""},{"assertionResults":[{"ancestorTitles":["NotificationsScreen Tests"],"duration":381,"failureDetails":[],"failureMessages":[],"fullName":"NotificationsScreen Tests renders loading indicator initially","invocations":1,"location":null,"numPassingAsserts":1,"retryReasons":[],"status":"passed","title":"renders loading indicator initially"},{"ancestorTitles":["NotificationsScreen Tests"],"duration":1446,"failureDetails":[],"failureMessages":[],"fullName":"NotificationsScreen Tests renders notifications and unread badge correctly","invocations":1,"location":null,"numPassingAsserts":8,"retryReasons":[],"status":"passed","title":"renders notifications and unread badge correctly"},{"ancestorTitles":["NotificationsScreen Tests"],"duration":207,"failureDetails":[],"failureMessages":[],"fullName":"NotificationsScreen Tests marks a notification as read when pressed","invocations":1,"location":null,"numPassingAsserts":2,"retryReasons":[],"status":"passed","title":"marks a notification as read when pressed"},{"ancestorTitles":["NotificationsScreen Tests"],"duration":72,"failureDetails":[],"failureMessages":[],"fullName":"NotificationsScreen Tests opens settings and toggles a setting","invocations":1,"location":null,"numPassingAsserts":1,"retryReasons":[],"status":"passed","title":"opens settings and toggles a setting"},{"ancestorTitles":["NotificationsScreen Tests"],"duration":78,"failureDetails":[],"failureMessages":[],"fullName":"NotificationsScreen Tests renders empty state when there are no notifications","invocations":1,"location":null,"numPassingAsserts":2,"retryReasons":[],"status":"passed","title":"renders empty state when there are no notifications"}],"endTime":1772671879294,"message":"","name":"C:\\Users\\faruk\\OneDrive\\Masaüstü\\remzi2\\BekoSIRS_Frontend\\__tests__\\notifications.test.tsx","startTime":1772671874385,"status":"passed","summary":""},{"assertionResults":[{"ancestorTitles":["RecommendationsScreen Tests"],"duration":259,"failureDetails":[],"failureMessages":[],"fullName":"RecommendationsScreen Tests renders loading indicator initially","invocations":1,"location":null,"numPassingAsserts":1,"retryReasons":[],"status":"passed","title":"renders loading indicator initially"},{"ancestorTitles":["RecommendationsScreen Tests"],"duration":1760,"failureDetails":[],"failureMessages":[],"fullName":"RecommendationsScreen Tests renders recommendations correctly","invocations":1,"location":null,"numPassingAsserts":11,"retryReasons":[],"status":"passed","title":"renders recommendations correctly"},{"ancestorTitles":["RecommendationsScreen Tests"],"duration":371,"failureDetails":[],"failureMessages":[],"fullName":"RecommendationsScreen Tests handles \"Add to Wishlist\" successfully","invocations":1,"location":null,"numPassingAsserts":6,"retryReasons":[],"status":"passed","title":"handles \"Add to Wishlist\" successfully"},{"ancestorTitles":["RecommendationsScreen Tests"],"duration":85,"failureDetails":[],"failureMessages":[],"fullName":"RecommendationsScreen Tests navigates to product detail on card click","invocations":1,"location":null,"numPassingAsserts":2,"retryReasons":[],"status":"passed","title":"navigates to product detail on card click"},{"ancestorTitles":["RecommendationsScreen Tests"],"duration":81,"failureDetails":[],"failureMessages":[],"fullName":"RecommendationsScreen Tests renders empty state when no recommendations exist","invocations":1,"location":null,"numPassingAsserts":2,"retryReasons":[],"status":"passed","title":"renders empty state when no recommendations exist"}],"endTime":1772671879454,"message":"","name":"C:\\Users\\faruk\\OneDrive\\Masaüstü\\remzi2\\BekoSIRS_Frontend\\__tests__\\recommendations.test.tsx","startTime":1772671874312,"status":"passed","summary":""},{"assertionResults":[{"ancestorTitles":["ProductDetailScreen Tests"],"duration":238,"failureDetails":[],"failureMessages":[],"fullName":"ProductDetailScreen Tests renders loading state initially","invocations":1,"location":null,"numPassingAsserts":1,"retryReasons":[],"status":"passed","title":"renders loading state initially"},{"ancestorTitles":["ProductDetailScreen Tests"],"duration":2117,"failureDetails":[],"failureMessages":[],"fullName":"ProductDetailScreen Tests renders product details correctly after data fetch","invocations":1,"location":null,"numPassingAsserts":5,"retryReasons":[],"status":"passed","title":"renders product details correctly after data fetch"},{"ancestorTitles":["ProductDetailScreen Tests"],"duration":353,"failureDetails":[],"failureMessages":[],"fullName":"ProductDetailScreen Tests handles wishlist toggle correctly","invocations":1,"location":null,"numPassingAsserts":5,"retryReasons":[],"status":"passed","title":"handles wishlist toggle correctly"},{"ancestorTitles":["ProductDetailScreen Tests"],"duration":96,"failureDetails":[],"failureMessages":[],"fullName":"ProductDetailScreen Tests shows service request button only for owned products","invocations":1,"location":null,"numPassingAsserts":2,"retryReasons":[],"status":"passed","title":"shows service request button only for owned products"},{"ancestorTitles":["ProductDetailScreen Tests"],"duration":128,"failureDetails":[],"failureMessages":[],"fullName":"ProductDetailScreen Tests allows user to submit a review if owned","invocations":1,"location":null,"numPassingAsserts":3,"retryReasons":[],"status":"passed","title":"allows user to submit a review if owned"}],"endTime":1772671879963,"message":"","name":"C:\\Users\\faruk\\OneDrive\\Masaüstü\\remzi2\\BekoSIRS_Frontend\\__tests__\\productDetail.test.tsx","startTime":1772671874307,"status":"passed","summary":""},{"assertionResults":[{"ancestorTitles":["ServiceRequestsScreen Tests"],"duration":220,"failureDetails":[],"failureMessages":[],"fullName":"ServiceRequestsScreen Tests renders loading indicator initially","invocations":1,"location":null,"numPassingAsserts":1,"retryReasons":[],"status":"passed","title":"renders loading indicator initially"},{"ancestorTitles":["ServiceRequestsScreen Tests"],"duration":2641,"failureDetails":[],"failureMessages":[],"fullName":"ServiceRequestsScreen Tests renders service requests list correctly","invocations":1,"location":null,"numPassingAsserts":15,"retryReasons":[],"status":"passed","title":"renders service requests list correctly"},{"ancestorTitles":["ServiceRequestsScreen Tests"],"duration":136,"failureDetails":[],"failureMessages":[],"fullName":"ServiceRequestsScreen Tests opens new request modal when \"Yeni Talep\" is clicked","invocations":1,"location":null,"numPassingAsserts":4,"retryReasons":[],"status":"passed","title":"opens new request modal when \"Yeni Talep\" is clicked"},{"ancestorTitles":["ServiceRequestsScreen Tests"],"duration":63,"failureDetails":[],"failureMessages":[],"fullName":"ServiceRequestsScreen Tests handles empty states correctly","invocations":1,"location":null,"numPassingAsserts":2,"retryReasons":[],"status":"passed","title":"handles empty states correctly"}],"endTime":1772671880103,"message":"","name":"C:\\Users\\faruk\\OneDrive\\Masaüstü\\remzi2\\BekoSIRS_Frontend\\__tests__\\service-requests.test.tsx","startTime":1772671874309,"status":"passed","summary":""},{"assertionResults":[{"ancestorTitles":["RegisterScreen UI Tests"],"duration":1329,"failureDetails":[],"failureMessages":[],"fullName":"RegisterScreen UI Tests renders all input fields correctly","invocations":1,"location":null,"numPassingAsserts":8,"retryReasons":[],"status":"passed","title":"renders all input fields correctly"},{"ancestorTitles":["RegisterScreen UI Tests"],"duration":56,"failureDetails":[],"failureMessages":[],"fullName":"RegisterScreen UI Tests shows error alert if required fields are missing","invocations":1,"location":null,"numPassingAsserts":1,"retryReasons":[],"status":"passed","title":"shows error alert if required fields are missing"},{"ancestorTitles":["RegisterScreen UI Tests"],"duration":1106,"failureDetails":[{"matcherResult":{"message":"\u001b[2mexpect(\u001b[22m\u001b[31mjest.fn()\u001b[39m\u001b[2m).\u001b[22mtoHaveBeenCalledWith\u001b[2m(\u001b[22m\u001b[32m...expected\u001b[39m\u001b[2m)\u001b[22m\n\nExpected: \u001b[32m\"/api/v1/users/\"\u001b[39m, \u001b[32m{\"email\": \"test@test.com\", \"first_name\": \"\", \"last_name\": \"\", \"password\": \"password123\", \"role\": \"customer\", \"username\": \"newuser\"}\u001b[39m\n\nNumber of calls: \u001b[31m0\u001b[39m","pass":false}}],"failureMessages":["Error: \u001b[2mexpect(\u001b[22m\u001b[31mjest.fn()\u001b[39m\u001b[2m).\u001b[22mtoHaveBeenCalledWith\u001b[2m(\u001b[22m\u001b[32m...expected\u001b[39m\u001b[2m)\u001b[22m\n\nExpected: \u001b[32m\"/api/v1/users/\"\u001b[39m, \u001b[32m{\"email\": \"test@test.com\", \"first_name\": \"\", \"last_name\": \"\", \"password\": \"password123\", \"role\": \"customer\", \"username\": \"newuser\"}\u001b[39m\n\nNumber of calls: \u001b[31m0\u001b[39m\n    at Object.<anonymous> (C:\\Users\\faruk\\OneDrive\\Masaüstü\\remzi2\\BekoSIRS_Frontend\\__tests__\\register.test.tsx:64:22)\n    at Generator.next (<anonymous>)\n    at asyncGeneratorStep (C:\\Users\\faruk\\OneDrive\\Masaüstü\\remzi2\\BekoSIRS_Frontend\\node_modules\\@babel\\runtime\\helpers\\asyncToGenerator.js:3:17)\n    at _next (C:\\Users\\faruk\\OneDrive\\Masaüstü\\remzi2\\BekoSIRS_Frontend\\node_modules\\@babel\\runtime\\helpers\\asyncToGenerator.js:17:9)\n    at C:\\Users\\faruk\\OneDrive\\Masaüstü\\remzi2\\BekoSIRS_Frontend\\node_modules\\@babel\\runtime\\helpers\\asyncToGenerator.js:22:7\n    at new Promise (<anonymous>)\n    at Object.<anonymous> (C:\\Users\\faruk\\OneDrive\\Masaüstü\\remzi2\\BekoSIRS_Frontend\\node_modules\\@babel\\runtime\\helpers\\asyncToGenerator.js:14:12)\n    at Promise.then.completed (C:\\Users\\faruk\\OneDrive\\Masaüstü\\remzi2\\BekoSIRS_Frontend\\node_modules\\jest-circus\\build\\utils.js:298:28)\n    at new Promise (<anonymous>)\n    at callAsyncCircusFn (C:\\Users\\faruk\\OneDrive\\Masaüstü\\remzi2\\BekoSIRS_Frontend\\node_modules\\jest-circus\\build\\utils.js:231:10)\n    at _callCircusTest (C:\\Users\\faruk\\OneDrive\\Masaüstü\\remzi2\\BekoSIRS_Frontend\\node_modules\\jest-circus\\build\\run.js:316:40)\n    at _runTest (C:\\Users\\faruk\\OneDrive\\Masaüstü\\remzi2\\BekoSIRS_Frontend\\node_modules\\jest-circus\\build\\run.js:252:3)\n    at _runTestsForDescribeBlock (C:\\Users\\faruk\\OneDrive\\Masaüstü\\remzi2\\BekoSIRS_Frontend\\node_modules\\jest-circus\\build\\run.js:126:9)\n    at _runTestsForDescribeBlock (C:\\Users\\faruk\\OneDrive\\Masaüstü\\remzi2\\BekoSIRS_Frontend\\node_modules\\jest-circus\\build\\run.js:121:9)\n    at run (C:\\Users\\faruk\\OneDrive\\Masaüstü\\remzi2\\BekoSIRS_Frontend\\node_modules\\jest-circus\\build\\run.js:71:3)\n    at runAndTransformResultsToJestFormat (C:\\Users\\faruk\\OneDrive\\Masaüstü\\remzi2\\BekoSIRS_Frontend\\node_modules\\jest-circus\\build\\legacy-code-todo-rewrite\\jestAdapterInit.js:122:21)\n    at jestAdapter (C:\\Users\\faruk\\OneDrive\\Masaüstü\\remzi2\\BekoSIRS_Frontend\\node_modules\\jest-circus\\build\\legacy-code-todo-rewrite\\jestAdapter.js:79:19)\n    at runTestInternal (C:\\Users\\faruk\\OneDrive\\Masaüstü\\remzi2\\BekoSIRS_Frontend\\node_modules\\jest-runner\\build\\runTest.js:367:16)\n    at runTest (C:\\Users\\faruk\\OneDrive\\Masaüstü\\remzi2\\BekoSIRS_Frontend\\node_modules\\jest-runner\\build\\runTest.js:444:34)\n    at Object.worker (C:\\Users\\faruk\\OneDrive\\Masaüstü\\remzi2\\BekoSIRS_Frontend\\node_modules\\jest-runner\\build\\testWorker.js:106:12)"],"fullName":"RegisterScreen UI Tests calls API and shows success alert on valid input","invocations":1,"location":null,"numPassingAsserts":0,"retryReasons":[],"status":"failed","title":"calls API and shows success alert on valid input"}],"endTime":1772671880381,"message":"\u001b[1m\u001b[31m  \u001b[1m● \u001b[22m\u001b[1mRegisterScreen UI Tests › calls API and shows success alert on valid input\u001b[39m\u001b[22m\n\n    \u001b[2mexpect(\u001b[22m\u001b[31mjest.fn()\u001b[39m\u001b[2m).\u001b[22mtoHaveBeenCalledWith\u001b[2m(\u001b[22m\u001b[32m...expected\u001b[39m\u001b[2m)\u001b[22m\n\n    Expected: \u001b[32m\"/api/v1/users/\"\u001b[39m, \u001b[32m{\"email\": \"test@test.com\", \"first_name\": \"\", \"last_name\": \"\", \"password\": \"password123\", \"role\": \"customer\", \"username\": \"newuser\"}\u001b[39m\n\n    Number of calls: \u001b[31m0\u001b[39m\n\u001b[2m\u001b[22m\n\u001b[2m    \u001b[0m \u001b[90m 62 |\u001b[39m         fireEvent\u001b[33m.\u001b[39mpress(getByText(\u001b[32m'Kayıt Ol'\u001b[39m))\u001b[33m;\u001b[39m\u001b[22m\n\u001b[2m     \u001b[90m 63 |\u001b[39m\u001b[22m\n\u001b[2m    \u001b[31m\u001b[1m>\u001b[22m\u001b[2m\u001b[39m\u001b[90m 64 |\u001b[39m         \u001b[36mawait\u001b[39m waitFor(() \u001b[33m=>\u001b[39m {\u001b[22m\n\u001b[2m     \u001b[90m    |\u001b[39m                      \u001b[31m\u001b[1m^\u001b[22m\u001b[2m\u001b[39m\u001b[22m\n\u001b[2m     \u001b[90m 65 |\u001b[39m             expect(api\u001b[33m.\u001b[39mpost)\u001b[33m.\u001b[39mtoHaveBeenCalledWith(\u001b[32m'/api/v1/users/'\u001b[39m\u001b[33m,\u001b[39m {\u001b[22m\n\u001b[2m     \u001b[90m 66 |\u001b[39m                 username\u001b[33m:\u001b[39m \u001b[32m'newuser'\u001b[39m\u001b[33m,\u001b[39m\u001b[22m\n\u001b[2m     \u001b[90m 67 |\u001b[39m                 email\u001b[33m:\u001b[39m \u001b[32m'test@test.com'\u001b[39m\u001b[33m,\u001b[39m\u001b[0m\u001b[22m\n\u001b[2m\u001b[22m\n\u001b[2m      \u001b[2mat Object.<anonymous> (\u001b[22m\u001b[2m\u001b[0m\u001b[36m__tests__/register.test.tsx\u001b[39m\u001b[0m\u001b[2m:64:22)\u001b[22m\u001b[2m\u001b[22m\n\u001b[2m      \u001b[2mat asyncGeneratorStep (\u001b[22m\u001b[2mnode_modules/@babel/runtime/helpers/asyncToGenerator.js\u001b[2m:3:17)\u001b[22m\u001b[2m\u001b[22m\n\u001b[2m      \u001b[2mat _next (\u001b[22m\u001b[2mnode_modules/@babel/runtime/helpers/asyncToGenerator.js\u001b[2m:17:9)\u001b[22m\u001b[2m\u001b[22m\n\u001b[2m      \u001b[2mat \u001b[22m\u001b[2mnode_modules/@babel/runtime/helpers/asyncToGenerator.js\u001b[2m:22:7\u001b[22m\u001b[2m\u001b[22m\n\u001b[2m      \u001b[2mat Object.<anonymous> (\u001b[22m\u001b[2mnode_modules/@babel/runtime/helpers/asyncToGenerator.js\u001b[2m:14:12)\u001b[22m\u001b[2m\u001b[22m\n","name":"C:\\Users\\faruk\\OneDrive\\Masaüstü\\remzi2\\BekoSIRS_Frontend\\__tests__\\register.test.tsx","startTime":1772671874343,"status":"failed","summary":""},{"assertionResults":[{"ancestorTitles":["WishlistScreen Tests"],"duration":23,"failureDetails":[],"failureMessages":[],"fullName":"WishlistScreen Tests renders loading indicator initially","invocations":1,"location":null,"numPassingAsserts":1,"retryReasons":[],"status":"passed","title":"renders loading indicator initially"},{"ancestorTitles":["WishlistScreen Tests"],"duration":159,"failureDetails":[],"failureMessages":[],"fullName":"WishlistScreen Tests renders wishlist items and stock statuses correctly","invocations":1,"location":null,"numPassingAsserts":7,"retryReasons":[],"status":"passed","title":"renders wishlist items and stock statuses correctly"},{"ancestorTitles":["WishlistScreen Tests"],"duration":60,"failureDetails":[],"failureMessages":[],"fullName":"WishlistScreen Tests handles item removal with confirmation alert","invocations":1,"location":null,"numPassingAsserts":1,"retryReasons":[],"status":"passed","title":"handles item removal with confirmation alert"},{"ancestorTitles":["WishlistScreen Tests"],"duration":59,"failureDetails":[],"failureMessages":[],"fullName":"WishlistScreen Tests renders empty state when list is empty","invocations":1,"location":null,"numPassingAsserts":3,"retryReasons":[],"status":"passed","title":"renders empty state when list is empty"}],"endTime":1772671880500,"message":"","name":"C:\\Users\\faruk\\OneDrive\\Masaüstü\\remzi2\\BekoSIRS_Frontend\\__tests__\\wishlist.test.tsx","startTime":1772671879633,"status":"passed","summary":""},{"assertionResults":[{"ancestorTitles":["ProfileScreen Tests"],"duration":329,"failureDetails":[],"failureMessages":[],"fullName":"ProfileScreen Tests renders loading indicator initially","invocations":1,"location":null,"numPassingAsserts":1,"retryReasons":[],"status":"passed","title":"renders loading indicator initially"},{"ancestorTitles":["ProfileScreen Tests"],"duration":9,"failureDetails":[],"failureMessages":[],"fullName":"ProfileScreen Tests redirects to login if not authenticated","invocations":1,"location":null,"numPassingAsserts":1,"retryReasons":[],"status":"passed","title":"redirects to login if not authenticated"},{"ancestorTitles":["ProfileScreen Tests"],"duration":2455,"failureDetails":[],"failureMessages":[],"fullName":"ProfileScreen Tests renders user profile information correctly","invocations":1,"location":null,"numPassingAsserts":8,"retryReasons":[],"status":"passed","title":"renders user profile information correctly"},{"ancestorTitles":["ProfileScreen Tests"],"duration":464,"failureDetails":[],"failureMessages":[],"fullName":"ProfileScreen Tests toggles edit mode and saves profile changes","invocations":1,"location":null,"numPassingAsserts":7,"retryReasons":[],"status":"passed","title":"toggles edit mode and saves profile changes"},{"ancestorTitles":["ProfileScreen Tests"],"duration":285,"failureDetails":[],"failureMessages":[],"fullName":"ProfileScreen Tests validates new passwords correctly when changing password","invocations":1,"location":null,"numPassingAsserts":5,"retryReasons":[],"status":"passed","title":"validates new passwords correctly when changing password"},{"ancestorTitles":["ProfileScreen Tests"],"duration":66,"failureDetails":[],"failureMessages":[],"fullName":"ProfileScreen Tests triggers logout with confirmation","invocations":1,"location":null,"numPassingAsserts":3,"retryReasons":[],"status":"passed","title":"triggers logout with confirmation"}],"endTime":1772671880563,"message":"","name":"C:\\Users\\faruk\\OneDrive\\Masaüstü\\remzi2\\BekoSIRS_Frontend\\__tests__\\profile.test.tsx","startTime":1772671874311,"status":"passed","summary":""},{"assertionResults":[{"ancestorTitles":["PaymentsScreen Tests"],"duration":32,"failureDetails":[],"failureMessages":[],"fullName":"PaymentsScreen Tests renders loading indicator initially","invocations":1,"location":null,"numPassingAsserts":1,"retryReasons":[],"status":"passed","title":"renders loading indicator initially"},{"ancestorTitles":["PaymentsScreen Tests"],"duration":259,"failureDetails":[],"failureMessages":[],"fullName":"PaymentsScreen Tests renders payment plans correctly","invocations":1,"location":null,"numPassingAsserts":8,"retryReasons":[],"status":"passed","title":"renders payment plans correctly"},{"ancestorTitles":["PaymentsScreen Tests"],"duration":157,"failureDetails":[],"failureMessages":[],"fullName":"PaymentsScreen Tests fetches and displays installments when a plan is clicked","invocations":1,"location":null,"numPassingAsserts":7,"retryReasons":[],"status":"passed","title":"fetches and displays installments when a plan is clicked"},{"ancestorTitles":["PaymentsScreen Tests"],"duration":205,"failureDetails":[],"failureMessages":[],"fullName":"PaymentsScreen Tests handles payment confirmation correctly","invocations":1,"location":null,"numPassingAsserts":5,"retryReasons":[],"status":"passed","title":"handles payment confirmation correctly"},{"ancestorTitles":["PaymentsScreen Tests"],"duration":62,"failureDetails":[],"failureMessages":[],"fullName":"PaymentsScreen Tests renders empty state when no plans exist","invocations":1,"location":null,"numPassingAsserts":2,"retryReasons":[],"status":"passed","title":"renders empty state when no plans exist"}],"endTime":1772671880714,"message":"","name":"C:\\Users\\faruk\\OneDrive\\Masaüstü\\remzi2\\BekoSIRS_Frontend\\__tests__\\payments.test.tsx","startTime":1772671879271,"status":"passed","summary":""},{"assertionResults":[{"ancestorTitles":["LoginScreen UI Tests"],"duration":445,"failureDetails":[],"failureMessages":[],"fullName":"LoginScreen UI Tests renders correctly with all inputs and buttons","invocations":1,"location":null,"numPassingAsserts":5,"retryReasons":[],"status":"passed","title":"renders correctly with all inputs and buttons"},{"ancestorTitles":["LoginScreen UI Tests"],"duration":122,"failureDetails":[],"failureMessages":[],"fullName":"LoginScreen UI Tests allows user to type in username and password fields","invocations":1,"location":null,"numPassingAsserts":2,"retryReasons":[],"status":"passed","title":"allows user to type in username and password fields"}],"endTime":1772671880821,"message":"","name":"C:\\Users\\faruk\\OneDrive\\Masaüstü\\remzi2\\BekoSIRS_Frontend\\__tests__\\login.test.tsx","startTime":1772671879563,"status":"passed","summary":""},{"assertionResults":[{"ancestorTitles":["ForgotPasswordScreen UI Tests"],"duration":1629,"failureDetails":[],"failureMessages":[],"fullName":"ForgotPasswordScreen UI Tests renders all essential UI components","invocations":1,"location":null,"numPassingAsserts":4,"retryReasons":[],"status":"passed","title":"renders all essential UI components"},{"ancestorTitles":["ForgotPasswordScreen UI Tests"],"duration":71,"failureDetails":[],"failureMessages":[],"fullName":"ForgotPasswordScreen UI Tests shows error alert if email is empty","invocations":1,"location":null,"numPassingAsserts":1,"retryReasons":[],"status":"passed","title":"shows error alert if email is empty"},{"ancestorTitles":["ForgotPasswordScreen UI Tests"],"duration":100,"failureDetails":[],"failureMessages":[],"fullName":"ForgotPasswordScreen UI Tests shows error alert if email format is invalid","invocations":1,"location":null,"numPassingAsserts":1,"retryReasons":[],"status":"passed","title":"shows error alert if email format is invalid"},{"ancestorTitles":["ForgotPasswordScreen UI Tests"],"duration":1315,"failureDetails":[{"matcherResult":{"message":"\u001b[2mexpect(\u001b[22m\u001b[31mjest.fn()\u001b[39m\u001b[2m).\u001b[22mtoHaveBeenCalledWith\u001b[2m(\u001b[22m\u001b[32m...expected\u001b[39m\u001b[2m)\u001b[22m\n\nExpected: \u001b[32m\"/api/password-reset/\"\u001b[39m, \u001b[32m{\"email\": \"valid@email.com\"}\u001b[39m\n\nNumber of calls: \u001b[31m0\u001b[39m","pass":false}}],"failureMessages":["Error: \u001b[2mexpect(\u001b[22m\u001b[31mjest.fn()\u001b[39m\u001b[2m).\u001b[22mtoHaveBeenCalledWith\u001b[2m(\u001b[22m\u001b[32m...expected\u001b[39m\u001b[2m)\u001b[22m\n\nExpected: \u001b[32m\"/api/password-reset/\"\u001b[39m, \u001b[32m{\"email\": \"valid@email.com\"}\u001b[39m\n\nNumber of calls: \u001b[31m0\u001b[39m\n    at Object.<anonymous> (C:\\Users\\faruk\\OneDrive\\Masaüstü\\remzi2\\BekoSIRS_Frontend\\__tests__\\forgot-password.test.tsx:76:22)\n    at Generator.next (<anonymous>)\n    at asyncGeneratorStep (C:\\Users\\faruk\\OneDrive\\Masaüstü\\remzi2\\BekoSIRS_Frontend\\node_modules\\@babel\\runtime\\helpers\\asyncToGenerator.js:3:17)\n    at _next (C:\\Users\\faruk\\OneDrive\\Masaüstü\\remzi2\\BekoSIRS_Frontend\\node_modules\\@babel\\runtime\\helpers\\asyncToGenerator.js:17:9)\n    at C:\\Users\\faruk\\OneDrive\\Masaüstü\\remzi2\\BekoSIRS_Frontend\\node_modules\\@babel\\runtime\\helpers\\asyncToGenerator.js:22:7\n    at new Promise (<anonymous>)\n    at Object.<anonymous> (C:\\Users\\faruk\\OneDrive\\Masaüstü\\remzi2\\BekoSIRS_Frontend\\node_modules\\@babel\\runtime\\helpers\\asyncToGenerator.js:14:12)\n    at Promise.then.completed (C:\\Users\\faruk\\OneDrive\\Masaüstü\\remzi2\\BekoSIRS_Frontend\\node_modules\\jest-circus\\build\\utils.js:298:28)\n    at new Promise (<anonymous>)\n    at callAsyncCircusFn (C:\\Users\\faruk\\OneDrive\\Masaüstü\\remzi2\\BekoSIRS_Frontend\\node_modules\\jest-circus\\build\\utils.js:231:10)\n    at _callCircusTest (C:\\Users\\faruk\\OneDrive\\Masaüstü\\remzi2\\BekoSIRS_Frontend\\node_modules\\jest-circus\\build\\run.js:316:40)\n    at _runTest (C:\\Users\\faruk\\OneDrive\\Masaüstü\\remzi2\\BekoSIRS_Frontend\\node_modules\\jest-circus\\build\\run.js:252:3)\n    at _runTestsForDescribeBlock (C:\\Users\\faruk\\OneDrive\\Masaüstü\\remzi2\\BekoSIRS_Frontend\\node_modules\\jest-circus\\build\\run.js:126:9)\n    at _runTestsForDescribeBlock (C:\\Users\\faruk\\OneDrive\\Masaüstü\\remzi2\\BekoSIRS_Frontend\\node_modules\\jest-circus\\build\\run.js:121:9)\n    at run (C:\\Users\\faruk\\OneDrive\\Masaüstü\\remzi2\\BekoSIRS_Frontend\\node_modules\\jest-circus\\build\\run.js:71:3)\n    at runAndTransformResultsToJestFormat (C:\\Users\\faruk\\OneDrive\\Masaüstü\\remzi2\\BekoSIRS_Frontend\\node_modules\\jest-circus\\build\\legacy-code-todo-rewrite\\jestAdapterInit.js:122:21)\n    at jestAdapter (C:\\Users\\faruk\\OneDrive\\Masaüstü\\remzi2\\BekoSIRS_Frontend\\node_modules\\jest-circus\\build\\legacy-code-todo-rewrite\\jestAdapter.js:79:19)\n    at runTestInternal (C:\\Users\\faruk\\OneDrive\\Masaüstü\\remzi2\\BekoSIRS_Frontend\\node_modules\\jest-runner\\build\\runTest.js:367:16)\n    at runTest (C:\\Users\\faruk\\OneDrive\\Masaüstü\\remzi2\\BekoSIRS_Frontend\\node_modules\\jest-runner\\build\\runTest.js:444:34)\n    at Object.worker (C:\\Users\\faruk\\OneDrive\\Masaüstü\\remzi2\\BekoSIRS_Frontend\\node_modules\\jest-runner\\build\\testWorker.js:106:12)"],"fullName":"ForgotPasswordScreen UI Tests calls API and shows success alert on valid email input","invocations":1,"location":null,"numPassingAsserts":0,"retryReasons":[],"status":"failed","title":"calls API and shows success alert on valid email input"}],"endTime":1772671880974,"message":"\u001b[1m\u001b[31m  \u001b[1m● \u001b[22m\u001b[1mForgotPasswordScreen UI Tests › calls API and shows success alert on valid email input\u001b[39m\u001b[22m\n\n    \u001b[2mexpect(\u001b[22m\u001b[31mjest.fn()\u001b[39m\u001b[2m).\u001b[22mtoHaveBeenCalledWith\u001b[2m(\u001b[22m\u001b[32m...expected\u001b[39m\u001b[2m)\u001b[22m\n\n    Expected: \u001b[32m\"/api/password-reset/\"\u001b[39m, \u001b[32m{\"email\": \"valid@email.com\"}\u001b[39m\n\n    Number of calls: \u001b[31m0\u001b[39m\n\u001b[2m\u001b[22m\n\u001b[2m    \u001b[0m \u001b[90m 74 |\u001b[39m         fireEvent\u001b[33m.\u001b[39mpress(getByText(\u001b[32m'Talimatları Gönder'\u001b[39m))\u001b[33m;\u001b[39m\u001b[22m\n\u001b[2m     \u001b[90m 75 |\u001b[39m\u001b[22m\n\u001b[2m    \u001b[31m\u001b[1m>\u001b[22m\u001b[2m\u001b[39m\u001b[90m 76 |\u001b[39m         \u001b[36mawait\u001b[39m waitFor(() \u001b[33m=>\u001b[39m {\u001b[22m\n\u001b[2m     \u001b[90m    |\u001b[39m                      \u001b[31m\u001b[1m^\u001b[22m\u001b[2m\u001b[39m\u001b[22m\n\u001b[2m     \u001b[90m 77 |\u001b[39m             expect(api\u001b[33m.\u001b[39mpost)\u001b[33m.\u001b[39mtoHaveBeenCalledWith(\u001b[32m'/api/password-reset/'\u001b[39m\u001b[33m,\u001b[39m { email\u001b[33m:\u001b[39m \u001b[32m'valid@email.com'\u001b[39m })\u001b[33m;\u001b[39m\u001b[22m\n\u001b[2m     \u001b[90m 78 |\u001b[39m             expect(\u001b[33mAlert\u001b[39m\u001b[33m.\u001b[39malert)\u001b[33m.\u001b[39mtoHaveBeenCalledWith(\u001b[22m\n\u001b[2m     \u001b[90m 79 |\u001b[39m                 \u001b[32m'Başarılı'\u001b[39m\u001b[33m,\u001b[39m\u001b[0m\u001b[22m\n\u001b[2m\u001b[22m\n\u001b[2m      \u001b[2mat Object.<anonymous> (\u001b[22m\u001b[2m\u001b[0m\u001b[36m__tests__/forgot-password.test.tsx\u001b[39m\u001b[0m\u001b[2m:76:22)\u001b[22m\u001b[2m\u001b[22m\n\u001b[2m      \u001b[2mat asyncGeneratorStep (\u001b[22m\u001b[2mnode_modules/@babel/runtime/helpers/asyncToGenerator.js\u001b[2m:3:17)\u001b[22m\u001b[2m\u001b[22m\n\u001b[2m      \u001b[2mat _next (\u001b[22m\u001b[2mnode_modules/@babel/runtime/helpers/asyncToGenerator.js\u001b[2m:17:9)\u001b[22m\u001b[2m\u001b[22m\n\u001b[2m      \u001b[2mat \u001b[22m\u001b[2mnode_modules/@babel/runtime/helpers/asyncToGenerator.js\u001b[2m:22:7\u001b[22m\u001b[2m\u001b[22m\n\u001b[2m      \u001b[2mat Object.<anonymous> (\u001b[22m\u001b[2mnode_modules/@babel/runtime/helpers/asyncToGenerator.js\u001b[2m:14:12)\u001b[22m\u001b[2m\u001b[22m\n","name":"C:\\Users\\faruk\\OneDrive\\Masaüstü\\remzi2\\BekoSIRS_Frontend\\__tests__\\forgot-password.test.tsx","startTime":1772671874387,"status":"failed","summary":""},{"assertionResults":[{"ancestorTitles":["SettingsScreen Tests"],"duration":1614,"failureDetails":[],"failureMessages":[],"fullName":"SettingsScreen Tests renders security tab by default and shows biometric options","invocations":1,"location":null,"numPassingAsserts":6,"retryReasons":[],"status":"passed","title":"renders security tab by default and shows biometric options"},{"ancestorTitles":["SettingsScreen Tests"],"duration":355,"failureDetails":[],"failureMessages":[],"fullName":"SettingsScreen Tests switches to password tab and renders form","invocations":1,"location":null,"numPassingAsserts":5,"retryReasons":[],"status":"passed","title":"switches to password tab and renders form"},{"ancestorTitles":["SettingsScreen Tests"],"duration":1338,"failureDetails":[{"matcherResult":{"message":"\u001b[2mexpect(\u001b[22m\u001b[31mjest.fn()\u001b[39m\u001b[2m).\u001b[22mtoHaveBeenCalledWith\u001b[2m(\u001b[22m\u001b[32m...expected\u001b[39m\u001b[2m)\u001b[22m\n\nExpected: \u001b[32m\"/api/v1/change-password/\"\u001b[39m, \u001b[32m{\"new_password\": \"newPass123\", \"old_password\": \"oldPass123\"}\u001b[39m\n\nNumber of calls: \u001b[31m0\u001b[39m","pass":false}}],"failureMessages":["Error: \u001b[2mexpect(\u001b[22m\u001b[31mjest.fn()\u001b[39m\u001b[2m).\u001b[22mtoHaveBeenCalledWith\u001b[2m(\u001b[22m\u001b[32m...expected\u001b[39m\u001b[2m)\u001b[22m\n\nExpected: \u001b[32m\"/api/v1/change-password/\"\u001b[39m, \u001b[32m{\"new_password\": \"newPass123\", \"old_password\": \"oldPass123\"}\u001b[39m\n\nNumber of calls: \u001b[31m0\u001b[39m\n    at Object.<anonymous> (C:\\Users\\faruk\\OneDrive\\Masaüstü\\remzi2\\BekoSIRS_Frontend\\__tests__\\settings.test.tsx:114:22)\n    at Generator.next (<anonymous>)\n    at asyncGeneratorStep (C:\\Users\\faruk\\OneDrive\\Masaüstü\\remzi2\\BekoSIRS_Frontend\\node_modules\\@babel\\runtime\\helpers\\asyncToGenerator.js:3:17)\n    at _next (C:\\Users\\faruk\\OneDrive\\Masaüstü\\remzi2\\BekoSIRS_Frontend\\node_modules\\@babel\\runtime\\helpers\\asyncToGenerator.js:17:9)\n    at runNextTicks (node:internal/process/task_queues:65:5)\n    at processImmediate (node:internal/timers:453:9)"],"fullName":"SettingsScreen Tests handles password change validation and submit","invocations":1,"location":null,"numPassingAsserts":2,"retryReasons":[],"status":"failed","title":"handles password change validation and submit"},{"ancestorTitles":["SettingsScreen Tests"],"duration":1055,"failureDetails":[{"matcherResult":{"message":"\u001b[2mexpect(\u001b[22m\u001b[31mjest.fn()\u001b[39m\u001b[2m).\u001b[22mtoHaveBeenCalledWith\u001b[2m(\u001b[22m\u001b[32m...expected\u001b[39m\u001b[2m)\u001b[22m\n\nExpected: \u001b[32m\"/api/v1/change-email/\"\u001b[39m, \u001b[32m{\"new_email\": \"test@test.com\", \"password\": \"myPassword123\"}\u001b[39m\n\nNumber of calls: \u001b[31m0\u001b[39m","pass":false}}],"failureMessages":["Error: \u001b[2mexpect(\u001b[22m\u001b[31mjest.fn()\u001b[39m\u001b[2m).\u001b[22mtoHaveBeenCalledWith\u001b[2m(\u001b[22m\u001b[32m...expected\u001b[39m\u001b[2m)\u001b[22m\n\nExpected: \u001b[32m\"/api/v1/change-email/\"\u001b[39m, \u001b[32m{\"new_email\": \"test@test.com\", \"password\": \"myPassword123\"}\u001b[39m\n\nNumber of calls: \u001b[31m0\u001b[39m\n    at Object.<anonymous> (C:\\Users\\faruk\\OneDrive\\Masaüstü\\remzi2\\BekoSIRS_Frontend\\__tests__\\settings.test.tsx:138:22)\n    at Generator.next (<anonymous>)\n    at asyncGeneratorStep (C:\\Users\\faruk\\OneDrive\\Masaüstü\\remzi2\\BekoSIRS_Frontend\\node_modules\\@babel\\runtime\\helpers\\asyncToGenerator.js:3:17)\n    at _next (C:\\Users\\faruk\\OneDrive\\Masaüstü\\remzi2\\BekoSIRS_Frontend\\node_modules\\@babel\\runtime\\helpers\\asyncToGenerator.js:17:9)"],"fullName":"SettingsScreen Tests switches to email tab and handles email change","invocations":1,"location":null,"numPassingAsserts":1,"retryReasons":[],"status":"failed","title":"switches to email tab and handles email change"},{"ancestorTitles":["SettingsScreen Tests"],"duration":20,"failureDetails":[],"failureMessages":[],"fullName":"SettingsScreen Tests handles logout process","invocations":1,"location":null,"numPassingAsserts":1,"retryReasons":[],"status":"passed","title":"handles logout process"}],"endTime":1772671882205,"message":"\u001b[1m\u001b[31m  \u001b[1m● \u001b[22m\u001b[1mSettingsScreen Tests › handles password change validation and submit\u001b[39m\u001b[22m\n\n    \u001b[2mexpect(\u001b[22m\u001b[31mjest.fn()\u001b[39m\u001b[2m).\u001b[22mtoHaveBeenCalledWith\u001b[2m(\u001b[22m\u001b[32m...expected\u001b[39m\u001b[2m)\u001b[22m\n\n    Expected: \u001b[32m\"/api/v1/change-password/\"\u001b[39m, \u001b[32m{\"new_password\": \"newPass123\", \"old_password\": \"oldPass123\"}\u001b[39m\n\n    Number of calls: \u001b[31m0\u001b[39m\n\u001b[2m\u001b[22m\n\u001b[2m    \u001b[0m \u001b[90m 112 |\u001b[39m         fireEvent\u001b[33m.\u001b[39mpress(getByText(\u001b[32m'Şifreyi Güncelle'\u001b[39m))\u001b[33m;\u001b[39m\u001b[22m\n\u001b[2m     \u001b[90m 113 |\u001b[39m\u001b[22m\n\u001b[2m    \u001b[31m\u001b[1m>\u001b[22m\u001b[2m\u001b[39m\u001b[90m 114 |\u001b[39m         \u001b[36mawait\u001b[39m waitFor(() \u001b[33m=>\u001b[39m {\u001b[22m\n\u001b[2m     \u001b[90m     |\u001b[39m                      \u001b[31m\u001b[1m^\u001b[22m\u001b[2m\u001b[39m\u001b[22m\n\u001b[2m     \u001b[90m 115 |\u001b[39m             expect(api\u001b[33m.\u001b[39mpost)\u001b[33m.\u001b[39mtoHaveBeenCalledWith(\u001b[32m'/api/v1/change-password/'\u001b[39m\u001b[33m,\u001b[39m {\u001b[22m\n\u001b[2m     \u001b[90m 116 |\u001b[39m                 old_password\u001b[33m:\u001b[39m \u001b[32m'oldPass123'\u001b[39m\u001b[33m,\u001b[39m\u001b[22m\n\u001b[2m     \u001b[90m 117 |\u001b[39m                 new_password\u001b[33m:\u001b[39m \u001b[32m'newPass123'\u001b[39m\u001b[0m\u001b[22m\n\u001b[2m\u001b[22m\n\u001b[2m      \u001b[2mat Object.<anonymous> (\u001b[22m\u001b[2m\u001b[0m\u001b[36m__tests__/settings.test.tsx\u001b[39m\u001b[0m\u001b[2m:114:22)\u001b[22m\u001b[2m\u001b[22m\n\u001b[2m      \u001b[2mat asyncGeneratorStep (\u001b[22m\u001b[2mnode_modules/@babel/runtime/helpers/asyncToGenerator.js\u001b[2m:3:17)\u001b[22m\u001b[2m\u001b[22m\n\u001b[2m      \u001b[2mat _next (\u001b[22m\u001b[2mnode_modules/@babel/runtime/helpers/asyncToGenerator.js\u001b[2m:17:9)\u001b[22m\u001b[2m\u001b[22m\n\n\u001b[1m\u001b[31m  \u001b[1m● \u001b[22m\u001b[1mSettingsScreen Tests › switches to email tab and handles email change\u001b[39m\u001b[22m\n\n    \u001b[2mexpect(\u001b[22m\u001b[31mjest.fn()\u001b[39m\u001b[2m).\u001b[22mtoHaveBeenCalledWith\u001b[2m(\u001b[22m\u001b[32m...expected\u001b[39m\u001b[2m)\u001b[22m\n\n    Expected: \u001b[32m\"/api/v1/change-email/\"\u001b[39m, \u001b[32m{\"new_email\": \"test@test.com\", \"password\": \"myPassword123\"}\u001b[39m\n\n    Number of calls: \u001b[31m0\u001b[39m\n\u001b[2m\u001b[22m\n\u001b[2m    \u001b[0m \u001b[90m 136 |\u001b[39m         fireEvent\u001b[33m.\u001b[39mpress(getByText(\u001b[32m'E-postayı Güncelle'\u001b[39m))\u001b[33m;\u001b[39m\u001b[22m\n\u001b[2m     \u001b[90m 137 |\u001b[39m\u001b[22m\n\u001b[2m    \u001b[31m\u001b[1m>\u001b[22m\u001b[2m\u001b[39m\u001b[90m 138 |\u001b[39m         \u001b[36mawait\u001b[39m waitFor(() \u001b[33m=>\u001b[39m {\u001b[22m\n\u001b[2m     \u001b[90m     |\u001b[39m                      \u001b[31m\u001b[1m^\u001b[22m\u001b[2m\u001b[39m\u001b[22m\n\u001b[2m     \u001b[90m 139 |\u001b[39m             expect(api\u001b[33m.\u001b[39mpost)\u001b[33m.\u001b[39mtoHaveBeenCalledWith(\u001b[32m'/api/v1/change-email/'\u001b[39m\u001b[33m,\u001b[39m {\u001b[22m\n\u001b[2m     \u001b[90m 140 |\u001b[39m                 new_email\u001b[33m:\u001b[39m \u001b[32m'test@test.com'\u001b[39m\u001b[33m,\u001b[39m\u001b[22m\n\u001b[2m     \u001b[90m 141 |\u001b[39m                 password\u001b[33m:\u001b[39m \u001b[32m'myPassword123'\u001b[39m\u001b[0m\u001b[22m\n\u001b[2m\u001b[22m\n\u001b[2m      \u001b[2mat Object.<anonymous> (\u001b[22m\u001b[2m\u001b[0m\u001b[36m__tests__/settings.test.tsx\u001b[39m\u001b[0m\u001b[2m:138:22)\u001b[22m\u001b[2m\u001b[22m\n\u001b[2m      \u001b[2mat asyncGeneratorStep (\u001b[22m\u001b[2mnode_modules/@babel/runtime/helpers/asyncToGenerator.js\u001b[2m:3:17)\u001b[22m\u001b[2m\u001b[22m\n\u001b[2m      \u001b[2mat _next (\u001b[22m\u001b[2mnode_modules/@babel/runtime/helpers/asyncToGenerator.js\u001b[2m:17:9)\u001b[22m\u001b[2m\u001b[22m\n","name":"C:\\Users\\faruk\\OneDrive\\Masaüstü\\remzi2\\BekoSIRS_Frontend\\__tests__\\settings.test.tsx","startTime":1772671874352,"status":"failed","summary":""},{"assertionResults":[{"ancestorTitles":["ProductsScreen UI and Logic Tests"],"duration":252,"failureDetails":[],"failureMessages":[],"fullName":"ProductsScreen UI and Logic Tests renders loading state initially","invocations":1,"location":null,"numPassingAsserts":1,"retryReasons":[],"status":"passed","title":"renders loading state initially"},{"ancestorTitles":["ProductsScreen UI and Logic Tests"],"duration":1034,"failureDetails":[{}],"failureMessages":["Error: Unable to find an element with text: 2 Ürün Listeleniyor\n\n\u001b[36m<View>\u001b[39m\n  \u001b[36m<View>\u001b[39m\n    \u001b[36m<View>\u001b[39m\n      \u001b[36m<Text>\u001b[39m\n        \u001b[0m🔍\u001b[0m\n      \u001b[36m</Text>\u001b[39m\n      \u001b[36m<TextInput\u001b[39m\n        \u001b[33mplaceholder\u001b[39m=\u001b[32m\"Model veya marka ara...\"\u001b[39m\n        \u001b[33mvalue\u001b[39m=\u001b[32m\"\"\u001b[39m\n      \u001b[36m/>\u001b[39m\n    \u001b[36m</View>\u001b[39m\n  \u001b[36m</View>\u001b[39m\n  \u001b[36m<View>\u001b[39m\n    \u001b[36m<View>\u001b[39m\n      \u001b[36m<Text>\u001b[39m\n        \u001b[0m🔎\u001b[0m\n      \u001b[36m</Text>\u001b[39m\n    \u001b[36m</View>\u001b[39m\n    \u001b[36m<Text>\u001b[39m\n      \u001b[0mSonuç Bulunamadı\u001b[0m\n    \u001b[36m</Text>\u001b[39m\n    \u001b[36m<Text>\u001b[39m\n      \u001b[0m\"\u001b[0m\n      \u001b[0m\" aramanıza uygun ürün bulunamadı.\u001b[0m\n    \u001b[36m</Text>\u001b[39m\n  \u001b[36m</View>\u001b[39m\n\u001b[36m</View>\u001b[39m\n    at Object.<anonymous> (C:\\Users\\faruk\\OneDrive\\Masaüstü\\remzi2\\BekoSIRS_Frontend\\__tests__\\products.test.tsx:44:22)\n    at Generator.next (<anonymous>)\n    at asyncGeneratorStep (C:\\Users\\faruk\\OneDrive\\Masaüstü\\remzi2\\BekoSIRS_Frontend\\node_modules\\@babel\\runtime\\helpers\\asyncToGenerator.js:3:17)\n    at _next (C:\\Users\\faruk\\OneDrive\\Masaüstü\\remzi2\\BekoSIRS_Frontend\\node_modules\\@babel\\runtime\\helpers\\asyncToGenerator.js:17:9)\n    at C:\\Users\\faruk\\OneDrive\\Masaüstü\\remzi2\\BekoSIRS_Frontend\\node_modules\\@babel\\runtime\\helpers\\asyncToGenerator.js:22:7\n    at new Promise (<anonymous>)\n    at Object.<anonymous> (C:\\Users\\faruk\\OneDrive\\Masaüstü\\remzi2\\BekoSIRS_Frontend\\node_modules\\@babel\\runtime\\helpers\\asyncToGenerator.js:14:12)\n    at Promise.then.completed (C:\\Users\\faruk\\OneDrive\\Masaüstü\\remzi2\\BekoSIRS_Frontend\\node_modules\\jest-circus\\build\\utils.js:298:28)\n    at new Promise (<anonymous>)\n    at callAsyncCircusFn (C:\\Users\\faruk\\OneDrive\\Masaüstü\\remzi2\\BekoSIRS_Frontend\\node_modules\\jest-circus\\build\\utils.js:231:10)\n    at _callCircusTest (C:\\Users\\faruk\\OneDrive\\Masaüstü\\remzi2\\BekoSIRS_Frontend\\node_modules\\jest-circus\\build\\run.js:316:40)\n    at _runTest (C:\\Users\\faruk\\OneDrive\\Masaüstü\\remzi2\\BekoSIRS_Frontend\\node_modules\\jest-circus\\build\\run.js:252:3)\n    at _runTestsForDescribeBlock (C:\\Users\\faruk\\OneDrive\\Masaüstü\\remzi2\\BekoSIRS_Frontend\\node_modules\\jest-circus\\build\\run.js:126:9)\n    at _runTestsForDescribeBlock (C:\\Users\\faruk\\OneDrive\\Masaüstü\\remzi2\\BekoSIRS_Frontend\\node_modules\\jest-circus\\build\\run.js:121:9)\n    at run (C:\\Users\\faruk\\OneDrive\\Masaüstü\\remzi2\\BekoSIRS_Frontend\\node_modules\\jest-circus\\build\\run.js:71:3)\n    at runAndTransformResultsToJestFormat (C:\\Users\\faruk\\OneDrive\\Masaüstü\\remzi2\\BekoSIRS_Frontend\\node_modules\\jest-circus\\build\\legacy-code-todo-rewrite\\jestAdapterInit.js:122:21)\n    at jestAdapter (C:\\Users\\faruk\\OneDrive\\Masaüstü\\remzi2\\BekoSIRS_Frontend\\node_modules\\jest-circus\\build\\legacy-code-todo-rewrite\\jestAdapter.js:79:19)\n    at runTestInternal (C:\\Users\\faruk\\OneDrive\\Masaüstü\\remzi2\\BekoSIRS_Frontend\\node_modules\\jest-runner\\build\\runTest.js:367:16)\n    at runTest (C:\\Users\\faruk\\OneDrive\\Masaüstü\\remzi2\\BekoSIRS_Frontend\\node_modules\\jest-runner\\build\\runTest.js:444:34)\n    at Object.worker (C:\\Users\\faruk\\OneDrive\\Masaüstü\\remzi2\\BekoSIRS_Frontend\\node_modules\\jest-runner\\build\\testWorker.js:106:12)"],"fullName":"ProductsScreen UI and Logic Tests renders products list after successful API call","invocations":1,"location":null,"numPassingAsserts":8,"retryReasons":[],"status":"failed","title":"renders products list after successful API call"},{"ancestorTitles":["ProductsScreen UI and Logic Tests"],"duration":1025,"failureDetails":[{}],"failureMessages":["Error: Unable to find an element with text: 2 Ürün Listeleniyor\n\n\u001b[36m<View>\u001b[39m\n  \u001b[36m<View>\u001b[39m\n    \u001b[36m<View>\u001b[39m\n      \u001b[36m<Text>\u001b[39m\n        \u001b[0m🔍\u001b[0m\n      \u001b[36m</Text>\u001b[39m\n      \u001b[36m<TextInput\u001b[39m\n        \u001b[33mplaceholder\u001b[39m=\u001b[32m\"Model veya marka ara...\"\u001b[39m\n        \u001b[33mvalue\u001b[39m=\u001b[32m\"\"\u001b[39m\n      \u001b[36m/>\u001b[39m\n    \u001b[36m</View>\u001b[39m\n  \u001b[36m</View>\u001b[39m\n  \u001b[36m<View>\u001b[39m\n    \u001b[36m<View>\u001b[39m\n      \u001b[36m<Text>\u001b[39m\n        \u001b[0m🔎\u001b[0m\n      \u001b[36m</Text>\u001b[39m\n    \u001b[36m</View>\u001b[39m\n    \u001b[36m<Text>\u001b[39m\n      \u001b[0mSonuç Bulunamadı\u001b[0m\n    \u001b[36m</Text>\u001b[39m\n    \u001b[36m<Text>\u001b[39m\n      \u001b[0m\"\u001b[0m\n      \u001b[0m\" aramanıza uygun ürün bulunamadı.\u001b[0m\n    \u001b[36m</Text>\u001b[39m\n  \u001b[36m</View>\u001b[39m\n\u001b[36m</View>\u001b[39m\n    at Object.<anonymous> (C:\\Users\\faruk\\OneDrive\\Masaüstü\\remzi2\\BekoSIRS_Frontend\\__tests__\\products.test.tsx:60:22)\n    at Generator.next (<anonymous>)\n    at asyncGeneratorStep (C:\\Users\\faruk\\OneDrive\\Masaüstü\\remzi2\\BekoSIRS_Frontend\\node_modules\\@babel\\runtime\\helpers\\asyncToGenerator.js:3:17)\n    at _next (C:\\Users\\faruk\\OneDrive\\Masaüstü\\remzi2\\BekoSIRS_Frontend\\node_modules\\@babel\\runtime\\helpers\\asyncToGenerator.js:17:9)\n    at C:\\Users\\faruk\\OneDrive\\Masaüstü\\remzi2\\BekoSIRS_Frontend\\node_modules\\@babel\\runtime\\helpers\\asyncToGenerator.js:22:7\n    at new Promise (<anonymous>)\n    at Object.<anonymous> (C:\\Users\\faruk\\OneDrive\\Masaüstü\\remzi2\\BekoSIRS_Frontend\\node_modules\\@babel\\runtime\\helpers\\asyncToGenerator.js:14:12)\n    at Promise.then.completed (C:\\Users\\faruk\\OneDrive\\Masaüstü\\remzi2\\BekoSIRS_Frontend\\node_modules\\jest-circus\\build\\utils.js:298:28)\n    at new Promise (<anonymous>)\n    at callAsyncCircusFn (C:\\Users\\faruk\\OneDrive\\Masaüstü\\remzi2\\BekoSIRS_Frontend\\node_modules\\jest-circus\\build\\utils.js:231:10)\n    at _callCircusTest (C:\\Users\\faruk\\OneDrive\\Masaüstü\\remzi2\\BekoSIRS_Frontend\\node_modules\\jest-circus\\build\\run.js:316:40)\n    at _runTest (C:\\Users\\faruk\\OneDrive\\Masaüstü\\remzi2\\BekoSIRS_Frontend\\node_modules\\jest-circus\\build\\run.js:252:3)\n    at _runTestsForDescribeBlock (C:\\Users\\faruk\\OneDrive\\Masaüstü\\remzi2\\BekoSIRS_Frontend\\node_modules\\jest-circus\\build\\run.js:126:9)\n    at _runTestsForDescribeBlock (C:\\Users\\faruk\\OneDrive\\Masaüstü\\remzi2\\BekoSIRS_Frontend\\node_modules\\jest-circus\\build\\run.js:121:9)\n    at run (C:\\Users\\faruk\\OneDrive\\Masaüstü\\remzi2\\BekoSIRS_Frontend\\node_modules\\jest-circus\\build\\run.js:71:3)\n    at runAndTransformResultsToJestFormat (C:\\Users\\faruk\\OneDrive\\Masaüstü\\remzi2\\BekoSIRS_Frontend\\node_modules\\jest-circus\\build\\legacy-code-todo-rewrite\\jestAdapterInit.js:122:21)\n    at jestAdapter (C:\\Users\\faruk\\OneDrive\\Masaüstü\\remzi2\\BekoSIRS_Frontend\\node_modules\\jest-circus\\build\\legacy-code-todo-rewrite\\jestAdapter.js:79:19)\n    at runTestInternal (C:\\Users\\faruk\\OneDrive\\Masaüstü\\remzi2\\BekoSIRS_Frontend\\node_modules\\jest-runner\\build\\runTest.js:367:16)\n    at runTest (C:\\Users\\faruk\\OneDrive\\Masaüstü\\remzi2\\BekoSIRS_Frontend\\node_modules\\jest-runner\\build\\runTest.js:444:34)\n    at Object.worker (C:\\Users\\faruk\\OneDrive\\Masaüstü\\remzi2\\BekoSIRS_Frontend\\node_modules\\jest-runner\\build\\testWorker.js:106:12)"],"fullName":"ProductsScreen UI and Logic Tests filters products based on search query","invocations":1,"location":null,"numPassingAsserts":0,"retryReasons":[],"status":"failed","title":"filters products based on search query"},{"ancestorTitles":["ProductsScreen UI and Logic Tests"],"duration":1021,"failureDetails":[{}],"failureMessages":["Error: Unable to find an element with text: 2 Ürün Listeleniyor\n\n\u001b[36m<View>\u001b[39m\n  \u001b[36m<View>\u001b[39m\n    \u001b[36m<View>\u001b[39m\n      \u001b[36m<Text>\u001b[39m\n        \u001b[0m🔍\u001b[0m\n      \u001b[36m</Text>\u001b[39m\n      \u001b[36m<TextInput\u001b[39m\n        \u001b[33mplaceholder\u001b[39m=\u001b[32m\"Model veya marka ara...\"\u001b[39m\n        \u001b[33mvalue\u001b[39m=\u001b[32m\"\"\u001b[39m\n      \u001b[36m/>\u001b[39m\n    \u001b[36m</View>\u001b[39m\n  \u001b[36m</View>\u001b[39m\n  \u001b[36m<View>\u001b[39m\n    \u001b[36m<View>\u001b[39m\n      \u001b[36m<Text>\u001b[39m\n        \u001b[0m🔎\u001b[0m\n      \u001b[36m</Text>\u001b[39m\n    \u001b[36m</View>\u001b[39m\n    \u001b[36m<Text>\u001b[39m\n      \u001b[0mSonuç Bulunamadı\u001b[0m\n    \u001b[36m</Text>\u001b[39m\n    \u001b[36m<Text>\u001b[39m\n      \u001b[0m\"\u001b[0m\n      \u001b[0m\" aramanıza uygun ürün bulunamadı.\u001b[0m\n    \u001b[36m</Text>\u001b[39m\n  \u001b[36m</View>\u001b[39m\n\u001b[36m</View>\u001b[39m\n    at Object.<anonymous> (C:\\Users\\faruk\\OneDrive\\Masaüstü\\remzi2\\BekoSIRS_Frontend\\__tests__\\products.test.tsx:82:22)\n    at Generator.next (<anonymous>)\n    at asyncGeneratorStep (C:\\Users\\faruk\\OneDrive\\Masaüstü\\remzi2\\BekoSIRS_Frontend\\node_modules\\@babel\\runtime\\helpers\\asyncToGenerator.js:3:17)\n    at _next (C:\\Users\\faruk\\OneDrive\\Masaüstü\\remzi2\\BekoSIRS_Frontend\\node_modules\\@babel\\runtime\\helpers\\asyncToGenerator.js:17:9)\n    at C:\\Users\\faruk\\OneDrive\\Masaüstü\\remzi2\\BekoSIRS_Frontend\\node_modules\\@babel\\runtime\\helpers\\asyncToGenerator.js:22:7\n    at new Promise (<anonymous>)\n    at Object.<anonymous> (C:\\Users\\faruk\\OneDrive\\Masaüstü\\remzi2\\BekoSIRS_Frontend\\node_modules\\@babel\\runtime\\helpers\\asyncToGenerator.js:14:12)\n    at Promise.then.completed (C:\\Users\\faruk\\OneDrive\\Masaüstü\\remzi2\\BekoSIRS_Frontend\\node_modules\\jest-circus\\build\\utils.js:298:28)\n    at new Promise (<anonymous>)\n    at callAsyncCircusFn (C:\\Users\\faruk\\OneDrive\\Masaüstü\\remzi2\\BekoSIRS_Frontend\\node_modules\\jest-circus\\build\\utils.js:231:10)\n    at _callCircusTest (C:\\Users\\faruk\\OneDrive\\Masaüstü\\remzi2\\BekoSIRS_Frontend\\node_modules\\jest-circus\\build\\run.js:316:40)\n    at _runTest (C:\\Users\\faruk\\OneDrive\\Masaüstü\\remzi2\\BekoSIRS_Frontend\\node_modules\\jest-circus\\build\\run.js:252:3)\n    at _runTestsForDescribeBlock (C:\\Users\\faruk\\OneDrive\\Masaüstü\\remzi2\\BekoSIRS_Frontend\\node_modules\\jest-circus\\build\\run.js:126:9)\n    at _runTestsForDescribeBlock (C:\\Users\\faruk\\OneDrive\\Masaüstü\\remzi2\\BekoSIRS_Frontend\\node_modules\\jest-circus\\build\\run.js:121:9)\n    at run (C:\\Users\\faruk\\OneDrive\\Masaüstü\\remzi2\\BekoSIRS_Frontend\\node_modules\\jest-circus\\build\\run.js:71:3)\n    at runAndTransformResultsToJestFormat (C:\\Users\\faruk\\OneDrive\\Masaüstü\\remzi2\\BekoSIRS_Frontend\\node_modules\\jest-circus\\build\\legacy-code-todo-rewrite\\jestAdapterInit.js:122:21)\n    at jestAdapter (C:\\Users\\faruk\\OneDrive\\Masaüstü\\remzi2\\BekoSIRS_Frontend\\node_modules\\jest-circus\\build\\legacy-code-todo-rewrite\\jestAdapter.js:79:19)\n    at runTestInternal (C:\\Users\\faruk\\OneDrive\\Masaüstü\\remzi2\\BekoSIRS_Frontend\\node_modules\\jest-runner\\build\\runTest.js:367:16)\n    at runTest (C:\\Users\\faruk\\OneDrive\\Masaüstü\\remzi2\\BekoSIRS_Frontend\\node_modules\\jest-runner\\build\\runTest.js:444:34)\n    at Object.worker (C:\\Users\\faruk\\OneDrive\\Masaüstü\\remzi2\\BekoSIRS_Frontend\\node_modules\\jest-runner\\build\\testWorker.js:106:12)"],"fullName":"ProductsScreen UI and Logic Tests shows empty container if search yields no results","invocations":1,"location":null,"numPassingAsserts":0,"retryReasons":[],"status":"failed","title":"shows empty container if search yields no results"},{"ancestorTitles":["ProductsScreen UI and Logic Tests"],"duration":1012,"failureDetails":[{"matcherResult":{"message":"\u001b[2mexpect(\u001b[22m\u001b[31mjest.fn()\u001b[39m\u001b[2m).\u001b[22mtoHaveBeenCalledWith\u001b[2m(\u001b[22m\u001b[32m...expected\u001b[39m\u001b[2m)\u001b[22m\n\nExpected: \u001b[32m\"Bağlantı Hatası\"\u001b[39m, \u001b[32m\"Ürün listesi şu an yüklenemiyor. Lütfen sunucunuzun açık olduğundan emin olun.\"\u001b[39m\n\nNumber of calls: \u001b[31m0\u001b[39m","pass":false}}],"failureMessages":["Error: \u001b[2mexpect(\u001b[22m\u001b[31mjest.fn()\u001b[39m\u001b[2m).\u001b[22mtoHaveBeenCalledWith\u001b[2m(\u001b[22m\u001b[32m...expected\u001b[39m\u001b[2m)\u001b[22m\n\nExpected: \u001b[32m\"Bağlantı Hatası\"\u001b[39m, \u001b[32m\"Ürün listesi şu an yüklenemiyor. Lütfen sunucunuzun açık olduğundan emin olun.\"\u001b[39m\n\nNumber of calls: \u001b[31m0\u001b[39m\n    at Object.<anonymous> (C:\\Users\\faruk\\OneDrive\\Masaüstü\\remzi2\\BekoSIRS_Frontend\\__tests__\\products.test.tsx:100:22)\n    at Generator.next (<anonymous>)\n    at asyncGeneratorStep (C:\\Users\\faruk\\OneDrive\\Masaüstü\\remzi2\\BekoSIRS_Frontend\\node_modules\\@babel\\runtime\\helpers\\asyncToGenerator.js:3:17)\n    at _next (C:\\Users\\faruk\\OneDrive\\Masaüstü\\remzi2\\BekoSIRS_Frontend\\node_modules\\@babel\\runtime\\helpers\\asyncToGenerator.js:17:9)\n    at C:\\Users\\faruk\\OneDrive\\Masaüstü\\remzi2\\BekoSIRS_Frontend\\node_modules\\@babel\\runtime\\helpers\\asyncToGenerator.js:22:7\n    at new Promise (<anonymous>)\n    at Object.<anonymous> (C:\\Users\\faruk\\OneDrive\\Masaüstü\\remzi2\\BekoSIRS_Frontend\\node_modules\\@babel\\runtime\\helpers\\asyncToGenerator.js:14:12)\n    at Promise.then.completed (C:\\Users\\faruk\\OneDrive\\Masaüstü\\remzi2\\BekoSIRS_Frontend\\node_modules\\jest-circus\\build\\utils.js:298:28)\n    at new Promise (<anonymous>)\n    at callAsyncCircusFn (C:\\Users\\faruk\\OneDrive\\Masaüstü\\remzi2\\BekoSIRS_Frontend\\node_modules\\jest-circus\\build\\utils.js:231:10)\n    at _callCircusTest (C:\\Users\\faruk\\OneDrive\\Masaüstü\\remzi2\\BekoSIRS_Frontend\\node_modules\\jest-circus\\build\\run.js:316:40)\n    at _runTest (C:\\Users\\faruk\\OneDrive\\Masaüstü\\remzi2\\BekoSIRS_Frontend\\node_modules\\jest-circus\\build\\run.js:252:3)\n    at _runTestsForDescribeBlock (C:\\Users\\faruk\\OneDrive\\Masaüstü\\remzi2\\BekoSIRS_Frontend\\node_modules\\jest-circus\\build\\run.js:126:9)\n    at _runTestsForDescribeBlock (C:\\Users\\faruk\\OneDrive\\Masaüstü\\remzi2\\BekoSIRS_Frontend\\node_modules\\jest-circus\\build\\run.js:121:9)\n    at run (C:\\Users\\faruk\\OneDrive\\Masaüstü\\remzi2\\BekoSIRS_Frontend\\node_modules\\jest-circus\\build\\run.js:71:3)\n    at runAndTransformResultsToJestFormat (C:\\Users\\faruk\\OneDrive\\Masaüstü\\remzi2\\BekoSIRS_Frontend\\node_modules\\jest-circus\\build\\legacy-code-todo-rewrite\\jestAdapterInit.js:122:21)\n    at jestAdapter (C:\\Users\\faruk\\OneDrive\\Masaüstü\\remzi2\\BekoSIRS_Frontend\\node_modules\\jest-circus\\build\\legacy-code-todo-rewrite\\jestAdapter.js:79:19)\n    at runTestInternal (C:\\Users\\faruk\\OneDrive\\Masaüstü\\remzi2\\BekoSIRS_Frontend\\node_modules\\jest-runner\\build\\runTest.js:367:16)\n    at runTest (C:\\Users\\faruk\\OneDrive\\Masaüstü\\remzi2\\BekoSIRS_Frontend\\node_modules\\jest-runner\\build\\runTest.js:444:34)\n    at Object.worker (C:\\Users\\faruk\\OneDrive\\Masaüstü\\remzi2\\BekoSIRS_Frontend\\node_modules\\jest-runner\\build\\testWorker.js:106:12)"],"fullName":"ProductsScreen UI and Logic Tests shows error alert if API call fails","invocations":1,"location":null,"numPassingAsserts":0,"retryReasons":[],"status":"failed","title":"shows error alert if API call fails"}],"endTime":1772671882448,"message":"\u001b[1m\u001b[31m  \u001b[1m● \u001b[22m\u001b[1mProductsScreen UI and Logic Tests › renders products list after successful API call\u001b[39m\u001b[22m\n\n    Unable to find an element with text: 2 Ürün Listeleniyor\n\n    \u001b[36m<View>\u001b[39m\n      \u001b[36m<View>\u001b[39m\n        \u001b[36m<View>\u001b[39m\n          \u001b[36m<Text>\u001b[39m\n            \u001b[0m🔍\u001b[0m\n          \u001b[36m</Text>\u001b[39m\n          \u001b[36m<TextInput\u001b[39m\n            \u001b[33mplaceholder\u001b[39m=\u001b[32m\"Model veya marka ara...\"\u001b[39m\n            \u001b[33mvalue\u001b[39m=\u001b[32m\"\"\u001b[39m\n          \u001b[36m/>\u001b[39m\n        \u001b[36m</View>\u001b[39m\n      \u001b[36m</View>\u001b[39m\n      \u001b[36m<View>\u001b[39m\n        \u001b[36m<View>\u001b[39m\n          \u001b[36m<Text>\u001b[39m\n            \u001b[0m🔎\u001b[0m\n          \u001b[36m</Text>\u001b[39m\n        \u001b[36m</View>\u001b[39m\n        \u001b[36m<Text>\u001b[39m\n          \u001b[0mSonuç Bulunamadı\u001b[0m\n        \u001b[36m</Text>\u001b[39m\n        \u001b[36m<Text>\u001b[39m\n          \u001b[0m\"\u001b[0m\n          \u001b[0m\" aramanıza uygun ürün bulunamadı.\u001b[0m\n        \u001b[36m</Text>\u001b[39m\n      \u001b[36m</View>\u001b[39m\n    \u001b[36m</View>\u001b[39m\n\u001b[2m\u001b[22m\n\u001b[2m    \u001b[0m \u001b[90m 42 |\u001b[39m\u001b[22m\n\u001b[2m     \u001b[90m 43 |\u001b[39m         \u001b[90m// API çağrısının tamamlanmasını ve ürünlerin gelmesini bekliyoruz\u001b[39m\u001b[22m\n\u001b[2m    \u001b[31m\u001b[1m>\u001b[22m\u001b[2m\u001b[39m\u001b[90m 44 |\u001b[39m         \u001b[36mawait\u001b[39m waitFor(() \u001b[33m=>\u001b[39m {\u001b[22m\n\u001b[2m     \u001b[90m    |\u001b[39m                      \u001b[31m\u001b[1m^\u001b[22m\u001b[2m\u001b[39m\u001b[22m\n\u001b[2m     \u001b[90m 45 |\u001b[39m             expect(getByPlaceholderText(\u001b[32m'Model veya marka ara...'\u001b[39m))\u001b[33m.\u001b[39mtoBeTruthy()\u001b[33m;\u001b[39m\u001b[22m\n\u001b[2m     \u001b[90m 46 |\u001b[39m             expect(getByText(\u001b[32m'2 Ürün Listeleniyor'\u001b[39m))\u001b[33m.\u001b[39mtoBeTruthy()\u001b[33m;\u001b[39m\u001b[22m\n\u001b[2m     \u001b[90m 47 |\u001b[39m         })\u001b[33m;\u001b[39m\u001b[0m\u001b[22m\n\u001b[2m\u001b[22m\n\u001b[2m      \u001b[2mat Object.<anonymous> (\u001b[22m\u001b[2m\u001b[0m\u001b[36m__tests__/products.test.tsx\u001b[39m\u001b[0m\u001b[2m:44:22)\u001b[22m\u001b[2m\u001b[22m\n\u001b[2m      \u001b[2mat asyncGeneratorStep (\u001b[22m\u001b[2mnode_modules/@babel/runtime/helpers/asyncToGenerator.js\u001b[2m:3:17)\u001b[22m\u001b[2m\u001b[22m\n\u001b[2m      \u001b[2mat _next (\u001b[22m\u001b[2mnode_modules/@babel/runtime/helpers/asyncToGenerator.js\u001b[2m:17:9)\u001b[22m\u001b[2m\u001b[22m\n\u001b[2m      \u001b[2mat \u001b[22m\u001b[2mnode_modules/@babel/runtime/helpers/asyncToGenerator.js\u001b[2m:22:7\u001b[22m\u001b[2m\u001b[22m\n\u001b[2m      \u001b[2mat Object.<anonymous> (\u001b[22m\u001b[2mnode_modules/@babel/runtime/helpers/asyncToGenerator.js\u001b[2m:14:12)\u001b[22m\u001b[2m\u001b[22m\n\n\u001b[1m\u001b[31m  \u001b[1m● \u001b[22m\u001b[1mProductsScreen UI and Logic Tests › filters products based on search query\u001b[39m\u001b[22m\n\n    Unable to find an element with text: 2 Ürün Listeleniyor\n\n    \u001b[36m<View>\u001b[39m\n      \u001b[36m<View>\u001b[39m\n        \u001b[36m<View>\u001b[39m\n          \u001b[36m<Text>\u001b[39m\n            \u001b[0m🔍\u001b[0m\n          \u001b[36m</Text>\u001b[39m\n          \u001b[36m<TextInput\u001b[39m\n            \u001b[33mplaceholder\u001b[39m=\u001b[32m\"Model veya marka ara...\"\u001b[39m\n            \u001b[33mvalue\u001b[39m=\u001b[32m\"\"\u001b[39m\n          \u001b[36m/>\u001b[39m\n        \u001b[36m</View>\u001b[39m\n      \u001b[36m</View>\u001b[39m\n      \u001b[36m<View>\u001b[39m\n        \u001b[36m<View>\u001b[39m\n          \u001b[36m<Text>\u001b[39m\n            \u001b[0m🔎\u001b[0m\n          \u001b[36m</Text>\u001b[39m\n        \u001b[36m</View>\u001b[39m\n        \u001b[36m<Text>\u001b[39m\n          \u001b[0mSonuç Bulunamadı\u001b[0m\n        \u001b[36m</Text>\u001b[39m\n        \u001b[36m<Text>\u001b[39m\n          \u001b[0m\"\u001b[0m\n          \u001b[0m\" aramanıza uygun ürün bulunamadı.\u001b[0m\n        \u001b[36m</Text>\u001b[39m\n      \u001b[36m</View>\u001b[39m\n    \u001b[36m</View>\u001b[39m\n\u001b[2m\u001b[22m\n\u001b[2m    \u001b[0m \u001b[90m 58 |\u001b[39m         \u001b[36mconst\u001b[39m { getByPlaceholderText\u001b[33m,\u001b[39m getByText\u001b[33m,\u001b[39m queryByText } \u001b[33m=\u001b[39m render(\u001b[33m<\u001b[39m\u001b[33mProductsScreen\u001b[39m \u001b[33m/\u001b[39m\u001b[33m>\u001b[39m)\u001b[33m;\u001b[39m\u001b[22m\n\u001b[2m     \u001b[90m 59 |\u001b[39m\u001b[22m\n\u001b[2m    \u001b[31m\u001b[1m>\u001b[22m\u001b[2m\u001b[39m\u001b[90m 60 |\u001b[39m         \u001b[36mawait\u001b[39m waitFor(() \u001b[33m=>\u001b[39m {\u001b[22m\n\u001b[2m     \u001b[90m    |\u001b[39m                      \u001b[31m\u001b[1m^\u001b[22m\u001b[2m\u001b[39m\u001b[22m\n\u001b[2m     \u001b[90m 61 |\u001b[39m             expect(getByText(\u001b[32m'2 Ürün Listeleniyor'\u001b[39m))\u001b[33m.\u001b[39mtoBeTruthy()\u001b[33m;\u001b[39m\u001b[22m\n\u001b[2m     \u001b[90m 62 |\u001b[39m         })\u001b[33m;\u001b[39m\u001b[22m\n\u001b[2m     \u001b[90m 63 |\u001b[39m\u001b[0m\u001b[22m\n\u001b[2m\u001b[22m\n\u001b[2m      \u001b[2mat Object.<anonymous> (\u001b[22m\u001b[2m\u001b[0m\u001b[36m__tests__/products.test.tsx\u001b[39m\u001b[0m\u001b[2m:60:22)\u001b[22m\u001b[2m\u001b[22m\n\u001b[2m      \u001b[2mat asyncGeneratorStep (\u001b[22m\u001b[2mnode_modules/@babel/runtime/helpers/asyncToGenerator.js\u001b[2m:3:17)\u001b[22m\u001b[2m\u001b[22m\n\u001b[2m      \u001b[2mat _next (\u001b[22m\u001b[2mnode_modules/@babel/runtime/helpers/asyncToGenerator.js\u001b[2m:17:9)\u001b[22m\u001b[2m\u001b[22m\n\u001b[2m      \u001b[2mat \u001b[22m\u001b[2mnode_modules/@babel/runtime/helpers/asyncToGenerator.js\u001b[2m:22:7\u001b[22m\u001b[2m\u001b[22m\n\u001b[2m      \u001b[2mat Object.<anonymous> (\u001b[22m\u001b[2mnode_modules/@babel/runtime/helpers/asyncToGenerator.js\u001b[2m:14:12)\u001b[22m\u001b[2m\u001b[22m\n\n\u001b[1m\u001b[31m  \u001b[1m● \u001b[22m\u001b[1mProductsScreen UI and Logic Tests › shows empty container if search yields no results\u001b[39m\u001b[22m\n\n    Unable to find an element with text: 2 Ürün Listeleniyor\n\n    \u001b[36m<View>\u001b[39m\n      \u001b[36m<View>\u001b[39m\n        \u001b[36m<View>\u001b[39m\n          \u001b[36m<Text>\u001b[39m\n            \u001b[0m🔍\u001b[0m\n          \u001b[36m</Text>\u001b[39m\n          \u001b[36m<TextInput\u001b[39m\n            \u001b[33mplaceholder\u001b[39m=\u001b[32m\"Model veya marka ara...\"\u001b[39m\n            \u001b[33mvalue\u001b[39m=\u001b[32m\"\"\u001b[39m\n          \u001b[36m/>\u001b[39m\n        \u001b[36m</View>\u001b[39m\n      \u001b[36m</View>\u001b[39m\n      \u001b[36m<View>\u001b[39m\n        \u001b[36m<View>\u001b[39m\n          \u001b[36m<Text>\u001b[39m\n            \u001b[0m🔎\u001b[0m\n          \u001b[36m</Text>\u001b[39m\n        \u001b[36m</View>\u001b[39m\n        \u001b[36m<Text>\u001b[39m\n          \u001b[0mSonuç Bulunamadı\u001b[0m\n        \u001b[36m</Text>\u001b[39m\n        \u001b[36m<Text>\u001b[39m\n          \u001b[0m\"\u001b[0m\n          \u001b[0m\" aramanıza uygun ürün bulunamadı.\u001b[0m\n        \u001b[36m</Text>\u001b[39m\n      \u001b[36m</View>\u001b[39m\n    \u001b[36m</View>\u001b[39m\n\u001b[2m\u001b[22m\n\u001b[2m    \u001b[0m \u001b[90m 80 |\u001b[39m         \u001b[36mconst\u001b[39m { getByPlaceholderText\u001b[33m,\u001b[39m getByText } \u001b[33m=\u001b[39m render(\u001b[33m<\u001b[39m\u001b[33mProductsScreen\u001b[39m \u001b[33m/\u001b[39m\u001b[33m>\u001b[39m)\u001b[33m;\u001b[39m\u001b[22m\n\u001b[2m     \u001b[90m 81 |\u001b[39m\u001b[22m\n\u001b[2m    \u001b[31m\u001b[1m>\u001b[22m\u001b[2m\u001b[39m\u001b[90m 82 |\u001b[39m         \u001b[36mawait\u001b[39m waitFor(() \u001b[33m=>\u001b[39m {\u001b[22m\n\u001b[2m     \u001b[90m    |\u001b[39m                      \u001b[31m\u001b[1m^\u001b[22m\u001b[2m\u001b[39m\u001b[22m\n\u001b[2m     \u001b[90m 83 |\u001b[39m             expect(getByText(\u001b[32m'2 Ürün Listeleniyor'\u001b[39m))\u001b[33m.\u001b[39mtoBeTruthy()\u001b[33m;\u001b[39m\u001b[22m\n\u001b[2m     \u001b[90m 84 |\u001b[39m         })\u001b[33m;\u001b[39m\u001b[22m\n\u001b[2m     \u001b[90m 85 |\u001b[39m\u001b[0m\u001b[22m\n\u001b[2m\u001b[22m\n\u001b[2m      \u001b[2mat Object.<anonymous> (\u001b[22m\u001b[2m\u001b[0m\u001b[36m__tests__/products.test.tsx\u001b[39m\u001b[0m\u001b[2m:82:22)\u001b[22m\u001b[2m\u001b[22m\n\u001b[2m      \u001b[2mat asyncGeneratorStep (\u001b[22m\u001b[2mnode_modules/@babel/runtime/helpers/asyncToGenerator.js\u001b[2m:3:17)\u001b[22m\u001b[2m\u001b[22m\n\u001b[2m      \u001b[2mat _next (\u001b[22m\u001b[2mnode_modules/@babel/runtime/helpers/asyncToGenerator.js\u001b[2m:17:9)\u001b[22m\u001b[2m\u001b[22m\n\u001b[2m      \u001b[2mat \u001b[22m\u001b[2mnode_modules/@babel/runtime/helpers/asyncToGenerator.js\u001b[2m:22:7\u001b[22m\u001b[2m\u001b[22m\n\u001b[2m      \u001b[2mat Object.<anonymous> (\u001b[22m\u001b[2mnode_modules/@babel/runtime/helpers/asyncToGenerator.js\u001b[2m:14:12)\u001b[22m\u001b[2m\u001b[22m\n\n\u001b[1m\u001b[31m  \u001b[1m● \u001b[22m\u001b[1mProductsScreen UI and Logic Tests › shows error alert if API call fails\u001b[39m\u001b[22m\n\n    \u001b[2mexpect(\u001b[22m\u001b[31mjest.fn()\u001b[39m\u001b[2m).\u001b[22mtoHaveBeenCalledWith\u001b[2m(\u001b[22m\u001b[32m...expected\u001b[39m\u001b[2m)\u001b[22m\n\n    Expected: \u001b[32m\"Bağlantı Hatası\"\u001b[39m, \u001b[32m\"Ürün listesi şu an yüklenemiyor. Lütfen sunucunuzun açık olduğundan emin olun.\"\u001b[39m\n\n    Number of calls: \u001b[31m0\u001b[39m\n\u001b[2m\u001b[22m\n\u001b[2m    \u001b[0m \u001b[90m  98 |\u001b[39m         render(\u001b[33m<\u001b[39m\u001b[33mProductsScreen\u001b[39m \u001b[33m/\u001b[39m\u001b[33m>\u001b[39m)\u001b[33m;\u001b[39m\u001b[22m\n\u001b[2m     \u001b[90m  99 |\u001b[39m\u001b[22m\n\u001b[2m    \u001b[31m\u001b[1m>\u001b[22m\u001b[2m\u001b[39m\u001b[90m 100 |\u001b[39m         \u001b[36mawait\u001b[39m waitFor(() \u001b[33m=>\u001b[39m {\u001b[22m\n\u001b[2m     \u001b[90m     |\u001b[39m                      \u001b[31m\u001b[1m^\u001b[22m\u001b[2m\u001b[39m\u001b[22m\n\u001b[2m     \u001b[90m 101 |\u001b[39m             expect(\u001b[33mAlert\u001b[39m\u001b[33m.\u001b[39malert)\u001b[33m.\u001b[39mtoHaveBeenCalledWith(\u001b[22m\n\u001b[2m     \u001b[90m 102 |\u001b[39m                 \u001b[32m'Bağlantı Hatası'\u001b[39m\u001b[33m,\u001b[39m\u001b[22m\n\u001b[2m     \u001b[90m 103 |\u001b[39m                 \u001b[32m'Ürün listesi şu an yüklenemiyor. Lütfen sunucunuzun açık olduğundan emin olun.'\u001b[39m\u001b[0m\u001b[22m\n\u001b[2m\u001b[22m\n\u001b[2m      \u001b[2mat Object.<anonymous> (\u001b[22m\u001b[2m\u001b[0m\u001b[36m__tests__/products.test.tsx\u001b[39m\u001b[0m\u001b[2m:100:22)\u001b[22m\u001b[2m\u001b[22m\n\u001b[2m      \u001b[2mat asyncGeneratorStep (\u001b[22m\u001b[2mnode_modules/@babel/runtime/helpers/asyncToGenerator.js\u001b[2m:3:17)\u001b[22m\u001b[2m\u001b[22m\n\u001b[2m      \u001b[2mat _next (\u001b[22m\u001b[2mnode_modules/@babel/runtime/helpers/asyncToGenerator.js\u001b[2m:17:9)\u001b[22m\u001b[2m\u001b[22m\n\u001b[2m      \u001b[2mat \u001b[22m\u001b[2mnode_modules/@babel/runtime/helpers/asyncToGenerator.js\u001b[2m:22:7\u001b[22m\u001b[2m\u001b[22m\n\u001b[2m      \u001b[2mat Object.<anonymous> (\u001b[22m\u001b[2mnode_modules/@babel/runtime/helpers/asyncToGenerator.js\u001b[2m:14:12)\u001b[22m\u001b[2m\u001b[22m\n","name":"C:\\Users\\faruk\\OneDrive\\Masaüstü\\remzi2\\BekoSIRS_Frontend\\__tests__\\products.test.tsx","startTime":1772671874363,"status":"failed","summary":""},{"assertionResults":[{"ancestorTitles":["HomeScreen (Dashboard) Tests"],"duration":170,"failureDetails":[],"failureMessages":[],"fullName":"HomeScreen (Dashboard) Tests renders loading state initially","invocations":1,"location":null,"numPassingAsserts":1,"retryReasons":[],"status":"passed","title":"renders loading state initially"},{"ancestorTitles":["HomeScreen (Dashboard) Tests"],"duration":1714,"failureDetails":[{}],"failureMessages":["Error: Unable to find an element with text: Beyaz Eşya\n\n\u001b[36m<RCTSafeAreaView>\u001b[39m\n  \u001b[36m<RCTScrollView>\u001b[39m\n    \u001b[36m<RCTRefreshControl />\u001b[39m\n    \u001b[36m<View>\u001b[39m\n      \u001b[36m<View>\u001b[39m\n        \u001b[36m<View>\u001b[39m\n          \u001b[36m<View>\u001b[39m\n            \u001b[36m<FontAwesome />\u001b[39m\n            \u001b[36m<TextInput\u001b[39m\n              \u001b[33mplaceholder\u001b[39m=\u001b[32m\"Ürün veya marka ara...\"\u001b[39m\n              \u001b[33mvalue\u001b[39m=\u001b[32m\"\"\u001b[39m\n            \u001b[36m/>\u001b[39m\n          \u001b[36m</View>\u001b[39m\n          \u001b[36m<RCTScrollView>\u001b[39m\n            \u001b[36m<View>\u001b[39m\n              \u001b[36m<View\u001b[39m\n                \u001b[33maccessible\u001b[39m=\u001b[32m{true}\u001b[39m\n              \u001b[36m>\u001b[39m\n                \u001b[36m<Text>\u001b[39m\n                  \u001b[0mTümü\u001b[0m\n                \u001b[36m</Text>\u001b[39m\n              \u001b[36m</View>\u001b[39m\n            \u001b[36m</View>\u001b[39m\n          \u001b[36m</RCTScrollView>\u001b[39m\n          \u001b[36m<View>\u001b[39m\n            \u001b[36m<Text>\u001b[39m\n              \u001b[0mSırala:\u001b[0m\n            \u001b[36m</Text>\u001b[39m\n            \u001b[36m<RCTScrollView>\u001b[39m\n              \u001b[36m<View>\u001b[39m\n                \u001b[36m<View\u001b[39m\n                  \u001b[33maccessible\u001b[39m=\u001b[32m{true}\u001b[39m\n                \u001b[36m>\u001b[39m\n                  \u001b[36m<Text>\u001b[39m\n                    \u001b[0mTümü\u001b[0m\n                  \u001b[36m</Text>\u001b[39m\n                \u001b[36m</View>\u001b[39m\n                \u001b[36m<View\u001b[39m\n                  \u001b[33maccessible\u001b[39m=\u001b[32m{true}\u001b[39m\n                \u001b[36m>\u001b[39m\n                  \u001b[36m<Text>\u001b[39m\n                    \u001b[0mEn Çok Değerlendirilen\u001b[0m\n                  \u001b[36m</Text>\u001b[39m\n                \u001b[36m</View>\u001b[39m\n                \u001b[36m<View\u001b[39m\n                  \u001b[33maccessible\u001b[39m=\u001b[32m{true}\u001b[39m\n                \u001b[36m>\u001b[39m\n                  \u001b[36m<Text>\u001b[39m\n                    \u001b[0mEn Çok Yorum Alan\u001b[0m\n                  \u001b[36m</Text>\u001b[39m\n                \u001b[36m</View>\u001b[39m\n                \u001b[36m<View\u001b[39m\n                  \u001b[33maccessible\u001b[39m=\u001b[32m{true}\u001b[39m\n                \u001b[36m>\u001b[39m\n                  \u001b[36m<Text>\u001b[39m\n                    \u001b[0mEn Çok Satılan\u001b[0m\n                  \u001b[36m</Text>\u001b[39m\n                \u001b[36m</View>\u001b[39m\n              \u001b[36m</View>\u001b[39m\n            \u001b[36m</RCTScrollView>\u001b[39m\n          \u001b[36m</View>\u001b[39m\n        \u001b[36m</View>\u001b[39m\n      \u001b[36m</View>\u001b[39m\n      \u001b[36m<View>\u001b[39m\n        \u001b[36m<FontAwesome />\u001b[39m\n        \u001b[36m<Text>\u001b[39m\n          \u001b[0mÜrün Bulunamadı\u001b[0m\n        \u001b[36m</Text>\u001b[39m\n        \u001b[36m<Text>\u001b[39m\n          \u001b[0mArama kriterlerinize uygun ürün bulunamadı.\u001b[0m\n        \u001b[36m</Text>\u001b[39m\n      \u001b[36m</View>\u001b[39m\n    \u001b[36m</View>\u001b[39m\n  \u001b[36m</RCTScrollView>\u001b[39m\n\u001b[36m</RCTSafeAreaView>\u001b[39m\n    at Object.<anonymous> (C:\\Users\\faruk\\OneDrive\\Masaüstü\\remzi2\\BekoSIRS_Frontend\\__tests__\\dashboard.test.tsx:98:22)\n    at Generator.next (<anonymous>)\n    at asyncGeneratorStep (C:\\Users\\faruk\\OneDrive\\Masaüstü\\remzi2\\BekoSIRS_Frontend\\node_modules\\@babel\\runtime\\helpers\\asyncToGenerator.js:3:17)\n    at _next (C:\\Users\\faruk\\OneDrive\\Masaüstü\\remzi2\\BekoSIRS_Frontend\\node_modules\\@babel\\runtime\\helpers\\asyncToGenerator.js:17:9)\n    at C:\\Users\\faruk\\OneDrive\\Masaüstü\\remzi2\\BekoSIRS_Frontend\\node_modules\\@babel\\runtime\\helpers\\asyncToGenerator.js:22:7\n    at new Promise (<anonymous>)\n    at Object.<anonymous> (C:\\Users\\faruk\\OneDrive\\Masaüstü\\remzi2\\BekoSIRS_Frontend\\node_modules\\@babel\\runtime\\helpers\\asyncToGenerator.js:14:12)\n    at Promise.then.completed (C:\\Users\\faruk\\OneDrive\\Masaüstü\\remzi2\\BekoSIRS_Frontend\\node_modules\\jest-circus\\build\\utils.js:298:28)\n    at new Promise (<anonymous>)\n    at callAsyncCircusFn (C:\\Users\\faruk\\OneDrive\\Masaüstü\\remzi2\\BekoSIRS_Frontend\\node_modules\\jest-circus\\build\\utils.js:231:10)\n    at _callCircusTest (C:\\Users\\faruk\\OneDrive\\Masaüstü\\remzi2\\BekoSIRS_Frontend\\node_modules\\jest-circus\\build\\run.js:316:40)\n    at _runTest (C:\\Users\\faruk\\OneDrive\\Masaüstü\\remzi2\\BekoSIRS_Frontend\\node_modules\\jest-circus\\build\\run.js:252:3)\n    at _runTestsForDescribeBlock (C:\\Users\\faruk\\OneDrive\\Masaüstü\\remzi2\\BekoSIRS_Frontend\\node_modules\\jest-circus\\build\\run.js:126:9)\n    at _runTestsForDescribeBlock (C:\\Users\\faruk\\OneDrive\\Masaüstü\\remzi2\\BekoSIRS_Frontend\\node_modules\\jest-circus\\build\\run.js:121:9)\n    at run (C:\\Users\\faruk\\OneDrive\\Masaüstü\\remzi2\\BekoSIRS_Frontend\\node_modules\\jest-circus\\build\\run.js:71:3)\n    at runAndTransformResultsToJestFormat (C:\\Users\\faruk\\OneDrive\\Masaüstü\\remzi2\\BekoSIRS_Frontend\\node_modules\\jest-circus\\build\\legacy-code-todo-rewrite\\jestAdapterInit.js:122:21)\n    at jestAdapter (C:\\Users\\faruk\\OneDrive\\Masaüstü\\remzi2\\BekoSIRS_Frontend\\node_modules\\jest-circus\\build\\legacy-code-todo-rewrite\\jestAdapter.js:79:19)\n    at runTestInternal (C:\\Users\\faruk\\OneDrive\\Masaüstü\\remzi2\\BekoSIRS_Frontend\\node_modules\\jest-runner\\build\\runTest.js:367:16)\n    at runTest (C:\\Users\\faruk\\OneDrive\\Masaüstü\\remzi2\\BekoSIRS_Frontend\\node_modules\\jest-runner\\build\\runTest.js:444:34)\n    at Object.worker (C:\\Users\\faruk\\OneDrive\\Masaüstü\\remzi2\\BekoSIRS_Frontend\\node_modules\\jest-runner\\build\\testWorker.js:106:12)"],"fullName":"HomeScreen (Dashboard) Tests renders dashboard with products, categories, and popular products","invocations":1,"location":null,"numPassingAsserts":2,"retryReasons":[],"status":"failed","title":"renders dashboard with products, categories, and popular products"},{"ancestorTitles":["HomeScreen (Dashboard) Tests"],"duration":1039,"failureDetails":[{}],"failureMessages":["Error: Unable to find an element with text: Beyaz Eşya\n\n\u001b[36m<RCTSafeAreaView>\u001b[39m\n  \u001b[36m<RCTScrollView>\u001b[39m\n    \u001b[36m<RCTRefreshControl />\u001b[39m\n    \u001b[36m<View>\u001b[39m\n      \u001b[36m<View>\u001b[39m\n        \u001b[36m<View>\u001b[39m\n          \u001b[36m<View>\u001b[39m\n            \u001b[36m<FontAwesome />\u001b[39m\n            \u001b[36m<TextInput\u001b[39m\n              \u001b[33mplaceholder\u001b[39m=\u001b[32m\"Ürün veya marka ara...\"\u001b[39m\n              \u001b[33mvalue\u001b[39m=\u001b[32m\"\"\u001b[39m\n            \u001b[36m/>\u001b[39m\n          \u001b[36m</View>\u001b[39m\n          \u001b[36m<RCTScrollView>\u001b[39m\n            \u001b[36m<View>\u001b[39m\n              \u001b[36m<View\u001b[39m\n                \u001b[33maccessible\u001b[39m=\u001b[32m{true}\u001b[39m\n              \u001b[36m>\u001b[39m\n                \u001b[36m<Text>\u001b[39m\n                  \u001b[0mTümü\u001b[0m\n                \u001b[36m</Text>\u001b[39m\n              \u001b[36m</View>\u001b[39m\n            \u001b[36m</View>\u001b[39m\n          \u001b[36m</RCTScrollView>\u001b[39m\n          \u001b[36m<View>\u001b[39m\n            \u001b[36m<Text>\u001b[39m\n              \u001b[0mSırala:\u001b[0m\n            \u001b[36m</Text>\u001b[39m\n            \u001b[36m<RCTScrollView>\u001b[39m\n              \u001b[36m<View>\u001b[39m\n                \u001b[36m<View\u001b[39m\n                  \u001b[33maccessible\u001b[39m=\u001b[32m{true}\u001b[39m\n                \u001b[36m>\u001b[39m\n                  \u001b[36m<Text>\u001b[39m\n                    \u001b[0mTümü\u001b[0m\n                  \u001b[36m</Text>\u001b[39m\n                \u001b[36m</View>\u001b[39m\n                \u001b[36m<View\u001b[39m\n                  \u001b[33maccessible\u001b[39m=\u001b[32m{true}\u001b[39m\n                \u001b[36m>\u001b[39m\n                  \u001b[36m<Text>\u001b[39m\n                    \u001b[0mEn Çok Değerlendirilen\u001b[0m\n                  \u001b[36m</Text>\u001b[39m\n                \u001b[36m</View>\u001b[39m\n                \u001b[36m<View\u001b[39m\n                  \u001b[33maccessible\u001b[39m=\u001b[32m{true}\u001b[39m\n                \u001b[36m>\u001b[39m\n                  \u001b[36m<Text>\u001b[39m\n                    \u001b[0mEn Çok Yorum Alan\u001b[0m\n                  \u001b[36m</Text>\u001b[39m\n                \u001b[36m</View>\u001b[39m\n                \u001b[36m<View\u001b[39m\n                  \u001b[33maccessible\u001b[39m=\u001b[32m{true}\u001b[39m\n                \u001b[36m>\u001b[39m\n                  \u001b[36m<Text>\u001b[39m\n                    \u001b[0mEn Çok Satılan\u001b[0m\n                  \u001b[36m</Text>\u001b[39m\n                \u001b[36m</View>\u001b[39m\n              \u001b[36m</View>\u001b[39m\n            \u001b[36m</RCTScrollView>\u001b[39m\n          \u001b[36m</View>\u001b[39m\n        \u001b[36m</View>\u001b[39m\n      \u001b[36m</View>\u001b[39m\n      \u001b[36m<View>\u001b[39m\n        \u001b[36m<FontAwesome />\u001b[39m\n        \u001b[36m<Text>\u001b[39m\n          \u001b[0mÜrün Bulunamadı\u001b[0m\n        \u001b[36m</Text>\u001b[39m\n        \u001b[36m<Text>\u001b[39m\n          \u001b[0mArama kriterlerinize uygun ürün bulunamadı.\u001b[0m\n        \u001b[36m</Text>\u001b[39m\n      \u001b[36m</View>\u001b[39m\n    \u001b[36m</View>\u001b[39m\n  \u001b[36m</RCTScrollView>\u001b[39m\n\u001b[36m</RCTSafeAreaView>\u001b[39m\n    at Object.<anonymous> (C:\\Users\\faruk\\OneDrive\\Masaüstü\\remzi2\\BekoSIRS_Frontend\\__tests__\\dashboard.test.tsx:124:22)\n    at Generator.next (<anonymous>)\n    at asyncGeneratorStep (C:\\Users\\faruk\\OneDrive\\Masaüstü\\remzi2\\BekoSIRS_Frontend\\node_modules\\@babel\\runtime\\helpers\\asyncToGenerator.js:3:17)\n    at _next (C:\\Users\\faruk\\OneDrive\\Masaüstü\\remzi2\\BekoSIRS_Frontend\\node_modules\\@babel\\runtime\\helpers\\asyncToGenerator.js:17:9)\n    at C:\\Users\\faruk\\OneDrive\\Masaüstü\\remzi2\\BekoSIRS_Frontend\\node_modules\\@babel\\runtime\\helpers\\asyncToGenerator.js:22:7\n    at new Promise (<anonymous>)\n    at Object.<anonymous> (C:\\Users\\faruk\\OneDrive\\Masaüstü\\remzi2\\BekoSIRS_Frontend\\node_modules\\@babel\\runtime\\helpers\\asyncToGenerator.js:14:12)\n    at Promise.then.completed (C:\\Users\\faruk\\OneDrive\\Masaüstü\\remzi2\\BekoSIRS_Frontend\\node_modules\\jest-circus\\build\\utils.js:298:28)\n    at new Promise (<anonymous>)\n    at callAsyncCircusFn (C:\\Users\\faruk\\OneDrive\\Masaüstü\\remzi2\\BekoSIRS_Frontend\\node_modules\\jest-circus\\build\\utils.js:231:10)\n    at _callCircusTest (C:\\Users\\faruk\\OneDrive\\Masaüstü\\remzi2\\BekoSIRS_Frontend\\node_modules\\jest-circus\\build\\run.js:316:40)\n    at _runTest (C:\\Users\\faruk\\OneDrive\\Masaüstü\\remzi2\\BekoSIRS_Frontend\\node_modules\\jest-circus\\build\\run.js:252:3)\n    at _runTestsForDescribeBlock (C:\\Users\\faruk\\OneDrive\\Masaüstü\\remzi2\\BekoSIRS_Frontend\\node_modules\\jest-circus\\build\\run.js:126:9)\n    at _runTestsForDescribeBlock (C:\\Users\\faruk\\OneDrive\\Masaüstü\\remzi2\\BekoSIRS_Frontend\\node_modules\\jest-circus\\build\\run.js:121:9)\n    at run (C:\\Users\\faruk\\OneDrive\\Masaüstü\\remzi2\\BekoSIRS_Frontend\\node_modules\\jest-circus\\build\\run.js:71:3)\n    at runAndTransformResultsToJestFormat (C:\\Users\\faruk\\OneDrive\\Masaüstü\\remzi2\\BekoSIRS_Frontend\\node_modules\\
[...]
n\nExpected: \u001b[32m\"/api/v1/products/?page_size=50&search=F%C4%B1r%C4%B1n\"\u001b[39m\n\nNumber of calls: \u001b[31m0\u001b[39m\n    at Object.<anonymous> (C:\\Users\\faruk\\OneDrive\\Masaüstü\\remzi2\\BekoSIRS_Frontend\\__tests__\\dashboard.test.tsx:172:22)\n    at Generator.next (<anonymous>)\n    at asyncGeneratorStep (C:\\Users\\faruk\\OneDrive\\Masaüstü\\remzi2\\BekoSIRS_Frontend\\node_modules\\@babel\\runtime\\helpers\\asyncToGenerator.js:3:17)\n    at _next (C:\\Users\\faruk\\OneDrive\\Masaüstü\\remzi2\\BekoSIRS_Frontend\\node_modules\\@babel\\runtime\\helpers\\asyncToGenerator.js:17:9)"],"fullName":"HomeScreen (Dashboard) Tests searches for a product via TextInput","invocations":1,"location":null,"numPassingAsserts":1,"retryReasons":[],"status":"failed","title":"searches for a product via TextInput"}],"endTime":1772671882924,"message":"\u001b[1m\u001b[31m  \u001b[1m● \u001b[22m\u001b[1mHomeScreen (Dashboard) Tests › renders dashboard with products, categories, and popular products\u001b[39m\u001b[22m\n\n    Unable to find an element with text: Beyaz Eşya\n\n    \u001b[36m<RCTSafeAreaView>\u001b[39m\n      \u001b[36m<RCTScrollView>\u001b[39m\n        \u001b[36m<RCTRefreshControl />\u001b[39m\n        \u001b[36m<View>\u001b[39m\n          \u001b[36m<View>\u001b[39m\n            \u001b[36m<View>\u001b[39m\n              \u001b[36m<View>\u001b[39m\n                \u001b[36m<FontAwesome />\u001b[39m\n                \u001b[36m<TextInput\u001b[39m\n                  \u001b[33mplaceholder\u001b[39m=\u001b[32m\"Ürün veya marka ara...\"\u001b[39m\n                  \u001b[33mvalue\u001b[39m=\u001b[32m\"\"\u001b[39m\n                \u001b[36m/>\u001b[39m\n              \u001b[36m</View>\u001b[39m\n              \u001b[36m<RCTScrollView>\u001b[39m\n                \u001b[36m<View>\u001b[39m\n                  \u001b[36m<View\u001b[39m\n                    \u001b[33maccessible\u001b[39m=\u001b[32m{true}\u001b[39m\n                  \u001b[36m>\u001b[39m\n                    \u001b[36m<Text>\u001b[39m\n                      \u001b[0mTümü\u001b[0m\n                    \u001b[36m</Text>\u001b[39m\n                  \u001b[36m</View>\u001b[39m\n                \u001b[36m</View>\u001b[39m\n              \u001b[36m</RCTScrollView>\u001b[39m\n              \u001b[36m<View>\u001b[39m\n                \u001b[36m<Text>\u001b[39m\n                  \u001b[0mSırala:\u001b[0m\n                \u001b[36m</Text>\u001b[39m\n                \u001b[36m<RCTScrollView>\u001b[39m\n                  \u001b[36m<View>\u001b[39m\n                    \u001b[36m<View\u001b[39m\n                      \u001b[33maccessible\u001b[39m=\u001b[32m{true}\u001b[39m\n                    \u001b[36m>\u001b[39m\n                      \u001b[36m<Text>\u001b[39m\n                        \u001b[0mTümü\u001b[0m\n                      \u001b[36m</Text>\u001b[39m\n                    \u001b[36m</View>\u001b[39m\n                    \u001b[36m<View\u001b[39m\n                      \u001b[33maccessible\u001b[39m=\u001b[32m{true}\u001b[39m\n                    \u001b[36m>\u001b[39m\n                      \u001b[36m<Text>\u001b[39m\n                        \u001b[0mEn Çok Değerlendirilen\u001b[0m\n                      \u001b[36m</Text>\u001b[39m\n                    \u001b[36m</View>\u001b[39m\n                    \u001b[36m<View\u001b[39m\n                      \u001b[33maccessible\u001b[39m=\u001b[32m{true}\u001b[39m\n                    \u001b[36m>\u001b[39m\n                      \u001b[36m<Text>\u001b[39m\n                        \u001b[0mEn Çok Yorum Alan\u001b[0m\n                      \u001b[36m</Text>\u001b[39m\n                    \u001b[36m</View>\u001b[39m\n                    \u001b[36m<View\u001b[39m\n                      \u001b[33maccessible\u001b[39m=\u001b[32m{true}\u001b[39m\n                    \u001b[36m>\u001b[39m\n                      \u001b[36m<Text>\u001b[39m\n                        \u001b[0mEn Çok Satılan\u001b[0m\n                      \u001b[36m</Text>\u001b[39m\n                    \u001b[36m</View>\u001b[39m\n                  \u001b[36m</View>\u001b[39m\n                \u001b[36m</RCTScrollView>\u001b[39m\n              \u001b[36m</View>\u001b[39m\n            \u001b[36m</View>\u001b[39m\n          \u001b[36m</View>\u001b[39m\n          \u001b[36m<View>\u001b[39m\n            \u001b[36m<FontAwesome />\u001b[39m\n            \u001b[36m<Text>\u001b[39m\n              \u001b[0mÜrün Bulunamadı\u001b[0m\n            \u001b[36m</Text>\u001b[39m\n            \u001b[36m<Text>\u001b[39m\n              \u001b[0mArama kriterlerinize uygun ürün bulunamadı.\u001b[0m\n            \u001b[36m</Text>\u001b[39m\n          \u001b[36m</View>\u001b[39m\n        \u001b[36m</View>\u001b[39m\n      \u001b[36m</RCTScrollView>\u001b[39m\n    \u001b[36m</RCTSafeAreaView>\u001b[39m\n\u001b[2m\u001b[22m\n\u001b[2m    \u001b[0m \u001b[90m  96 |\u001b[39m\u001b[22m\n\u001b[2m     \u001b[90m  97 |\u001b[39m         \u001b[90m// Wait for data load\u001b[39m\u001b[22m\n\u001b[2m    \u001b[31m\u001b[1m>\u001b[22m\u001b[2m\u001b[39m\u001b[90m  98 |\u001b[39m         \u001b[36mawait\u001b[39m waitFor(\u001b[36masync\u001b[39m () \u001b[33m=>\u001b[39m {\u001b[22m\n\u001b[2m     \u001b[90m     |\u001b[39m                      \u001b[31m\u001b[1m^\u001b[22m\u001b[2m\u001b[39m\u001b[22m\n\u001b[2m     \u001b[90m  99 |\u001b[39m             expect(getByPlaceholderText(\u001b[32m'Ürün veya marka ara...'\u001b[39m))\u001b[33m.\u001b[39mtoBeTruthy()\u001b[33m;\u001b[39m\u001b[22m\n\u001b[2m     \u001b[90m 100 |\u001b[39m\u001b[22m\n\u001b[2m     \u001b[90m 101 |\u001b[39m             \u001b[90m// Categories\u001b[39m\u001b[0m\u001b[22m\n\u001b[2m\u001b[22m\n\u001b[2m      \u001b[2mat Object.<anonymous> (\u001b[22m\u001b[2m\u001b[0m\u001b[36m__tests__/dashboard.test.tsx\u001b[39m\u001b[0m\u001b[2m:98:22)\u001b[22m\u001b[2m\u001b[22m\n\u001b[2m      \u001b[2mat asyncGeneratorStep (\u001b[22m\u001b[2mnode_modules/@babel/runtime/helpers/asyncToGenerator.js\u001b[2m:3:17)\u001b[22m\u001b[2m\u001b[22m\n\u001b[2m      \u001b[2mat _next (\u001b[22m\u001b[2mnode_modules/@babel/runtime/helpers/asyncToGenerator.js\u001b[2m:17:9)\u001b[22m\u001b[2m\u001b[22m\n\u001b[2m      \u001b[2mat \u001b[22m\u001b[2mnode_modules/@babel/runtime/helpers/asyncToGenerator.js\u001b[2m:22:7\u001b[22m\u001b[2m\u001b[22m\n\u001b[2m      \u001b[2mat Object.<anonymous> (\u001b[22m\u001b[2mnode_modules/@babel/runtime/helpers/asyncToGenerator.js\u001b[2m:14:12)\u001b[22m\u001b[2m\u001b[22m\n\n\u001b[1m\u001b[31m  \u001b[1m● \u001b[22m\u001b[1mHomeScreen (Dashboard) Tests › filters by category chip press\u001b[39m\u001b[22m\n\n    Unable to find an element with text: Beyaz Eşya\n\n    \u001b[36m<RCTSafeAreaView>\u001b[39m\n      \u001b[36m<RCTScrollView>\u001b[39m\n        \u001b[36m<RCTRefreshControl />\u001b[39m\n        \u001b[36m<View>\u001b[39m\n          \u001b[36m<View>\u001b[39m\n            \u001b[36m<View>\u001b[39m\n              \u001b[36m<View>\u001b[39m\n                \u001b[36m<FontAwesome />\u001b[39m\n                \u001b[36m<TextInput\u001b[39m\n                  \u001b[33mplaceholder\u001b[39m=\u001b[32m\"Ürün veya marka ara...\"\u001b[39m\n                  \u001b[33mvalue\u001b[39m=\u001b[32m\"\"\u001b[39m\n                \u001b[36m/>\u001b[39m\n              \u001b[36m</View>\u001b[39m\n              \u001b[36m<RCTScrollView>\u001b[39m\n                \u001b[36m<View>\u001b[39m\n                  \u001b[36m<View\u001b[39m\n                    \u001b[33maccessible\u001b[39m=\u001b[32m{true}\u001b[39m\n                  \u001b[36m>\u001b[39m\n                    \u001b[36m<Text>\u001b[39m\n                      \u001b[0mTümü\u001b[0m\n                    \u001b[36m</Text>\u001b[39m\n                  \u001b[36m</View>\u001b[39m\n                \u001b[36m</View>\u001b[39m\n              \u001b[36m</RCTScrollView>\u001b[39m\n              \u001b[36m<View>\u001b[39m\n                \u001b[36m<Text>\u001b[39m\n                  \u001b[0mSırala:\u001b[0m\n                \u001b[36m</Text>\u001b[39m\n                \u001b[36m<RCTScrollView>\u001b[39m\n                  \u001b[36m<View>\u001b[39m\n                    \u001b[36m<View\u001b[39m\n                      \u001b[33maccessible\u001b[39m=\u001b[32m{true}\u001b[39m\n                    \u001b[36m>\u001b[39m\n                      \u001b[36m<Text>\u001b[39m\n                        \u001b[0mTümü\u001b[0m\n                      \u001b[36m</Text>\u001b[39m\n                    \u001b[36m</View>\u001b[39m\n                    \u001b[36m<View\u001b[39m\n                      \u001b[33maccessible\u001b[39m=\u001b[32m{true}\u001b[39m\n                    \u001b[36m>\u001b[39m\n                      \u001b[36m<Text>\u001b[39m\n                        \u001b[0mEn Çok Değerlendirilen\u001b[0m\n                      \u001b[36m</Text>\u001b[39m\n                    \u001b[36m</View>\u001b[39m\n                    \u001b[36m<View\u001b[39m\n                      \u001b[33maccessible\u001b[39m=\u001b[32m{true}\u001b[39m\n                    \u001b[36m>\u001b[39m\n                      \u001b[36m<Text>\u001b[39m\n                        \u001b[0mEn Çok Yorum Alan\u001b[0m\n                      \u001b[36m</Text>\u001b[39m\n                    \u001b[36m</View>\u001b[39m\n                    \u001b[36m<View\u001b[39m\n                      \u001b[33maccessible\u001b[39m=\u001b[32m{true}\u001b[39m\n                    \u001b[36m>\u001b[39m\n                      \u001b[36m<Text>\u001b[39m\n                        \u001b[0mEn Çok Satılan\u001b[0m\n                      \u001b[36m</Text>\u001b[39m\n                    \u001b[36m</View>\u001b[39m\n                  \u001b[36m</View>\u001b[39m\n                \u001b[36m</RCTScrollView>\u001b[39m\n              \u001b[36m</View>\u001b[39m\n            \u001b[36m</View>\u001b[39m\n          \u001b[36m</View>\u001b[39m\n          \u001b[36m<View>\u001b[39m\n            \u001b[36m<FontAwesome />\u001b[39m\n            \u001b[36m<Text>\u001b[39m\n              \u001b[0mÜrün Bulunamadı\u001b[0m\n            \u001b[36m</Text>\u001b[39m\n            \u001b[36m<Text>\u001b[39m\n              \u001b[0mArama kriterlerinize uygun ürün bulunamadı.\u001b[0m\n            \u001b[36m</Text>\u001b[39m\n          \u001b[36m</View>\u001b[39m\n        \u001b[36m</View>\u001b[39m\n      \u001b[36m</RCTScrollView>\u001b[39m\n    \u001b[36m</RCTSafeAreaView>\u001b[39m\n\u001b[2m\u001b[22m\n\u001b[2m    \u001b[0m \u001b[90m 122 |\u001b[39m\u001b[22m\n\u001b[2m     \u001b[90m 123 |\u001b[39m         \u001b[90m// API takes the category click -> api.get with '&category=1'\u001b[39m\u001b[22m\n\u001b[2m    \u001b[31m\u001b[1m>\u001b[22m\u001b[2m\u001b[39m\u001b[90m 124 |\u001b[39m         \u001b[36mawait\u001b[39m waitFor(() \u001b[33m=>\u001b[39m {\u001b[22m\n\u001b[2m     \u001b[90m     |\u001b[39m                      \u001b[31m\u001b[1m^\u001b[22m\u001b[2m\u001b[39m\u001b[22m\n\u001b[2m     \u001b[90m 125 |\u001b[39m             expect(getByText(\u001b[32m'Beyaz Eşya'\u001b[39m))\u001b[33m.\u001b[39mtoBeTruthy()\u001b[33m;\u001b[39m\u001b[22m\n\u001b[2m     \u001b[90m 126 |\u001b[39m         })\u001b[33m;\u001b[39m\u001b[22m\n\u001b[2m     \u001b[90m 127 |\u001b[39m\u001b[0m\u001b[22m\n\u001b[2m\u001b[22m\n\u001b[2m      \u001b[2mat Object.<anonymous> (\u001b[22m\u001b[2m\u001b[0m\u001b[36m__tests__/dashboard.test.tsx\u001b[39m\u001b[0m\u001b[2m:124:22)\u001b[22m\u001b[2m\u001b[22m\n\u001b[2m      \u001b[2mat asyncGeneratorStep (\u001b[22m\u001b[2mnode_modules/@babel/runtime/helpers/asyncToGenerator.js\u001b[2m:3:17)\u001b[22m\u001b[2m\u001b[22m\n\u001b[2m      \u001b[2mat _next (\u001b[22m\u001b[2mnode_modules/@babel/runtime/helpers/asyncToGenerator.js\u001b[2m:17:9)\u001b[22m\u001b[2m\u001b[22m\n\u001b[2m      \u001b[2mat \u001b[22m\u001b[2mnode_modules/@babel/runtime/helpers/asyncToGenerator.js\u001b[2m:22:7\u001b[22m\u001b[2m\u001b[22m\n\u001b[2m      \u001b[2mat Object.<anonymous> (\u001b[22m\u001b[2mnode_modules/@babel/runtime/helpers/asyncToGenerator.js\u001b[2m:14:12)\u001b[22m\u001b[2m\u001b[22m\n\n\u001b[1m\u001b[31m  \u001b[1m● \u001b[22m\u001b[1mHomeScreen (Dashboard) Tests › sorts the product list based on sort chips\u001b[39m\u001b[22m\n\n    Unable to find an element with testID: product-card\n\n    \u001b[36m<RCTSafeAreaView>\u001b[39m\n      \u001b[36m<RCTScrollView>\u001b[39m\n        \u001b[36m<RCTRefreshControl />\u001b[39m\n        \u001b[36m<View>\u001b[39m\n          \u001b[36m<View>\u001b[39m\n            \u001b[36m<View>\u001b[39m\n              \u001b[36m<View>\u001b[39m\n                \u001b[36m<FontAwesome />\u001b[39m\n                \u001b[36m<TextInput\u001b[39m\n                  \u001b[33mplaceholder\u001b[39m=\u001b[32m\"Ürün veya marka ara...\"\u001b[39m\n                  \u001b[33mvalue\u001b[39m=\u001b[32m\"\"\u001b[39m\n                \u001b[36m/>\u001b[39m\n              \u001b[36m</View>\u001b[39m\n              \u001b[36m<RCTScrollView>\u001b[39m\n                \u001b[36m<View>\u001b[39m\n                  \u001b[36m<View\u001b[39m\n                    \u001b[33maccessible\u001b[39m=\u001b[32m{true}\u001b[39m\n                  \u001b[36m>\u001b[39m\n                    \u001b[36m<Text>\u001b[39m\n                      \u001b[0mTümü\u001b[0m\n                    \u001b[36m</Text>\u001b[39m\n                  \u001b[36m</View>\u001b[39m\n                \u001b[36m</View>\u001b[39m\n              \u001b[36m</RCTScrollView>\u001b[39m\n              \u001b[36m<View>\u001b[39m\n                \u001b[36m<Text>\u001b[39m\n                  \u001b[0mSırala:\u001b[0m\n                \u001b[36m</Text>\u001b[39m\n                \u001b[36m<RCTScrollView>\u001b[39m\n                  \u001b[36m<View>\u001b[39m\n                    \u001b[36m<View\u001b[39m\n                      \u001b[33maccessible\u001b[39m=\u001b[32m{true}\u001b[39m\n                    \u001b[36m>\u001b[39m\n                      \u001b[36m<Text>\u001b[39m\n                        \u001b[0mTümü\u001b[0m\n                      \u001b[36m</Text>\u001b[39m\n                    \u001b[36m</View>\u001b[39m\n                    \u001b[36m<View\u001b[39m\n                      \u001b[33maccessible\u001b[39m=\u001b[32m{true}\u001b[39m\n                    \u001b[36m>\u001b[39m\n                      \u001b[36m<Text>\u001b[39m\n                        \u001b[0mEn Çok Değerlendirilen\u001b[0m\n                      \u001b[36m</Text>\u001b[39m\n                    \u001b[36m</View>\u001b[39m\n                    \u001b[36m<View\u001b[39m\n                      \u001b[33maccessible\u001b[39m=\u001b[32m{true}\u001b[39m\n                    \u001b[36m>\u001b[39m\n                      \u001b[36m<Text>\u001b[39m\n                        \u001b[0mEn Çok Yorum Alan\u001b[0m\n                      \u001b[36m</Text>\u001b[39m\n                    \u001b[36m</View>\u001b[39m\n                    \u001b[36m<View\u001b[39m\n                      \u001b[33maccessible\u001b[39m=\u001b[32m{true}\u001b[39m\n                    \u001b[36m>\u001b[39m\n                      \u001b[36m<Text>\u001b[39m\n                        \u001b[0mEn Çok Satılan\u001b[0m\n                      \u001b[36m</Text>\u001b[39m\n                    \u001b[36m</View>\u001b[39m\n                  \u001b[36m</View>\u001b[39m\n                \u001b[36m</RCTScrollView>\u001b[39m\n              \u001b[36m</View>\u001b[39m\n            \u001b[36m</View>\u001b[39m\n          \u001b[36m</View>\u001b[39m\n          \u001b[36m<View>\u001b[39m\n            \u001b[36m<FontAwesome />\u001b[39m\n            \u001b[36m<Text>\u001b[39m\n              \u001b[0mÜrün Bulunamadı\u001b[0m\n            \u001b[36m</Text>\u001b[39m\n            \u001b[36m<Text>\u001b[39m\n              \u001b[0mArama kriterlerinize uygun ürün bulunamadı.\u001b[0m\n            \u001b[36m</Text>\u001b[39m\n          \u001b[36m</View>\u001b[39m\n        \u001b[36m</View>\u001b[39m\n      \u001b[36m</RCTScrollView>\u001b[39m\n    \u001b[36m</RCTSafeAreaView>\u001b[39m\n\u001b[2m\u001b[22m\n\u001b[2m    \u001b[0m \u001b[90m 144 |\u001b[39m\u001b[22m\n\u001b[2m     \u001b[90m 145 |\u001b[39m         \u001b[90m// Initial order is based on mockProducts: Buzdolabı, Çamaşır Makinesi\u001b[39m\u001b[22m\n\u001b[2m    \u001b[31m\u001b[1m>\u001b[22m\u001b[2m\u001b[39m\u001b[90m 146 |\u001b[39m         \u001b[36mlet\u001b[39m cards \u001b[33m=\u001b[39m \u001b[36mawait\u001b[39m findAllByTestId(\u001b[32m'product-card'\u001b[39m)\u001b[33m;\u001b[39m\u001b[22m\n\u001b[2m     \u001b[90m     |\u001b[39m                           \u001b[31m\u001b[1m^\u001b[22m\u001b[2m\u001b[39m\u001b[22m\n\u001b[2m     \u001b[90m 147 |\u001b[39m         expect(cards[\u001b[35m0\u001b[39m]\u001b[33m.\u001b[39mprops\u001b[33m.\u001b[39mchildren)\u001b[33m.\u001b[39mtoBe(\u001b[32m'Buzdolabı'\u001b[39m)\u001b[33m;\u001b[39m\u001b[22m\n\u001b[2m     \u001b[90m 148 |\u001b[39m\u001b[22m\n\u001b[2m     \u001b[90m 149 |\u001b[39m         \u001b[36mconst\u001b[39m sortReviewsChip \u001b[33m=\u001b[39m getByText(\u001b[32m'En Çok Değerlendirilen'\u001b[39m)\u001b[33m;\u001b[39m\u001b[0m\u001b[22m\n\u001b[2m\u001b[22m\n\u001b[2m      \u001b[2mat Object.findAllByTestId (\u001b[22m\u001b[2m\u001b[0m\u001b[36m__tests__/dashboard.test.tsx\u001b[39m\u001b[0m\u001b[2m:146:27)\u001b[22m\u001b[2m\u001b[22m\n\u001b[2m      \u001b[2mat asyncGeneratorStep (\u001b[22m\u001b[2mnode_modules/@babel/runtime/helpers/asyncToGenerator.js\u001b[2m:3:17)\u001b[22m\u001b[2m\u001b[22m\n\u001b[2m      \u001b[2mat _next (\u001b[22m\u001b[2mnode_modules/@babel/runtime/helpers/asyncToGenerator.js\u001b[2m:17:9)\u001b[22m\u001b[2m\u001b[22m\n\n\u001b[1m\u001b[31m  \u001b[1m● \u001b[22m\u001b[1mHomeScreen (Dashboard) Tests › searches for a product via TextInput\u001b[39m\u001b[22m\n\n    \u001b[2mexpect(\u001b[22m\u001b[31mjest.fn()\u001b[39m\u001b[2m).\u001b[22mtoHaveBeenCalledWith\u001b[2m(\u001b[22m\u001b[32m...expected\u001b[39m\u001b[2m)\u001b[22m\n\n    Expected: \u001b[32m\"/api/v1/products/?page_size=50&search=F%C4%B1r%C4%B1n\"\u001b[39m\n\n    Number of calls: \u001b[31m0\u001b[39m\n\u001b[2m\u001b[22m\n\u001b[2m    \u001b[0m \u001b[90m 170 |\u001b[39m         fireEvent\u001b[33m.\u001b[39mchangeText(searchInput\u001b[33m,\u001b[39m \u001b[32m'Fırın'\u001b[39m)\u001b[33m;\u001b[39m\u001b[22m\n\u001b[2m     \u001b[90m 171 |\u001b[39m\u001b[22m\n\u001b[2m    \u001b[31m\u001b[1m>\u001b[22m\u001b[2m\u001b[39m\u001b[90m 172 |\u001b[39m         \u001b[36mawait\u001b[39m waitFor(() \u001b[33m=>\u001b[39m {\u001b[22m\n\u001b[2m     \u001b[90m     |\u001b[39m                      \u001b[31m\u001b[1m^\u001b[22m\u001b[2m\u001b[39m\u001b[22m\n\u001b[2m     \u001b[90m 173 |\u001b[39m             \u001b[90m// API call made\u001b[39m\u001b[22m\n\u001b[2m     \u001b[90m 174 |\u001b[39m             expect(api\u001b[33m.\u001b[39m\u001b[36mget\u001b[39m)\u001b[33m.\u001b[39mtoHaveBeenCalledWith(\u001b[32m'/api/v1/products/?page_size=50&search=F%C4%B1r%C4%B1n'\u001b[39m)\u001b[33m;\u001b[39m\u001b[22m\n\u001b[2m     \u001b[90m 175 |\u001b[39m             expect(getByText(\u001b[32m'Arama: \"Fırın\"'\u001b[39m))\u001b[33m.\u001b[39mtoBeTruthy()\u001b[33m;\u001b[39m\u001b[0m\u001b[22m\n\u001b[2m\u001b[22m\n\u001b[2m      \u001b[2mat Object.<anonymous> (\u001b[22m\u001b[2m\u001b[0m\u001b[36m__tests__/dashboard.test.tsx\u001b[39m\u001b[0m\u001b[2m:172:22)\u001b[22m\u001b[2m\u001b[22m\n\u001b[2m      \u001b[2mat asyncGeneratorStep (\u001b[22m\u001b[2mnode_modules/@babel/runtime/helpers/asyncToGenerator.js\u001b[2m:3:17)\u001b[22m\u001b[2m\u001b[22m\n\u001b[2m      \u001b[2mat _next (\u001b[22m\u001b[2mnode_modules/@babel/runtime/helpers/asyncToGenerator.js\u001b[2m:17:9)\u001b[22m\u001b[2m\u001b[22m\n","name":"C:\\Users\\faruk\\OneDrive\\Masaüstü\\remzi2\\BekoSIRS_Frontend\\__tests__\\dashboard.test.tsx","startTime":1772671874301,"status":"failed","summary":""}],"wasInterrupted":false}
