{"numFailedTestSuites":1,"numFailedTests":5,"numPassedTestSuites":13,"numPassedTests":59,"numPendingTestSuites":0,"numPendingTests":0,"numRuntimeErrorTestSuites":0,"numTodoTests":0,"numTotalTestSuites":14,"numTotalTests":64,"openHandles":[],"snapshot":{"added":0,"didUpdate":false,"failure":false,"filesAdded":0,"filesRemoved":0,"filesRemovedList":[],"filesUnmatched":0,"filesUpdated":0,"matched":0,"total":0,"unchecked":0,"uncheckedKeysByFile":[],"unmatched":0,"updated":0},"startTime":1772672204576,"success":false,"testResults":[{"assertionResults":[{"ancestorTitles":["RegisterScreen UI Tests"],"duration":1387,"failureDetails":[],"failureMessages":[],"fullName":"RegisterScreen UI Tests renders all input fields correctly","invocations":1,"location":null,"numPassingAsserts":8,"retryReasons":[],"status":"passed","title":"renders all input fields correctly"},{"ancestorTitles":["RegisterScreen UI Tests"],"duration":25,"failureDetails":[],"failureMessages":[],"fullName":"RegisterScreen UI Tests shows error alert if required fields are missing","invocations":1,"location":null,"numPassingAsserts":1,"retryReasons":[],"status":"passed","title":"shows error alert if required fields are missing"},{"ancestorTitles":["RegisterScreen UI Tests"],"duration":162,"failureDetails":[],"failureMessages":[],"fullName":"RegisterScreen UI Tests calls API and shows success alert on valid input","invocations":1,"location":null,"numPassingAsserts":3,"retryReasons":[],"status":"passed","title":"calls API and shows success alert on valid input"}],"endTime":1772672212789,"message":"","name":"C:\\Users\\faruk\\OneDrive\\Masaüstü\\remzi2\\BekoSIRS_Frontend\\__tests__\\register.test.tsx","startTime":1772672207824,"status":"passed","summary":""},{"assertionResults":[{"ancestorTitles":["HomeScreen (Dashboard) Tests"],"duration":20,"failureDetails":[{}],"failureMessages":["TypeError: Cannot read properties of undefined (reading 'getPopularProducts')\n    at Object.getPopularProducts (C:\\Users\\faruk\\OneDrive\\Masaüstü\\remzi2\\BekoSIRS_Frontend\\__tests__\\dashboard.test.tsx:76:21)\n    at Promise.then.completed (C:\\Users\\faruk\\OneDrive\\Masaüstü\\remzi2\\BekoSIRS_Frontend\\node_modules\\jest-circus\\build\\utils.js:298:28)\n    at new Promise (<anonymous>)\n    at callAsyncCircusFn (C:\\Users\\faruk\\OneDrive\\Masaüstü\\remzi2\\BekoSIRS_Frontend\\node_modules\\jest-circus\\build\\utils.js:231:10)\n    at _callCircusHook (C:\\Users\\faruk\\OneDrive\\Masaüstü\\remzi2\\BekoSIRS_Frontend\\node_modules\\jest-circus\\build\\run.js:281:40)\n    at processTicksAndRejections (node:internal/process/task_queues:105:5)\n    at _runTest (C:\\Users\\faruk\\OneDrive\\Masaüstü\\remzi2\\BekoSIRS_Frontend\\node_modules\\jest-circus\\build\\run.js:246:5)\n    at _runTestsForDescribeBlock (C:\\Users\\faruk\\OneDrive\\Masaüstü\\remzi2\\BekoSIRS_Frontend\\node_modules\\jest-circus\\build\\run.js:126:9)\n    at _runTestsForDescribeBlock (C:\\Users\\faruk\\OneDrive\\Masaüstü\\remzi2\\BekoSIRS_Frontend\\node_modules\\jest-circus\\build\\run.js:121:9)\n    at run (C:\\Users\\faruk\\OneDrive\\Masaüstü\\remzi2\\BekoSIRS_Frontend\\node_modules\\jest-circus\\build\\run.js:71:3)\n    at runAndTransformResultsToJestFormat (C:\\Users\\faruk\\OneDrive\\Masaüstü\\remzi2\\BekoSIRS_Frontend\\node_modules\\jest-circus\\build\\legacy-code-todo-rewrite\\jestAdapterInit.js:122:21)\n    at jestAdapter (C:\\Users\\faruk\\OneDrive\\Masaüstü\\remzi2\\BekoSIRS_Frontend\\node_modules\\jest-circus\\build\\legacy-code-todo-rewrite\\jestAdapter.js:79:19)\n    at runTestInternal (C:\\Users\\faruk\\OneDrive\\Masaüstü\\remzi2\\BekoSIRS_Frontend\\node_modules\\jest-runner\\build\\runTest.js:367:16)\n    at runTest (C:\\Users\\faruk\\OneDrive\\Masaüstü\\remzi2\\BekoSIRS_Frontend\\node_modules\\jest-runner\\build\\runTest.js:444:34)\n    at Object.worker (C:\\Users\\faruk\\OneDrive\\Masaüstü\\remzi2\\BekoSIRS_Frontend\\node_modules\\jest-runner\\build\\testWorker.js:106:12)"],"fullName":"HomeScreen (Dashboard) Tests renders loading state initially","invocations":1,"location":null,"numPassingAsserts":0,"retryReasons":[],"status":"failed","title":"renders loading state initially"},{"ancestorTitles":["HomeScreen (Dashboard) Tests"],"duration":24,"failureDetails":[{}],"failureMessages":["TypeError: Cannot read properties of undefined (reading 'getPopularProducts')\n    at Object.getPopularProducts (C:\\Users\\faruk\\OneDrive\\Masaüstü\\remzi2\\BekoSIRS_Frontend\\__tests__\\dashboard.test.tsx:76:21)\n    at Promise.then.completed (C:\\Users\\faruk\\OneDrive\\Masaüstü\\remzi2\\BekoSIRS_Frontend\\node_modules\\jest-circus\\build\\utils.js:298:28)\n    at new Promise (<anonymous>)\n    at callAsyncCircusFn (C:\\Users\\faruk\\OneDrive\\Masaüstü\\remzi2\\BekoSIRS_Frontend\\node_modules\\jest-circus\\build\\utils.js:231:10)\n    at _callCircusHook (C:\\Users\\faruk\\OneDrive\\Masaüstü\\remzi2\\BekoSIRS_Frontend\\node_modules\\jest-circus\\build\\run.js:281:40)\n    at _runTest (C:\\Users\\faruk\\OneDrive\\Masaüstü\\remzi2\\BekoSIRS_Frontend\\node_modules\\jest-circus\\build\\run.js:246:5)\n    at _runTestsForDescribeBlock (C:\\Users\\faruk\\OneDrive\\Masaüstü\\remzi2\\BekoSIRS_Frontend\\node_modules\\jest-circus\\build\\run.js:126:9)\n    at _runTestsForDescribeBlock (C:\\Users\\faruk\\OneDrive\\Masaüstü\\remzi2\\BekoSIRS_Frontend\\node_modules\\jest-circus\\build\\run.js:121:9)\n    at run (C:\\Users\\faruk\\OneDrive\\Masaüstü\\remzi2\\BekoSIRS_Frontend\\node_modules\\jest-circus\\build\\run.js:71:3)\n    at runAndTransformResultsToJestFormat (C:\\Users\\faruk\\OneDrive\\Masaüstü\\remzi2\\BekoSIRS_Frontend\\node_modules\\jest-circus\\build\\legacy-code-todo-rewrite\\jestAdapterInit.js:122:21)\n    at jestAdapter (C:\\Users\\faruk\\OneDrive\\Masaüstü\\remzi2\\BekoSIRS_Frontend\\node_modules\\jest-circus\\build\\legacy-code-todo-rewrite\\jestAdapter.js:79:19)\n    at runTestInternal (C:\\Users\\faruk\\OneDrive\\Masaüstü\\remzi2\\BekoSIRS_Frontend\\node_modules\\jest-runner\\build\\runTest.js:367:16)\n    at runTest (C:\\Users\\faruk\\OneDrive\\Masaüstü\\remzi2\\BekoSIRS_Frontend\\node_modules\\jest-runner\\build\\runTest.js:444:34)\n    at Object.worker (C:\\Users\\faruk\\OneDrive\\Masaüstü\\remzi2\\BekoSIRS_Frontend\\node_modules\\jest-runner\\build\\testWorker.js:106:12)"],"fullName":"HomeScreen (Dashboard) Tests renders dashboard with products, categories, and popular products","invocations":1,"location":null,"numPassingAsserts":0,"retryReasons":[],"status":"failed","title":"renders dashboard with products, categories, and popular products"},{"ancestorTitles":["HomeScreen (Dashboard) Tests"],"duration":21,"failureDetails":[{}],"failureMessages":["TypeError: Cannot read properties of undefined (reading 'getPopularProducts')\n    at Object.getPopularProducts (C:\\Users\\faruk\\OneDrive\\Masaüstü\\remzi2\\BekoSIRS_Frontend\\__tests__\\dashboard.test.tsx:76:21)\n    at Promise.then.completed (C:\\Users\\faruk\\OneDrive\\Masaüstü\\remzi2\\BekoSIRS_Frontend\\node_modules\\jest-circus\\build\\utils.js:298:28)\n    at new Promise (<anonymous>)\n    at callAsyncCircusFn (C:\\Users\\faruk\\OneDrive\\Masaüstü\\remzi2\\BekoSIRS_Frontend\\node_modules\\jest-circus\\build\\utils.js:231:10)\n    at _callCircusHook (C:\\Users\\faruk\\OneDrive\\Masaüstü\\remzi2\\BekoSIRS_Frontend\\node_modules\\jest-circus\\build\\run.js:281:40)\n    at _runTest (C:\\Users\\faruk\\OneDrive\\Masaüstü\\remzi2\\BekoSIRS_Frontend\\node_modules\\jest-circus\\build\\run.js:246:5)\n    at _runTestsForDescribeBlock (C:\\Users\\faruk\\OneDrive\\Masaüstü\\remzi2\\BekoSIRS_Frontend\\node_modules\\jest-circus\\build\\run.js:126:9)\n    at _runTestsForDescribeBlock (C:\\Users\\faruk\\OneDrive\\Masaüstü\\remzi2\\BekoSIRS_Frontend\\node_modules\\jest-circus\\build\\run.js:121:9)\n    at run (C:\\Users\\faruk\\OneDrive\\Masaüstü\\remzi2\\BekoSIRS_Frontend\\node_modules\\jest-circus\\build\\run.js:71:3)\n    at runAndTransformResultsToJestFormat (C:\\Users\\faruk\\OneDrive\\Masaüstü\\remzi2\\BekoSIRS_Frontend\\node_modules\\jest-circus\\build\\legacy-code-todo-rewrite\\jestAdapterInit.js:122:21)\n    at jestAdapter (C:\\Users\\faruk\\OneDrive\\Masaüstü\\remzi2\\BekoSIRS_Frontend\\node_modules\\jest-circus\\build\\legacy-code-todo-rewrite\\jestAdapter.js:79:19)\n    at runTestInternal (C:\\Users\\faruk\\OneDrive\\Masaüstü\\remzi2\\BekoSIRS_Frontend\\node_modules\\jest-runner\\build\\runTest.js:367:16)\n    at runTest (C:\\Users\\faruk\\OneDrive\\Masaüstü\\remzi2\\BekoSIRS_Frontend\\node_modules\\jest-runner\\build\\runTest.js:444:34)\n    at Object.worker (C:\\Users\\faruk\\OneDrive\\Masaüstü\\remzi2\\BekoSIRS_Frontend\\node_modules\\jest-runner\\build\\testWorker.js:106:12)"],"fullName":"HomeScreen (Dashboard) Tests filters by category chip press","invocations":1,"location":null,"numPassingAsserts":0,"retryReasons":[],"status":"failed","title":"filters by category chip press"},{"ancestorTitles":["HomeScreen (Dashboard) Tests"],"duration":1,"failureDetails":[{}],"failureMessages":["TypeError: Cannot read properties of undefined (reading 'getPopularProducts')\n    at Object.getPopularProducts (C:\\Users\\faruk\\OneDrive\\Masaüstü\\remzi2\\BekoSIRS_Frontend\\__tests__\\dashboard.test.tsx:76:21)\n    at Promise.then.completed (C:\\Users\\faruk\\OneDrive\\Masaüstü\\remzi2\\BekoSIRS_Frontend\\node_modules\\jest-circus\\build\\utils.js:298:28)\n    at new Promise (<anonymous>)\n    at callAsyncCircusFn (C:\\Users\\faruk\\OneDrive\\Masaüstü\\remzi2\\BekoSIRS_Frontend\\node_modules\\jest-circus\\build\\utils.js:231:10)\n    at _callCircusHook (C:\\Users\\faruk\\OneDrive\\Masaüstü\\remzi2\\BekoSIRS_Frontend\\node_modules\\jest-circus\\build\\run.js:281:40)\n    at _runTest (C:\\Users\\faruk\\OneDrive\\Masaüstü\\remzi2\\BekoSIRS_Frontend\\node_modules\\jest-circus\\build\\run.js:246:5)\n    at _runTestsForDescribeBlock (C:\\Users\\faruk\\OneDrive\\Masaüstü\\remzi2\\BekoSIRS_Frontend\\node_modules\\jest-circus\\build\\run.js:126:9)\n    at _runTestsForDescribeBlock (C:\\Users\\faruk\\OneDrive\\Masaüstü\\remzi2\\BekoSIRS_Frontend\\node_modules\\jest-circus\\build\\run.js:121:9)\n    at run (C:\\Users\\faruk\\OneDrive\\Masaüstü\\remzi2\\BekoSIRS_Frontend\\node_modules\\jest-circus\\build\\run.js:71:3)\n    at runAndTransformResultsToJestFormat (C:\\Users\\faruk\\OneDrive\\Masaüstü\\remzi2\\BekoSIRS_Frontend\\node_modules\\jest-circus\\build\\legacy-code-todo-rewrite\\jestAdapterInit.js:122:21)\n    at jestAdapter (C:\\Users\\faruk\\OneDrive\\Masaüstü\\remzi2\\BekoSIRS_Frontend\\node_modules\\jest-circus\\build\\legacy-code-todo-rewrite\\jestAdapter.js:79:19)\n    at runTestInternal (C:\\Users\\faruk\\OneDrive\\Masaüstü\\remzi2\\BekoSIRS_Frontend\\node_modules\\jest-runner\\build\\runTest.js:367:16)\n    at runTest (C:\\Users\\faruk\\OneDrive\\Masaüstü\\remzi2\\BekoSIRS_Frontend\\node_modules\\jest-runner\\build\\runTest.js:444:34)\n    at Object.worker (C:\\Users\\faruk\\OneDrive\\Masaüstü\\remzi2\\BekoSIRS_Frontend\\node_modules\\jest-runner\\build\\testWorker.js:106:12)"],"fullName":"HomeScreen (Dashboard) Tests sorts the product list based on sort chips","invocations":1,"location":null,"numPassingAsserts":0,"retryReasons":[],"status":"failed","title":"sorts the product list based on sort chips"},{"ancestorTitles":["HomeScreen (Dashboard) Tests"],"duration":1,"failureDetails":[{}],"failureMessages":["TypeError: Cannot read properties of undefined (reading 'getPopularProducts')\n    at Object.getPopularProducts (C:\\Users\\faruk\\OneDrive\\Masaüstü\\remzi2\\BekoSIRS_Frontend\\__tests__\\dashboard.test.tsx:76:21)\n    at Promise.then.completed (C:\\Users\\faruk\\OneDrive\\Masaüstü\\remzi2\\BekoSIRS_Frontend\\node_modules\\jest-circus\\build\\utils.js:298:28)\n    at new Promise (<anonymous>)\n    at callAsyncCircusFn (C:\\Users\\faruk\\OneDrive\\Masaüstü\\remzi2\\BekoSIRS_Frontend\\node_modules\\jest-circus\\build\\utils.js:231:10)\n    at _callCircusHook (C:\\Users\\faruk\\OneDrive\\Masaüstü\\remzi2\\BekoSIRS_Frontend\\node_modules\\jest-circus\\build\\run.js:281:40)\n    at _runTest (C:\\Users\\faruk\\OneDrive\\Masaüstü\\remzi2\\BekoSIRS_Frontend\\node_modules\\jest-circus\\build\\run.js:246:5)\n    at _runTestsForDescribeBlock (C:\\Users\\faruk\\OneDrive\\Masaüstü\\remzi2\\BekoSIRS_Frontend\\node_modules\\jest-circus\\build\\run.js:126:9)\n    at _runTestsForDescribeBlock (C:\\Users\\faruk\\OneDrive\\Masaüstü\\remzi2\\BekoSIRS_Frontend\\node_modules\\jest-circus\\build\\run.js:121:9)\n    at run (C:\\Users\\faruk\\OneDrive\\Masaüstü\\remzi2\\BekoSIRS_Frontend\\node_modules\\jest-circus\\build\\run.js:71:3)\n    at runAndTransformResultsToJestFormat (C:\\Users\\faruk\\OneDrive\\Masaüstü\\remzi2\\BekoSIRS_Frontend\\node_modules\\jest-circus\\build\\legacy-code-todo-rewrite\\jestAdapterInit.js:122:21)\n    at jestAdapter (C:\\Users\\faruk\\OneDrive\\Masaüstü\\remzi2\\BekoSIRS_Frontend\\node_modules\\jest-circus\\build\\legacy-code-todo-rewrite\\jestAdapter.js:79:19)\n    at runTestInternal (C:\\Users\\faruk\\OneDrive\\Masaüstü\\remzi2\\BekoSIRS_Frontend\\node_modules\\jest-runner\\build\\runTest.js:367:16)\n    at runTest (C:\\Users\\faruk\\OneDrive\\Masaüstü\\remzi2\\BekoSIRS_Frontend\\node_modules\\jest-runner\\build\\runTest.js:444:34)\n    at Object.worker (C:\\Users\\faruk\\OneDrive\\Masaüstü\\remzi2\\BekoSIRS_Frontend\\node_modules\\jest-runner\\build\\testWorker.js:106:12)"],"fullName":"HomeScreen (Dashboard) Tests searches for a product via TextInput","invocations":1,"location":null,"numPassingAsserts":0,"retryReasons":[],"status":"failed","title":"searches for a product via TextInput"}],"endTime":1772672213066,"message":"\u001b[1m\u001b[31m  \u001b[1m● \u001b[22m\u001b[1mHomeScreen (Dashboard) Tests › renders loading state initially\u001b[39m\u001b[22m\n\n    TypeError: Cannot read properties of undefined (reading 'getPopularProducts')\n\u001b[2m\u001b[22m\n\u001b[2m    \u001b[0m \u001b[90m 74 |\u001b[39m         })\u001b[33m;\u001b[39m\u001b[22m\n\u001b[2m     \u001b[90m 75 |\u001b[39m\u001b[22m\n\u001b[2m    \u001b[31m\u001b[1m>\u001b[22m\u001b[2m\u001b[39m\u001b[90m 76 |\u001b[39m         (productAPI\u001b[33m.\u001b[39mgetPopularProducts \u001b[36mas\u001b[39m jest\u001b[33m.\u001b[39m\u001b[33mMock\u001b[39m)\u001b[33m.\u001b[39mmockResolvedValue({\u001b[22m\n\u001b[2m     \u001b[90m    |\u001b[39m                     \u001b[31m\u001b[1m^\u001b[22m\u001b[2m\u001b[39m\u001b[22m\n\u001b[2m     \u001b[90m 77 |\u001b[39m             data\u001b[33m:\u001b[39m { results\u001b[33m:\u001b[39m mockPopularProducts }\u001b[22m\n\u001b[2m     \u001b[90m 78 |\u001b[39m         })\u001b[33m;\u001b[39m\u001b[22m\n\u001b[2m     \u001b[90m 79 |\u001b[39m\u001b[0m\u001b[22m\n\u001b[2m\u001b[22m\n\u001b[2m      \u001b[2mat Object.getPopularProducts (\u001b[22m\u001b[2m\u001b[0m\u001b[36m__tests__/dashboard.test.tsx\u001b[39m\u001b[0m\u001b[2m:76:21)\u001b[22m\u001b[2m\u001b[22m\n\n\u001b[1m\u001b[31m  \u001b[1m● \u001b[22m\u001b[1mHomeScreen (Dashboard) Tests › renders dashboard with products, categories, and popular products\u001b[39m\u001b[22m\n\n    TypeError: Cannot read properties of undefined (reading 'getPopularProducts')\n\u001b[2m\u001b[22m\n\u001b[2m    \u001b[0m \u001b[90m 74 |\u001b[39m         })\u001b[33m;\u001b[39m\u001b[22m\n\u001b[2m     \u001b[90m 75 |\u001b[39m\u001b[22m\n\u001b[2m    \u001b[31m\u001b[1m>\u001b[22m\u001b[2m\u001b[39m\u001b[90m 76 |\u001b[39m         (productAPI\u001b[33m.\u001b[39mgetPopularProducts \u001b[36mas\u001b[39m jest\u001b[33m.\u001b[39m\u001b[33mMock\u001b[39m)\u001b[33m.\u001b[39mmockResolvedValue({\u001b[22m\n\u001b[2m     \u001b[90m    |\u001b[39m                     \u001b[31m\u001b[1m^\u001b[22m\u001b[2m\u001b[39m\u001b[22m\n\u001b[2m     \u001b[90m 77 |\u001b[39m             data\u001b[33m:\u001b[39m { results\u001b[33m:\u001b[39m mockPopularProducts }\u001b[22m\n\u001b[2m     \u001b[90m 78 |\u001b[39m         })\u001b[33m;\u001b[39m\u001b[22m\n\u001b[2m     \u001b[90m 79 |\u001b[39m\u001b[0m\u001b[22m\n\u001b[2m\u001b[22m\n\u001b[2m      \u001b[2mat Object.getPopularProducts (\u001b[22m\u001b[2m\u001b[0m\u001b[36m__tests__/dashboard.test.tsx\u001b[39m\u001b[0m\u001b[2m:76:21)\u001b[22m\u001b[2m\u001b[22m\n\n\u001b[1m\u001b[31m  \u001b[1m● \u001b[22m\u001b[1mHomeScreen (Dashboard) Tests › filters by category chip press\u001b[39m\u001b[22m\n\n    TypeError: Cannot read properties of undefined (reading 'getPopularProducts')\n\u001b[2m\u001b[22m\n\u001b[2m    \u001b[0m \u001b[90m 74 |\u001b[39m         })\u001b[33m;\u001b[39m\u001b[22m\n\u001b[2m     \u001b[90m 75 |\u001b[39m\u001b[22m\n\u001b[2m    \u001b[31m\u001b[1m>\u001b[22m\u001b[2m\u001b[39m\u001b[90m 76 |\u001b[39m         (productAPI\u001b[33m.\u001b[39mgetPopularProducts \u001b[36mas\u001b[39m jest\u001b[33m.\u001b[39m\u001b[33mMock\u001b[39m)\u001b[33m.\u001b[39mmockResolvedValue({\u001b[22m\n\u001b[2m     \u001b[90m    |\u001b[39m                     \u001b[31m\u001b[1m^\u001b[22m\u001b[2m\u001b[39m\u001b[22m\n\u001b[2m     \u001b[90m 77 |\u001b[39m             data\u001b[33m:\u001b[39m { results\u001b[33m:\u001b[39m mockPopularProducts }\u001b[22m\n\u001b[2m     \u001b[90m 78 |\u001b[39m         })\u001b[33m;\u001b[39m\u001b[22m\n\u001b[2m     \u001b[90m 79 |\u001b[39m\u001b[0m\u001b[22m\n\u001b[2m\u001b[22m\n\u001b[2m      \u001b[2mat Object.getPopularProducts (\u001b[22m\u001b[2m\u001b[0m\u001b[36m__tests__/dashboard.test.tsx\u001b[39m\u001b[0m\u001b[2m:76:21)\u001b[22m\u001b[2m\u001b[22m\n\n\u001b[1m\u001b[31m  \u001b[1m● \u001b[22m\u001b[1mHomeScreen (Dashboard) Tests › sorts the product list based on sort chips\u001b[39m\u001b[22m\n\n    TypeError: Cannot read properties of undefined (reading 'getPopularProducts')\n\u001b[2m\u001b[22m\n\u001b[2m    \u001b[0m \u001b[90m 74 |\u001b[39m         })\u001b[33m;\u001b[39m\u001b[22m\n\u001b[2m     \u001b[90m 75 |\u001b[39m\u001b[22m\n\u001b[2m    \u001b[31m\u001b[1m>\u001b[22m\u001b[2m\u001b[39m\u001b[90m 76 |\u001b[39m         (productAPI\u001b[33m.\u001b[39mgetPopularProducts \u001b[36mas\u001b[39m jest\u001b[33m.\u001b[39m\u001b[33mMock\u001b[39m)\u001b[33m.\u001b[39mmockResolvedValue({\u001b[22m\n\u001b[2m     \u001b[90m    |\u001b[39m                     \u001b[31m\u001b[1m^\u001b[22m\u001b[2m\u001b[39m\u001b[22m\n\u001b[2m     \u001b[90m 77 |\u001b[39m             data\u001b[33m:\u001b[39m { results\u001b[33m:\u001b[39m mockPopularProducts }\u001b[22m\n\u001b[2m     \u001b[90m 78 |\u001b[39m         })\u001b[33m;\u001b[39m\u001b[22m\n\u001b[2m     \u001b[90m 79 |\u001b[39m\u001b[0m\u001b[22m\n\u001b[2m\u001b[22m\n\u001b[2m      \u001b[2mat Object.getPopularProducts (\u001b[22m\u001b[2m\u001b[0m\u001b[36m__tests__/dashboard.test.tsx\u001b[39m\u001b[0m\u001b[2m:76:21)\u001b[22m\u001b[2m\u001b[22m\n\n\u001b[1m\u001b[31m  \u001b[1m● \u001b[22m\u001b[1mHomeScreen (Dashboard) Tests › searches for a product via TextInput\u001b[39m\u001b[22m\n\n    TypeError: Cannot read properties of undefined (reading 'getPopularProducts')\n\u001b[2m\u001b[22m\n\u001b[2m    \u001b[0m \u001b[90m 74 |\u001b[39m         })\u001b[33m;\u001b[39m\u001b[22m\n\u001b[2m     \u001b[90m 75 |\u001b[39m\u001b[22m\n\u001b[2m    \u001b[31m\u001b[1m>\u001b[22m\u001b[2m\u001b[39m\u001b[90m 76 |\u001b[39m         (productAPI\u001b[33m.\u001b[39mgetPopularProducts \u001b[36mas\u001b[39m jest\u001b[33m.\u001b[39m\u001b[33mMock\u001b[39m)\u001b[33m.\u001b[39mmockResolvedValue({\u001b[22m\n\u001b[2m     \u001b[90m    |\u001b[39m                     \u001b[31m\u001b[1m^\u001b[22m\u001b[2m\u001b[39m\u001b[22m\n\u001b[2m     \u001b[90m 77 |\u001b[39m             data\u001b[33m:\u001b[39m { results\u001b[33m:\u001b[39m mockPopularProducts }\u001b[22m\n\u001b[2m     \u001b[90m 78 |\u001b[39m         })\u001b[33m;\u001b[39m\u001b[22m\n\u001b[2m     \u001b[90m 79 |\u001b[39m\u001b[0m\u001b[22m\n\u001b[2m\u001b[22m\n\u001b[2m      \u001b[2mat Object.getPopularProducts (\u001b[22m\u001b[2m\u001b[0m\u001b[36m__tests__/dashboard.test.tsx\u001b[39m\u001b[0m\u001b[2m:76:21)\u001b[22m\u001b[2m\u001b[22m\n","name":"C:\\Users\\faruk\\OneDrive\\Masaüstü\\remzi2\\BekoSIRS_Frontend\\__tests__\\dashboard.test.tsx","startTime":1772672207830,"status":"failed","summary":""},{"assertionResults":[{"ancestorTitles":["NotificationsScreen Tests"],"duration":421,"failureDetails":[],"failureMessages":[],"fullName":"NotificationsScreen Tests renders loading indicator initially","invocations":1,"location":null,"numPassingAsserts":1,"retryReasons":[],"status":"passed","title":"renders loading indicator initially"},{"ancestorTitles":["NotificationsScreen Tests"],"duration":1529,"failureDetails":[],"failureMessages":[],"fullName":"NotificationsScreen Tests renders notifications and unread badge correctly","invocations":1,"location":null,"numPassingAsserts":8,"retryReasons":[],"status":"passed","title":"renders notifications and unread badge correctly"},{"ancestorTitles":["NotificationsScreen Tests"],"duration":172,"failureDetails":[],"failureMessages":[],"fullName":"NotificationsScreen Tests marks a notification as read when pressed","invocations":1,"location":null,"numPassingAsserts":2,"retryReasons":[],"status":"passed","title":"marks a notification as read when pressed"},{"ancestorTitles":["NotificationsScreen Tests"],"duration":55,"failureDetails":[],"failureMessages":[],"fullName":"NotificationsScreen Tests opens settings and toggles a setting","invocations":1,"location":null,"numPassingAsserts":1,"retryReasons":[],"status":"passed","title":"opens settings and toggles a setting"},{"ancestorTitles":["NotificationsScreen Tests"],"duration":69,"failureDetails":[],"failureMessages":[],"fullName":"NotificationsScreen Tests renders empty state when there are no notifications","invocations":1,"location":null,"numPassingAsserts":2,"retryReasons":[],"status":"passed","title":"renders empty state when there are no notifications"}],"endTime":1772672213453,"message":"","name":"C:\\Users\\faruk\\OneDrive\\Masaüstü\\remzi2\\BekoSIRS_Frontend\\__tests__\\notifications.test.tsx","startTime":1772672207919,"status":"passed","summary":""},{"assertionResults":[{"ancestorTitles":["MyProductsScreen Tests"],"duration":560,"failureDetails":[],"failureMessages":[],"fullName":"MyProductsScreen Tests renders loading state initially","invocations":1,"location":null,"numPassingAsserts":1,"retryReasons":[],"status":"passed","title":"renders loading state initially"},{"ancestorTitles":["MyProductsScreen Tests"],"duration":1433,"failureDetails":[],"failureMessages":[],"fullName":"MyProductsScreen Tests renders both ownerships and assignments correctly","invocations":1,"location":null,"numPassingAsserts":8,"retryReasons":[],"status":"passed","title":"renders both ownerships and assignments correctly"},{"ancestorTitles":["MyProductsScreen Tests"],"duration":98,"failureDetails":[],"failureMessages":[],"fullName":"MyProductsScreen Tests navigates to product details when clicking detail button on ownership","invocations":1,"location":null,"numPassingAsserts":2,"retryReasons":[],"status":"passed","title":"navigates to product details when clicking detail button on ownership"},{"ancestorTitles":["MyProductsScreen Tests"],"duration":69,"failureDetails":[],"failureMessages":[],"fullName":"MyProductsScreen Tests navigates to service requests with correct params when service request button is clicked","invocations":1,"location":null,"numPassingAsserts":2,"retryReasons":[],"status":"passed","title":"navigates to service requests with correct params when service request button is clicked"},{"ancestorTitles":["MyProductsScreen Tests"],"duration":72,"failureDetails":[],"failureMessages":[],"fullName":"MyProductsScreen Tests renders empty state when no products found","invocations":1,"location":null,"numPassingAsserts":3,"retryReasons":[],"status":"passed","title":"renders empty state when no products found"},{"ancestorTitles":["MyProductsScreen Tests"],"duration":91,"failureDetails":[],"failureMessages":[],"fullName":"MyProductsScreen Tests handles API errors gracefully and displays empty state","invocations":1,"location":null,"numPassingAsserts":1,"retryReasons":[],"status":"passed","title":"handles API errors gracefully and displays empty state"}],"endTime":1772672213539,"message":"","name":"C:\\Users\\faruk\\OneDrive\\Masaüstü\\remzi2\\BekoSIRS_Frontend\\__tests__\\my-products.test.tsx","startTime":1772672207852,"status":"passed","summary":""},{"assertionResults":[{"ancestorTitles":["RecommendationsScreen Tests"],"duration":370,"failureDetails":[],"failureMessages":[],"fullName":"RecommendationsScreen Tests renders loading indicator initially","invocations":1,"location":null,"numPassingAsserts":1,"retryReasons":[],"status":"passed","title":"renders loading indicator initially"},{"ancestorTitles":["RecommendationsScreen Tests"],"duration":1760,"failureDetails":[],"failureMessages":[],"fullName":"RecommendationsScreen Tests renders recommendations correctly","invocations":1,"location":null,"numPassingAsserts":11,"retryReasons":[],"status":"passed","title":"renders recommendations correctly"},{"ancestorTitles":["RecommendationsScreen Tests"],"duration":308,"failureDetails":[],"failureMessages":[],"fullName":"RecommendationsScreen Tests handles \"Add to Wishlist\" successfully","invocations":1,"location":null,"numPassingAsserts":6,"retryReasons":[],"status":"passed","title":"handles \"Add to Wishlist\" successfully"},{"ancestorTitles":["RecommendationsScreen Tests"],"duration":86,"failureDetails":[],"failureMessages":[],"fullName":"RecommendationsScreen Tests navigates to product detail on card click","invocations":1,"location":null,"numPassingAsserts":2,"retryReasons":[],"status":"passed","title":"navigates to product detail on card click"},{"ancestorTitles":["RecommendationsScreen Tests"],"duration":74,"failureDetails":[],"failureMessages":[],"fullName":"RecommendationsScreen Tests renders empty state when no recommendations exist","invocations":1,"location":null,"numPassingAsserts":2,"retryReasons":[],"status":"passed","title":"renders empty state when no recommendations exist"}],"endTime":1772672213785,"message":"","name":"C:\\Users\\faruk\\OneDrive\\Masaüstü\\remzi2\\BekoSIRS_Frontend\\__tests__\\recommendations.test.tsx","startTime":1772672207879,"status":"passed","summary":""},{"assertionResults":[{"ancestorTitles":["ForgotPasswordScreen UI Tests"],"duration":1877,"failureDetails":[],"failureMessages":[],"fullName":"ForgotPasswordScreen UI Tests renders all essential UI components","invocations":1,"location":null,"numPassingAsserts":4,"retryReasons":[],"status":"passed","title":"renders all essential UI components"},{"ancestorTitles":["ForgotPasswordScreen UI Tests"],"duration":21,"failureDetails":[],"failureMessages":[],"fullName":"ForgotPasswordScreen UI Tests shows error alert if email is empty","invocations":1,"location":null,"numPassingAsserts":1,"retryReasons":[],"status":"passed","title":"shows error alert if email is empty"},{"ancestorTitles":["ForgotPasswordScreen UI Tests"],"duration":69,"failureDetails":[],"failureMessages":[],"fullName":"ForgotPasswordScreen UI Tests shows error alert if email format is invalid","invocations":1,"location":null,"numPassingAsserts":1,"retryReasons":[],"status":"passed","title":"shows error alert if email format is invalid"},{"ancestorTitles":["ForgotPasswordScreen UI Tests"],"duration":613,"failureDetails":[],"failureMessages":[],"fullName":"ForgotPasswordScreen UI Tests calls API and shows success alert on valid email input","invocations":1,"location":null,"numPassingAsserts":3,"retryReasons":[],"status":"passed","title":"calls API and shows success alert on valid email input"}],"endTime":1772672213857,"message":"","name":"C:\\Users\\faruk\\OneDrive\\Masaüstü\\remzi2\\BekoSIRS_Frontend\\__tests__\\forgot-password.test.tsx","startTime":1772672207914,"status":"passed","summary":""},{"assertionResults":[{"ancestorTitles":["ProductsScreen UI and Logic Tests"],"duration":174,"failureDetails":[],"failureMessages":[],"fullName":"ProductsScreen UI and Logic Tests renders loading state initially","invocations":1,"location":null,"numPassingAsserts":1,"retryReasons":[],"status":"passed","title":"renders loading state initially"},{"ancestorTitles":["ProductsScreen UI and Logic Tests"],"duration":1598,"failureDetails":[],"failureMessages":[],"fullName":"ProductsScreen UI and Logic Tests renders products list after successful API call","invocations":1,"location":null,"numPassingAsserts":4,"retryReasons":[],"status":"passed","title":"renders products list after successful API call"},{"ancestorTitles":["ProductsScreen UI and Logic Tests"],"duration":86,"failureDetails":[],"failureMessages":[],"fullName":"ProductsScreen UI and Logic Tests filters products based on search query","invocations":1,"location":null,"numPassingAsserts":4,"retryReasons":[],"status":"passed","title":"filters products based on search query"},{"ancestorTitles":["ProductsScreen UI and Logic Tests"],"duration":126,"failureDetails":[],"failureMessages":[],"fullName":"ProductsScreen UI and Logic Tests shows empty container if search yields no results","invocations":1,"location":null,"numPassingAsserts":3,"retryReasons":[],"status":"passed","title":"shows empty container if search yields no results"},{"ancestorTitles":["ProductsScreen UI and Logic Tests"],"duration":69,"failureDetails":[],"failureMessages":[],"fullName":"ProductsScreen UI and Logic Tests shows error alert if API call fails","invocations":1,"location":null,"numPassingAsserts":1,"retryReasons":[],"status":"passed","title":"shows error alert if API call fails"}],"endTime":1772672213813,"message":"","name":"C:\\Users\\faruk\\OneDrive\\Masaüstü\\remzi2\\BekoSIRS_Frontend\\__tests__\\products.test.tsx","startTime":1772672207786,"status":"passed","summary":""},{"assertionResults":[{"ancestorTitles":["SettingsScreen Tests"],"duration":2237,"failureDetails":[],"failureMessages":[],"fullName":"SettingsScreen Tests renders security tab by default and shows biometric options","invocations":1,"location":null,"numPassingAsserts":6,"retryReasons":[],"status":"passed","title":"renders security tab by default and shows biometric options"},{"ancestorTitles":["SettingsScreen Tests"],"duration":211,"failureDetails":[],"failureMessages":[],"fullName":"SettingsScreen Tests switches to password tab and renders form","invocations":1,"location":null,"numPassingAsserts":5,"retryReasons":[],"status":"passed","title":"switches to password tab and renders form"},{"ancestorTitles":["SettingsScreen Tests"],"duration":436,"failureDetails":[],"failureMessages":[],"fullName":"SettingsScreen Tests handles password change validation and submit","invocations":1,"location":null,"numPassingAsserts":5,"retryReasons":[],"status":"passed","title":"handles password change validation and submit"},{"ancestorTitles":["SettingsScreen Tests"],"duration":135,"failureDetails":[],"failureMessages":[],"fullName":"SettingsScreen Tests switches to email tab and handles email change","invocations":1,"location":null,"numPassingAsserts":4,"retryReasons":[],"status":"passed","title":"switches to email tab and handles email change"},{"ancestorTitles":["SettingsScreen Tests"],"duration":110,"failureDetails":[],"failureMessages":[],"fullName":"SettingsScreen Tests handles logout process","invocations":1,"location":null,"numPassingAsserts":1,"retryReasons":[],"status":"passed","title":"handles logout process"}],"endTime":1772672214332,"message":"","name":"C:\\Users\\faruk\\OneDrive\\Masaüstü\\remzi2\\BekoSIRS_Frontend\\__tests__\\settings.test.tsx","startTime":1772672207798,"status":"passed","summary":""},{"assertionResults":[{"ancestorTitles":["ServiceRequestsScreen Tests"],"duration":331,"failureDetails":[],"failureMessages":[],"fullName":"ServiceRequestsScreen Tests renders loading indicator initially","invocations":1,"location":null,"numPassingAsserts":1,"retryReasons":[],"status":"passed","title":"renders loading indicator initially"},{"ancestorTitles":["ServiceRequestsScreen Tests"],"duration":2730,"failureDetails":[],"failureMessages":[],"fullName":"ServiceRequestsScreen Tests renders service requests list correctly","invocations":1,"location":null,"numPassingAsserts":15,"retryReasons":[],"status":"passed","title":"renders service requests list correctly"},{"ancestorTitles":["ServiceRequestsScreen Tests"],"duration":123,"failureDetails":[],"failureMessages":[],"fullName":"ServiceRequestsScreen Tests opens new request modal when \"Yeni Talep\" is clicked","invocations":1,"location":null,"numPassingAsserts":4,"retryReasons":[],"status":"passed","title":"opens new request modal when \"Yeni Talep\" is clicked"},{"ancestorTitles":["ServiceRequestsScreen Tests"],"duration":68,"failureDetails":[],"failureMessages":[],"fullName":"ServiceRequestsScreen Tests handles empty states correctly","invocations":1,"location":null,"numPassingAsserts":2,"retryReasons":[],"status":"passed","title":"handles empty states correctly"}],"endTime":1772672214467,"message":"","name":"C:\\Users\\faruk\\OneDrive\\Masaüstü\\remzi2\\BekoSIRS_Frontend\\__tests__\\service-requests.test.tsx","startTime":1772672207781,"status":"passed","summary":""},{"assertionResults":[{"ancestorTitles":["ProfileScreen Tests"],"duration":298,"failureDetails":[],"failureMessages":[],"fullName":"ProfileScreen Tests renders loading indicator initially","invocations":1,"location":null,"numPassingAsserts":1,"retryReasons":[],"status":"passed","title":"renders loading indicator initially"},{"ancestorTitles":["ProfileScreen Tests"],"duration":12,"failureDetails":[],"failureMessages":[],"fullName":"ProfileScreen Tests redirects to login if not authenticated","invocations":1,"location":null,"numPassingAsserts":1,"retryReasons":[],"status":"passed","title":"redirects to login if not authenticated"},{"ancestorTitles":["ProfileScreen Tests"],"duration":2173,"failureDetails":[],"failureMessages":[],"fullName":"ProfileScreen Tests renders user profile information correctly","invocations":1,"location":null,"numPassingAsserts":8,"retryReasons":[],"status":"passed","title":"renders user profile information correctly"},{"ancestorTitles":["ProfileScreen Tests"],"duration":456,"failureDetails":[],"failureMessages":[],"fullName":"ProfileScreen Tests toggles edit mode and saves profile changes","invocations":1,"location":null,"numPassingAsserts":7,"retryReasons":[],"status":"passed","title":"toggles edit mode and saves profile changes"},{"ancestorTitles":["ProfileScreen Tests"],"duration":349,"failureDetails":[],"failureMessages":[],"fullName":"ProfileScreen Tests validates new passwords correctly when changing password","invocations":1,"location":null,"numPassingAsserts":5,"retryReasons":[],"status":"passed","title":"validates new passwords correctly when changing password"},{"ancestorTitles":["ProfileScreen Tests"],"duration":72,"failureDetails":[],"failureMessages":[],"fullName":"ProfileScreen Tests triggers logout with confirmation","invocations":1,"location":null,"numPassingAsserts":3,"retryReasons":[],"status":"passed","title":"triggers logout with confirmation"}],"endTime":1772672214584,"message":"","name":"C:\\Users\\faruk\\OneDrive\\Masaüstü\\remzi2\\BekoSIRS_Frontend\\__tests__\\profile.test.tsx","startTime":1772672207862,"status":"passed","summary":""},{"assertionResults":[{"ancestorTitles":["ProductDetailScreen Tests"],"duration":381,"failureDetails":[],"failureMessages":[],"fullName":"ProductDetailScreen Tests renders loading state initially","invocations":1,"location":null,"numPassingAsserts":1,"retryReasons":[],"status":"passed","title":"renders loading state initially"},{"ancestorTitles":["ProductDetailScreen Tests"],"duration":2489,"failureDetails":[],"failureMessages":[],"fullName":"ProductDetailScreen Tests renders product details correctly after data fetch","invocations":1,"location":null,"numPassingAsserts":5,"retryReasons":[],"status":"passed","title":"renders product details correctly after data fetch"},{"ancestorTitles":["ProductDetailScreen Tests"],"duration":280,"failureDetails":[],"failureMessages":[],"fullName":"ProductDetailScreen Tests handles wishlist toggle correctly","invocations":1,"location":null,"numPassingAsserts":5,"retryReasons":[],"status":"passed","title":"handles wishlist toggle correctly"},{"ancestorTitles":["ProductDetailScreen Tests"],"duration":61,"failureDetails":[],"failureMessages":[],"fullName":"ProductDetailScreen Tests shows service request button only for owned products","invocations":1,"location":null,"numPassingAsserts":2,"retryReasons":[],"status":"passed","title":"shows service request button only for owned products"},{"ancestorTitles":["ProductDetailScreen Tests"],"duration":100,"failureDetails":[],"failureMessages":[],"fullName":"ProductDetailScreen Tests allows user to submit a review if owned","invocations":1,"location":null,"numPassingAsserts":3,"retryReasons":[],"status":"passed","title":"allows user to submit a review if owned"}],"endTime":1772672214586,"message":"","name":"C:\\Users\\faruk\\OneDrive\\Masaüstü\\remzi2\\BekoSIRS_Frontend\\__tests__\\productDetail.test.tsx","startTime":1772672207770,"status":"passed","summary":""},{"assertionResults":[{"ancestorTitles":["WishlistScreen Tests"],"duration":24,"failureDetails":[],"failureMessages":[],"fullName":"WishlistScreen Tests renders loading indicator initially","invocations":1,"location":null,"numPassingAsserts":1,"retryReasons":[],"status":"passed","title":"renders loading indicator initially"},{"ancestorTitles":["WishlistScreen Tests"],"duration":326,"failureDetails":[],"failureMessages":[],"fullName":"WishlistScreen Tests renders wishlist items and stock statuses correctly","invocations":1,"location":null,"numPassingAsserts":7,"retryReasons":[],"status":"passed","title":"renders wishlist items and stock statuses correctly"},{"ancestorTitles":["WishlistScreen Tests"],"duration":63,"failureDetails":[],"failureMessages":[],"fullName":"WishlistScreen Tests handles item removal with confirmation alert","invocations":1,"location":null,"numPassingAsserts":1,"retryReasons":[],"status":"passed","title":"handles item removal with confirmation alert"},{"ancestorTitles":["WishlistScreen Tests"],"duration":65,"failureDetails":[],"failureMessages":[],"fullName":"WishlistScreen Tests renders empty state when list is empty","invocations":1,"location":null,"numPassingAsserts":3,"retryReasons":[],"status":"passed","title":"renders empty state when list is empty"}],"endTime":1772672214624,"message":"","name":"C:\\Users\\faruk\\OneDrive\\Masaüstü\\remzi2\\BekoSIRS_Frontend\\__tests__\\wishlist.test.tsx","startTime":1772672213640,"status":"passed","summary":""},{"assertionResults":[{"ancestorTitles":["LoginScreen UI Tests"],"duration":882,"failureDetails":[],"failureMessages":[],"fullName":"LoginScreen UI Tests renders correctly with all inputs and buttons","invocations":1,"location":null,"numPassingAsserts":5,"retryReasons":[],"status":"passed","title":"renders correctly with all inputs and buttons"},{"ancestorTitles":["LoginScreen UI Tests"],"duration":173,"failureDetails":[],"failureMessages":[],"fullName":"LoginScreen UI Tests allows user to type in username and password fields","invocations":1,"location":null,"numPassingAsserts":2,"retryReasons":[],"status":"passed","title":"allows user to type in username and password fields"}],"endTime":1772672214729,"message":"","name":"C:\\Users\\faruk\\OneDrive\\Masaüstü\\remzi2\\BekoSIRS_Frontend\\__tests__\\login.test.tsx","startTime":1772672212917,"status":"passed","summary":""},{"assertionResults":[{"ancestorTitles":["PaymentsScreen Tests"],"duration":116,"failureDetails":[],"failureMessages":[],"fullName":"PaymentsScreen Tests renders loading indicator initially","invocations":1,"location":null,"numPassingAsserts":1,"retryReasons":[],"status":"passed","title":"renders loading indicator initially"},{"ancestorTitles":["PaymentsScreen Tests"],"duration":911,"failureDetails":[],"failureMessages":[],"fullName":"PaymentsScreen Tests renders payment plans correctly","invocations":1,"location":null,"numPassingAsserts":8,"retryReasons":[],"status":"passed","title":"renders payment plans correctly"},{"ancestorTitles":["PaymentsScreen Tests"],"duration":141,"failureDetails":[],"failureMessages":[],"fullName":"PaymentsScreen Tests fetches and displays installments when a plan is clicked","invocations":1,"location":null,"numPassingAsserts":7,"retryReasons":[],"status":"passed","title":"fetches and displays installments when a plan is clicked"},{"ancestorTitles":["PaymentsScreen Tests"],"duration":180,"failureDetails":[],"failureMessages":[],"fullName":"PaymentsScreen Tests handles payment confirmation correctly","invocations":1,"location":null,"numPassingAsserts":5,"retryReasons":[],"status":"passed","title":"handles payment confirmation correctly"},{"ancestorTitles":["PaymentsScreen Tests"],"duration":63,"failureDetails":[],"failureMessages":[],"fullName":"PaymentsScreen Tests renders empty state when no plans exist","invocations":1,"location":null,"numPassingAsserts":2,"retryReasons":[],"status":"passed","title":"renders empty state when no plans exist"}],"endTime":1772672215273,"message":"","name":"C:\\Users\\faruk\\OneDrive\\Masaüstü\\remzi2\\BekoSIRS_Frontend\\__tests__\\payments.test.tsx","startTime":1772672213176,"status":"passed","summary":""}],"wasInterrupted":false}
