{"numFailedTestSuites":1,"numFailedTests":1,"numPassedTestSuites":0,"numPassedTests":4,"numPendingTestSuites":0,"numPendingTests":0,"numRuntimeErrorTestSuites":0,"numTodoTests":0,"numTotalTestSuites":1,"numTotalTests":5,"openHandles":[],"snapshot":{"added":0,"didUpdate":false,"failure":false,"filesAdded":0,"filesRemoved":0,"filesRemovedList":[],"filesUnmatched":0,"filesUpdated":0,"matched":0,"total":0,"unchecked":0,"uncheckedKeysByFile":[],"unmatched":0,"updated":0},"startTime":1772555754763,"success":false,"testResults":[{"assertionResults":[{"ancestorTitles":["ProductDetailScreen Tests"],"duration":122,"failureDetails":[{"matcherResult":{"message":"\u001b[2mexpect(\u001b[22m\u001b[31mreceived\u001b[39m\u001b[2m).\u001b[22mnot\u001b[2m.\u001b[22mtoThrow\u001b[2m()\u001b[22m\n\nError name:    \u001b[31m\"TypeError\"\u001b[39m\nError message: \u001b[31m\"getByType is not a function\"\u001b[39m\n\n    \u001b[0m \u001b[90m 72 |\u001b[39m\n     \u001b[90m 73 |\u001b[39m         \u001b[90m// We check for the activity indicator\u001b[39m\n    \u001b[31m\u001b[1m>\u001b[22m\u001b[39m\u001b[90m 74 |\u001b[39m         expect(() \u001b[33m=>\u001b[39m getByType(\u001b[32m'ActivityIndicator'\u001b[39m))\u001b[33m.\u001b[39mnot\u001b[33m.\u001b[39mtoThrow()\u001b[33m;\u001b[39m\n     \u001b[90m    |\u001b[39m                      \u001b[31m\u001b[1m^\u001b[22m\u001b[39m\n     \u001b[90m 75 |\u001b[39m     })\u001b[33m;\u001b[39m\n     \u001b[90m 76 |\u001b[39m\n     \u001b[90m 77 |\u001b[39m     it(\u001b[32m'renders product details correctly after data fetch'\u001b[39m\u001b[33m,\u001b[39m \u001b[36masync\u001b[39m () \u001b[33m=>\u001b[39m {\u001b[0m\n\n      \u001b[2mat getByType (\u001b[22m__tests__/productDetail.test.tsx\u001b[2m:74:22)\u001b[22m\n      \u001b[2mat Object.<anonymous> (\u001b[22mnode_modules/@jest/expect/node_modules/expect/build/toThrowMatchers.js\u001b[2m:74:11)\u001b[22m\n      \u001b[2mat Object.throwingMatcher [as toThrow] (\u001b[22mnode_modules/@jest/expect/node_modules/expect/build/index.js\u001b[2m:320:21)\u001b[22m\n      \u001b[2mat Object.toThrow (\u001b[22m__tests__/productDetail.test.tsx\u001b[2m:74:58)\u001b[22m","pass":true}}],"failureMessages":["Error: \u001b[2mexpect(\u001b[22m\u001b[31mreceived\u001b[39m\u001b[2m).\u001b[22mnot\u001b[2m.\u001b[22mtoThrow\u001b[2m()\u001b[22m\n\nError name:    \u001b[31m\"TypeError\"\u001b[39m\nError message: \u001b[31m\"getByType is not a function\"\u001b[39m\n\n    \u001b[0m \u001b[90m 72 |\u001b[39m\n     \u001b[90m 73 |\u001b[39m         \u001b[90m// We check for the activity indicator\u001b[39m\n    \u001b[31m\u001b[1m>\u001b[22m\u001b[39m\u001b[90m 74 |\u001b[39m         expect(() \u001b[33m=>\u001b[39m getByType(\u001b[32m'ActivityIndicator'\u001b[39m))\u001b[33m.\u001b[39mnot\u001b[33m.\u001b[39mtoThrow()\u001b[33m;\u001b[39m\n     \u001b[90m    |\u001b[39m                      \u001b[31m\u001b[1m^\u001b[22m\u001b[39m\n     \u001b[90m 75 |\u001b[39m     })\u001b[33m;\u001b[39m\n     \u001b[90m 76 |\u001b[39m\n     \u001b[90m 77 |\u001b[39m     it(\u001b[32m'renders product details correctly after data fetch'\u001b[39m\u001b[33m,\u001b[39m \u001b[36masync\u001b[39m () \u001b[33m=>\u001b[39m {\u001b[0m\n\n      \u001b[2mat getByType (\u001b[22m__tests__/productDetail.test.tsx\u001b[2m:74:22)\u001b[22m\n      \u001b[2mat Object.<anonymous> (\u001b[22mnode_modules/@jest/expect/node_modules/expect/build/toThrowMatchers.js\u001b[2m:74:11)\u001b[22m\n      \u001b[2mat Object.throwingMatcher [as toThrow] (\u001b[22mnode_modules/@jest/expect/node_modules/expect/build/index.js\u001b[2m:320:21)\u001b[22m\n      \u001b[2mat Object.toThrow (\u001b[22m__tests__/productDetail.test.tsx\u001b[2m:74:58)\u001b[22m\n    at Object.toThrow (D:\\BekoSIRS\\BekoSIRS_Frontend\\__tests__\\productDetail.test.tsx:74:58)\n    at Promise.then.completed (D:\\BekoSIRS\\BekoSIRS_Frontend\\node_modules\\jest-circus\\build\\utils.js:298:28)\n    at new Promise (<anonymous>)\n    at callAsyncCircusFn (D:\\BekoSIRS\\BekoSIRS_Frontend\\node_modules\\jest-circus\\build\\utils.js:231:10)\n    at _callCircusTest (D:\\BekoSIRS\\BekoSIRS_Frontend\\node_modules\\jest-circus\\build\\run.js:316:40)\n    at _runTest (D:\\BekoSIRS\\BekoSIRS_Frontend\\node_modules\\jest-circus\\build\\run.js:252:3)\n    at _runTestsForDescribeBlock (D:\\BekoSIRS\\BekoSIRS_Frontend\\node_modules\\jest-circus\\build\\run.js:126:9)\n    at _runTestsForDescribeBlock (D:\\BekoSIRS\\BekoSIRS_Frontend\\node_modules\\jest-circus\\build\\run.js:121:9)\n    at run (D:\\BekoSIRS\\BekoSIRS_Frontend\\node_modules\\jest-circus\\build\\run.js:71:3)\n    at runAndTransformResultsToJestFormat (D:\\BekoSIRS\\BekoSIRS_Frontend\\node_modules\\jest-circus\\build\\legacy-code-todo-rewrite\\jestAdapterInit.js:122:21)\n    at jestAdapter (D:\\BekoSIRS\\BekoSIRS_Frontend\\node_modules\\jest-circus\\build\\legacy-code-todo-rewrite\\jestAdapter.js:79:19)\n    at runTestInternal (D:\\BekoSIRS\\BekoSIRS_Frontend\\node_modules\\jest-runner\\build\\runTest.js:367:16)\n    at runTest (D:\\BekoSIRS\\BekoSIRS_Frontend\\node_modules\\jest-runner\\build\\runTest.js:444:34)"],"fullName":"ProductDetailScreen Tests renders loading state initially","invocations":1,"location":null,"numPassingAsserts":0,"retryReasons":[],"status":"failed","title":"renders loading state initially"},{"ancestorTitles":["ProductDetailScreen Tests"],"duration":409,"failureDetails":[],"failureMessages":[],"fullName":"ProductDetailScreen Tests renders product details correctly after data fetch","invocations":1,"location":null,"numPassingAsserts":5,"retryReasons":[],"status":"passed","title":"renders product details correctly after data fetch"},{"ancestorTitles":["ProductDetailScreen Tests"],"duration":181,"failureDetails":[],"failureMessages":[],"fullName":"ProductDetailScreen Tests handles wishlist toggle correctly","invocations":1,"location":null,"numPassingAsserts":5,"retryReasons":[],"status":"passed","title":"handles wishlist toggle correctly"},{"ancestorTitles":["ProductDetailScreen Tests"],"duration":59,"failureDetails":[],"failureMessages":[],"fullName":"ProductDetailScreen Tests shows service request button only for owned products","invocations":1,"location":null,"numPassingAsserts":2,"retryReasons":[],"status":"passed","title":"shows service request button only for owned products"},{"ancestorTitles":["ProductDetailScreen Tests"],"duration":68,"failureDetails":[],"failureMessages":[],"fullName":"ProductDetailScreen Tests allows user to submit a review if owned","invocations":1,"location":null,"numPassingAsserts":3,"retryReasons":[],"status":"passed","title":"allows user to submit a review if owned"}],"endTime":1772555756685,"message":"\u001b[1m\u001b[31m  \u001b[1m● \u001b[22m\u001b[1mProductDetailScreen Tests › renders loading state initially\u001b[39m\u001b[22m\n\n    \u001b[2mexpect(\u001b[22m\u001b[31mreceived\u001b[39m\u001b[2m).\u001b[22mnot\u001b[2m.\u001b[22mtoThrow\u001b[2m()\u001b[22m\n\n    Error name:    \u001b[31m\"TypeError\"\u001b[39m\n    Error message: \u001b[31m\"getByType is not a function\"\u001b[39m\n\n        \u001b[0m \u001b[90m 72 |\u001b[39m\n         \u001b[90m 73 |\u001b[39m         \u001b[90m// We check for the activity indicator\u001b[39m\n        \u001b[31m\u001b[1m>\u001b[22m\u001b[39m\u001b[90m 74 |\u001b[39m         expect(() \u001b[33m=>\u001b[39m getByType(\u001b[32m'ActivityIndicator'\u001b[39m))\u001b[33m.\u001b[39mnot\u001b[33m.\u001b[39mtoThrow()\u001b[33m;\u001b[39m\n         \u001b[90m    |\u001b[39m                      \u001b[31m\u001b[1m^\u001b[22m\u001b[39m\n         \u001b[90m 75 |\u001b[39m     })\u001b[33m;\u001b[39m\n         \u001b[90m 76 |\u001b[39m\n         \u001b[90m 77 |\u001b[39m     it(\u001b[32m'renders product details correctly after data fetch'\u001b[39m\u001b[33m,\u001b[39m \u001b[36masync\u001b[39m () \u001b[33m=>\u001b[39m {\u001b[0m\n\n          \u001b[2mat getByType (\u001b[22m__tests__/productDetail.test.tsx\u001b[2m:74:22)\u001b[22m\n          \u001b[2mat Object.<anonymous> (\u001b[22mnode_modules/@jest/expect/node_modules/expect/build/toThrowMatchers.js\u001b[2m:74:11)\u001b[22m\n          \u001b[2mat Object.throwingMatcher [as toThrow] (\u001b[22mnode_modules/@jest/expect/node_modules/expect/build/index.js\u001b[2m:320:21)\u001b[22m\n          \u001b[2mat Object.toThrow (\u001b[22m__tests__/productDetail.test.tsx\u001b[2m:74:58)\u001b[22m\n\u001b[2m\u001b[22m\n\u001b[2m    \u001b[0m \u001b[90m 72 |\u001b[39m\u001b[22m\n\u001b[2m     \u001b[90m 73 |\u001b[39m         \u001b[90m// We check for the activity indicator\u001b[39m\u001b[22m\n\u001b[2m    \u001b[31m\u001b[1m>\u001b[22m\u001b[2m\u001b[39m\u001b[90m 74 |\u001b[39m         expect(() \u001b[33m=>\u001b[39m getByType(\u001b[32m'ActivityIndicator'\u001b[39m))\u001b[33m.\u001b[39mnot\u001b[33m.\u001b[39mtoThrow()\u001b[33m;\u001b[39m\u001b[22m\n\u001b[2m     \u001b[90m    |\u001b[39m                                                          \u001b[31m\u001b[1m^\u001b[22m\u001b[2m\u001b[39m\u001b[22m\n\u001b[2m     \u001b[90m 75 |\u001b[39m     })\u001b[33m;\u001b[39m\u001b[22m\n\u001b[2m     \u001b[90m 76 |\u001b[39m\u001b[22m\n\u001b[2m     \u001b[90m 77 |\u001b[39m     it(\u001b[32m'renders product details correctly after data fetch'\u001b[39m\u001b[33m,\u001b[39m \u001b[36masync\u001b[39m () \u001b[33m=>\u001b[39m {\u001b[0m\u001b[22m\n\u001b[2m\u001b[22m\n\u001b[2m      \u001b[2mat Object.toThrow (\u001b[22m\u001b[2m\u001b[0m\u001b[36m__tests__/productDetail.test.tsx\u001b[39m\u001b[0m\u001b[2m:74:58)\u001b[22m\u001b[2m\u001b[22m\n","name":"D:\\BekoSIRS\\BekoSIRS_Frontend\\__tests__\\productDetail.test.tsx","startTime":1772555755151,"status":"failed","summary":""}],"wasInterrupted":false}
